Assembler report for Fibonacci_number_generator
Fri Mar 04 14:17:54 2022
Quartus Prime Version 18.1.0 Build 625 09/12/2018 SJ Lite Edition


---------------------
; Table of Contents ;
---------------------
  1. Legal Notice
  2. Assembler Summary
  3. Assembler Settings
  4. Assembler Generated Files
  5. Assembler Device Options: C:/Users/Morten/Desktop/P8 - VHDL code/LFSR_/output_files/Fibonacci_number_generator.sof
  6. Assembler Messages



----------------
; Legal Notice ;
----------------
Copyright (C) 2018  Intel Corporation. All rights reserved.
Your use of Intel Corporation's design tools, logic functions 
and other software and tools, and its AMPP partner logic 
functions, and any output files from any of the foregoing 
(including device programming or simulation files), and any 
associated documentation or information are expressly subject 
to the terms and conditions of the Intel Program License 
Subscription Agreement, the Intel Quartus Prime License Agreement,
the Intel FPGA IP License Agreement, or other applicable license
agreement, including, without limitation, that your use is for
the sole purpose of programming logic devices manufactured by
Intel and sold by Intel or its authorized distributors.  Please
refer to the applicable agreement for further details.



+---------------------------------------------------------------+
; Assembler Summary                                             ;
+-----------------------+---------------------------------------+
; Assembler Status      ; Successful - Fri Mar 04 14:17:54 2022 ;
; Revision Name         ; Fibonacci_number_generator            ;
; Top-level Entity Name ; Fibonacci_number_generator            ;
; Family                ; Cyclone V                             ;
; Device                ; 5CGXFC7C7F23C8                        ;
+-----------------------+---------------------------------------+


+----------------------------------+
; Assembler Settings               ;
+--------+---------+---------------+
; Option ; Setting ; Default Value ;
+--------+---------+---------------+


+------------------------------------------------------------------------------------------+
; Assembler Generated Files                                                                ;
+------------------------------------------------------------------------------------------+
; File Name                                                                                ;
+------------------------------------------------------------------------------------------+
; C:/Users/Morten/Desktop/P8 - VHDL code/LFSR_/output_files/Fibonacci_number_generator.sof ;
+------------------------------------------------------------------------------------------+


+--------------------------------------------------------------------------------------------------------------------+
; Assembler Device Options: C:/Users/Morten/Desktop/P8 - VHDL code/LFSR_/output_files/Fibonacci_number_generator.sof ;
+----------------+---------------------------------------------------------------------------------------------------+
; Option         ; Setting                                                                                           ;
+----------------+---------------------------------------------------------------------------------------------------+
; JTAG usercode  ; 0x00EC3A4D                                                                                        ;
; Checksum       ; 0x00EC3A4D                                                                                        ;
+----------------+---------------------------------------------------------------------------------------------------+


+--------------------+
; Assembler Messages ;
+--------------------+
Info: *******************************************************************
Info: Running Quartus Prime Assembler
    Info: Version 18.1.0 Build 625 09/12/2018 SJ Lite Edition
    Info: Processing started: Fri Mar 04 14:17:45 2022
Info: Command: quartus_asm --read_settings_files=off --write_settings_files=off Fibonacci_number_generator -c Fibonacci_number_generator
Warning (18236): Number of processors has not been specified which may cause overloading on shared machines.  Set the global assignment NUM_PARALLEL_PROCESSORS in your QSF to an appropriate value for best performance.
Info (115030): Assembler is generating device programming files
Info: Quartus Prime Assembler was successful. 0 errors, 1 warning
    Info: Peak virtual memory: 4823 megabytes
    Info: Processing ended: Fri Mar 04 14:17:54 2022
    Info: Elapsed time: 00:00:09
    Info: Total CPU time (on all processors): 00:00:08


