Flow report for Wallace_speed
Tue May 17 18:26:26 2022
Quartus Prime Version 18.1.0 Build 625 09/12/2018 SJ Lite Edition


---------------------
; Table of Contents ;
---------------------
  1. Legal Notice
  2. Flow Summary
  3. Flow Settings
  4. Flow Non-Default Global Settings
  5. Flow Elapsed Time
  6. Flow OS Summary
  7. Flow Log
  8. Flow Messages
  9. Flow Suppressed Messages



----------------
; Legal Notice ;
----------------
Copyright (C) 2018  Intel Corporation. All rights reserved.
Your use of Intel Corporation's design tools, logic functions 
and other software and tools, and its AMPP partner logic 
functions, and any output files from any of the foregoing 
(including device programming or simulation files), and any 
associated documentation or information are expressly subject 
to the terms and conditions of the Intel Program License 
Subscription Agreement, the Intel Quartus Prime License Agreement,
the Intel FPGA IP License Agreement, or other applicable license
agreement, including, without limitation, that your use is for
the sole purpose of programming logic devices manufactured by
Intel and sold by Intel or its authorized distributors.  Please
refer to the applicable agreement for further details.



+----------------------------------------------------------------------------------+
; Flow Summary                                                                     ;
+------------------------------------+---------------------------------------------+
; Flow Status                        ; Successful - Tue May 17 18:26:23 2022       ;
; Quartus Prime Version              ; 18.1.0 Build 625 09/12/2018 SJ Lite Edition ;
; Revision Name                      ; Wallace_speed                               ;
; Top-level Entity Name              ; Wallace_speed_V2                            ;
; Family                             ; Cyclone IV E                                ;
; Device                             ; EP4CE115F29C7                               ;
; Timing Models                      ; Final                                       ;
; Total logic elements               ; 729 / 114,480 ( < 1 % )                     ;
;     Total combinational functions  ; 552 / 114,480 ( < 1 % )                     ;
;     Dedicated logic registers      ; 566 / 114,480 ( < 1 % )                     ;
; Total registers                    ; 566                                         ;
; Total pins                         ; 68 / 529 ( 13 % )                           ;
; Total virtual pins                 ; 0                                           ;
; Total memory bits                  ; 32,768 / 3,981,312 ( < 1 % )                ;
; Embedded Multiplier 9-bit elements ; 8 / 532 ( 2 % )                             ;
; Total PLLs                         ; 0 / 4 ( 0 % )                               ;
+------------------------------------+---------------------------------------------+


+-----------------------------------------+
; Flow Settings                           ;
+-------------------+---------------------+
; Option            ; Setting             ;
+-------------------+---------------------+
; Start date & time ; 05/17/2022 18:25:41 ;
; Main task         ; Compilation         ;
; Revision Name     ; Wallace_speed       ;
+-------------------+---------------------+


+------------------------------------------------------------------------------------------------------------------------------+
; Flow Non-Default Global Settings                                                                                             ;
+-------------------------------------+----------------------------------------+---------------+------------------+------------+
; Assignment Name                     ; Value                                  ; Default Value ; Entity Name      ; Section Id ;
+-------------------------------------+----------------------------------------+---------------+------------------+------------+
; COMPILER_SIGNATURE_ID               ; 128437433018357.165280474104352        ; --            ; --               ; --         ;
; MAX_CORE_JUNCTION_TEMP              ; 85                                     ; --            ; --               ; --         ;
; MIN_CORE_JUNCTION_TEMP              ; 0                                      ; --            ; --               ; --         ;
; MISC_FILE                           ; RAM_1.cmp                              ; --            ; --               ; --         ;
; MISC_FILE                           ; RAM_2.cmp                              ; --            ; --               ; --         ;
; NOMINAL_CORE_SUPPLY_VOLTAGE         ; 1.2V                                   ; --            ; --               ; --         ;
; PARTITION_COLOR                     ; -- (Not supported for targeted family) ; --            ; Wallace_speed_V2 ; Top        ;
; PARTITION_FITTER_PRESERVATION_LEVEL ; -- (Not supported for targeted family) ; --            ; Wallace_speed_V2 ; Top        ;
; PARTITION_NETLIST_TYPE              ; -- (Not supported for targeted family) ; --            ; Wallace_speed_V2 ; Top        ;
; POWER_BOARD_THERMAL_MODEL           ; None (CONSERVATIVE)                    ; --            ; --               ; --         ;
; POWER_PRESET_COOLING_SOLUTION       ; 23 MM HEAT SINK WITH 200 LFPM AIRFLOW  ; --            ; --               ; --         ;
; PROJECT_OUTPUT_DIRECTORY            ; output_files                           ; --            ; --               ; --         ;
; TOP_LEVEL_ENTITY                    ; Wallace_speed_V2                       ; Wallace_speed ; --               ; --         ;
+-------------------------------------+----------------------------------------+---------------+------------------+------------+


+--------------------------------------------------------------------------------------------------------------------------+
; Flow Elapsed Time                                                                                                        ;
+----------------------+--------------+-------------------------+---------------------+------------------------------------+
; Module Name          ; Elapsed Time ; Average Processors Used ; Peak Virtual Memory ; Total CPU Time (on all processors) ;
+----------------------+--------------+-------------------------+---------------------+------------------------------------+
; Analysis & Synthesis ; 00:00:17     ; 1.0                     ; 4818 MB             ; 00:00:27                           ;
; Fitter               ; 00:00:20     ; 1.0                     ; 5686 MB             ; 00:00:28                           ;
; Assembler            ; 00:00:04     ; 1.0                     ; 4681 MB             ; 00:00:03                           ;
; Timing Analyzer      ; 00:00:02     ; 1.1                     ; 4845 MB             ; 00:00:03                           ;
; Total                ; 00:00:43     ; --                      ; --                  ; 00:01:01                           ;
+----------------------+--------------+-------------------------+---------------------+------------------------------------+


+------------------------------------------------------------------------------------+
; Flow OS Summary                                                                    ;
+----------------------+------------------+------------+------------+----------------+
; Module Name          ; Machine Hostname ; OS Name    ; OS Version ; Processor type ;
+----------------------+------------------+------------+------------+----------------+
; Analysis & Synthesis ; DESKTOP-1ENLTR7  ; Windows 10 ; 10.0       ; x86_64         ;
; Fitter               ; DESKTOP-1ENLTR7  ; Windows 10 ; 10.0       ; x86_64         ;
; Assembler            ; DESKTOP-1ENLTR7  ; Windows 10 ; 10.0       ; x86_64         ;
; Timing Analyzer      ; DESKTOP-1ENLTR7  ; Windows 10 ; 10.0       ; x86_64         ;
+----------------------+------------------+------------+------------+----------------+


------------
; Flow Log ;
------------
quartus_map --read_settings_files=on --write_settings_files=off Wallace_speed_V2 -c Wallace_speed
quartus_fit --read_settings_files=off --write_settings_files=off Wallace_speed_V2 -c Wallace_speed
quartus_asm --read_settings_files=off --write_settings_files=off Wallace_speed_V2 -c Wallace_speed
quartus_sta Wallace_speed_V2 -c Wallace_speed



