Analysis & Synthesis report for Box_Muller
Mon Apr 11 16:37:19 2022
Quartus Prime Version 18.1.0 Build 625 09/12/2018 SJ Lite Edition


---------------------
; Table of Contents ;
---------------------
  1. Legal Notice
  2. Analysis & Synthesis Summary
  3. Analysis & Synthesis Settings
  4. Parallel Compilation
  5. Analysis & Synthesis Source Files Read
  6. Analysis & Synthesis Resource Usage Summary
  7. Analysis & Synthesis Resource Utilization by Entity
  8. General Register Statistics
  9. Post-Synthesis Netlist Statistics for Top Partition
 10. Elapsed Time Per Partition
 11. Analysis & Synthesis Messages



----------------
; Legal Notice ;
----------------
Copyright (C) 2018  Intel Corporation. All rights reserved.
Your use of Intel Corporation's design tools, logic functions 
and other software and tools, and its AMPP partner logic 
functions, and any output files from any of the foregoing 
(including device programming or simulation files), and any 
associated documentation or information are expressly subject 
to the terms and conditions of the Intel Program License 
Subscription Agreement, the Intel Quartus Prime License Agreement,
the Intel FPGA IP License Agreement, or other applicable license
agreement, including, without limitation, that your use is for
the sole purpose of programming logic devices manufactured by
Intel and sold by Intel or its authorized distributors.  Please
refer to the applicable agreement for further details.



+----------------------------------------------------------------------------------+
; Analysis & Synthesis Summary                                                     ;
+------------------------------------+---------------------------------------------+
; Analysis & Synthesis Status        ; Successful - Mon Apr 11 16:37:19 2022       ;
; Quartus Prime Version              ; 18.1.0 Build 625 09/12/2018 SJ Lite Edition ;
; Revision Name                      ; Box_Muller                                  ;
; Top-level Entity Name              ; LOD                                         ;
; Family                             ; Cyclone IV E                                ;
; Total logic elements               ; 0                                           ;
;     Total combinational functions  ; 0                                           ;
;     Dedicated logic registers      ; 0                                           ;
; Total registers                    ; 0                                           ;
; Total pins                         ; 96                                          ;
; Total virtual pins                 ; 0                                           ;
; Total memory bits                  ; 0                                           ;
; Embedded Multiplier 9-bit elements ; 0                                           ;
; Total PLLs                         ; 0                                           ;
+------------------------------------+---------------------------------------------+


+------------------------------------------------------------------------------------------------------------+
; Analysis & Synthesis Settings                                                                              ;
+------------------------------------------------------------------+--------------------+--------------------+
; Option                                                           ; Setting            ; Default Value      ;
+------------------------------------------------------------------+--------------------+--------------------+
; Device                                                           ; EP4CE115F29C7      ;                    ;
; Top-level entity name                                            ; LOD                ; Box_Muller         ;
; Family name                                                      ; Cyclone IV E       ; Cyclone V          ;
; Use smart compilation                                            ; Off                ; Off                ;
; Enable parallel Assembler and Timing Analyzer during compilation ; On                 ; On                 ;
; Enable compact report table                                      ; Off                ; Off                ;
; Restructure Multiplexers                                         ; Auto               ; Auto               ;
; Create Debugging Nodes for IP Cores                              ; Off                ; Off                ;
; Preserve fewer node names                                        ; On                 ; On                 ;
; Intel FPGA IP Evaluation Mode                                    ; Enable             ; Enable             ;
; Verilog Version                                                  ; Verilog_2001       ; Verilog_2001       ;
; VHDL Version                                                     ; VHDL_1993          ; VHDL_1993          ;
; State Machine Processing                                         ; Auto               ; Auto               ;
; Safe State Machine                                               ; Off                ; Off                ;
; Extract Verilog State Machines                                   ; On                 ; On                 ;
; Extract VHDL State Machines                                      ; On                 ; On                 ;
; Ignore Verilog initial constructs                                ; Off                ; Off                ;
; Iteration limit for constant Verilog loops                       ; 5000               ; 5000               ;
; Iteration limit for non-constant Verilog loops                   ; 250                ; 250                ;
; Add Pass-Through Logic to Inferred RAMs                          ; On                 ; On                 ;
; Infer RAMs from Raw Logic                                        ; On                 ; On                 ;
; Parallel Synthesis                                               ; On                 ; On                 ;
; DSP Block Balancing                                              ; Auto               ; Auto               ;
; NOT Gate Push-Back                                               ; On                 ; On                 ;
; Power-Up Don't Care                                              ; On                 ; On                 ;
; Remove Redundant Logic Cells                                     ; Off                ; Off                ;
; Remove Duplicate Registers                                       ; On                 ; On                 ;
; Ignore CARRY Buffers                                             ; Off                ; Off                ;
; Ignore CASCADE Buffers                                           ; Off                ; Off                ;
; Ignore GLOBAL Buffers                                            ; Off                ; Off                ;
; Ignore ROW GLOBAL Buffers                                        ; Off                ; Off                ;
; Ignore LCELL Buffers                                             ; Off                ; Off                ;
; Ignore SOFT Buffers                                              ; On                 ; On                 ;
; Limit AHDL Integers to 32 Bits                                   ; Off                ; Off                ;
; Optimization Technique                                           ; Balanced           ; Balanced           ;
; Carry Chain Length                                               ; 70                 ; 70                 ;
; Auto Carry Chains                                                ; On                 ; On                 ;
; Auto Open-Drain Pins                                             ; On                 ; On                 ;
; Perform WYSIWYG Primitive Resynthesis                            ; Off                ; Off                ;
; Auto ROM Replacement                                             ; On                 ; On                 ;
; Auto RAM Replacement                                             ; On                 ; On                 ;
; Auto DSP Block Replacement                                       ; On                 ; On                 ;
; Auto Shift Register Replacement                                  ; Auto               ; Auto               ;
; Allow Shift Register Merging across Hierarchies                  ; Auto               ; Auto               ;
; Auto Clock Enable Replacement                                    ; On                 ; On                 ;
; Strict RAM Replacement                                           ; Off                ; Off                ;
; Allow Synchronous Control Signals                                ; On                 ; On                 ;
; Force Use of Synchronous Clear Signals                           ; Off                ; Off                ;
; Auto RAM Block Balancing                                         ; On                 ; On                 ;
; Auto RAM to Logic Cell Conversion                                ; Off                ; Off                ;
; Auto Resource Sharing                                            ; Off                ; Off                ;
; Allow Any RAM Size For Recognition                               ; Off                ; Off                ;
; Allow Any ROM Size For Recognition                               ; Off                ; Off                ;
; Allow Any Shift Register Size For Recognition                    ; Off                ; Off                ;
; Use LogicLock Constraints during Resource Balancing              ; On                 ; On                 ;
; Ignore translate_off and synthesis_off directives                ; Off                ; Off                ;
; Timing-Driven Synthesis                                          ; On                 ; On                 ;
; Report Parameter Settings                                        ; On                 ; On                 ;
; Report Source Assignments                                        ; On                 ; On                 ;
; Report Connectivity Checks                                       ; On                 ; On                 ;
; Ignore Maximum Fan-Out Assignments                               ; Off                ; Off                ;
; Synchronization Register Chain Length                            ; 2                  ; 2                  ;
; Power Optimization During Synthesis                              ; Normal compilation ; Normal compilation ;
; HDL message level                                                ; Level2             ; Level2             ;
; Suppress Register Optimization Related Messages                  ; Off                ; Off                ;
; Number of Removed Registers Reported in Synthesis Report         ; 5000               ; 5000               ;
; Number of Swept Nodes Reported in Synthesis Report               ; 5000               ; 5000               ;
; Number of Inverted Registers Reported in Synthesis Report        ; 100                ; 100                ;
; Clock MUX Protection                                             ; On                 ; On                 ;
; Auto Gated Clock Conversion                                      ; Off                ; Off                ;
; Block Design Naming                                              ; Auto               ; Auto               ;
; SDC constraint protection                                        ; Off                ; Off                ;
; Synthesis Effort                                                 ; Auto               ; Auto               ;
; Shift Register Replacement - Allow Asynchronous Clear Signal     ; On                 ; On                 ;
; Pre-Mapping Resynthesis Optimization                             ; Off                ; Off                ;
; Analysis & Synthesis Message Level                               ; Medium             ; Medium             ;
; Disable Register Merging Across Hierarchies                      ; Auto               ; Auto               ;
; Resource Aware Inference For Block RAM                           ; On                 ; On                 ;
+------------------------------------------------------------------+--------------------+--------------------+


+------------------------------------------+
; Parallel Compilation                     ;
+----------------------------+-------------+
; Processors                 ; Number      ;
+----------------------------+-------------+
; Number detected on machine ; 8           ;
; Maximum allowed            ; 4           ;
;                            ;             ;
; Average used               ; 1.00        ;
; Maximum used               ; 1           ;
;                            ;             ;
; Usage by Processor         ; % Time Used ;
;     Processor 1            ; 100.0%      ;
+----------------------------+-------------+


+------------------------------------------------------------------------------------------------------------------------------------------------------+
; Analysis & Synthesis Source Files Read                                                                                                               ;
+----------------------------------+-----------------+-----------------+---------------------------------------------------------------------+---------+
; File Name with User-Entered Path ; Used in Netlist ; File Type       ; File Name with Absolute Path                                        ; Library ;
+----------------------------------+-----------------+-----------------+---------------------------------------------------------------------+---------+
; LOD_2b.vhd                       ; yes             ; User VHDL File  ; C:/Users/Morten/Documents/GitHub/P8_code/Box_Muller/VHDL/LOD_2b.vhd ;         ;
; LOD.vhd                          ; yes             ; User VHDL File  ; C:/Users/Morten/Documents/GitHub/P8_code/Box_Muller/VHDL/LOD.vhd    ;         ;
+----------------------------------+-----------------+-----------------+---------------------------------------------------------------------+---------+


+-----------------------------------------------------+
; Analysis & Synthesis Resource Usage Summary         ;
+---------------------------------------------+-------+
; Resource                                    ; Usage ;
+---------------------------------------------+-------+
;                                             ;       ;
; Total combinational functions               ; 0     ;
; Logic element usage by number of LUT inputs ;       ;
;     -- 4 input functions                    ; 0     ;
;     -- 3 input functions                    ; 0     ;
;     -- <=2 input functions                  ; 0     ;
;                                             ;       ;
; Logic elements by mode                      ;       ;
;     -- normal mode                          ; 0     ;
;     -- arithmetic mode                      ; 0     ;
;                                             ;       ;
; Total registers                             ; 0     ;
;     -- Dedicated logic registers            ; 0     ;
;     -- I/O registers                        ; 0     ;
;                                             ;       ;
; I/O pins                                    ; 96    ;
;                                             ;       ;
; Embedded Multiplier 9-bit elements          ; 0     ;
;                                             ;       ;
; Maximum fan-out node                        ; X[0]  ;
; Maximum fan-out                             ; 1     ;
; Total fan-out                               ; 96    ;
; Average fan-out                             ; 0.50  ;
+---------------------------------------------+-------+


+----------------------------------------------------------------------------------------------------------------------------------------------------------------------------------------------------------+
; Analysis & Synthesis Resource Utilization by Entity                                                                                                                                                      ;
+----------------------------+---------------------+---------------------------+-------------+--------------+---------+-----------+------+--------------+---------------------+-------------+--------------+
; Compilation Hierarchy Node ; Combinational ALUTs ; Dedicated Logic Registers ; Memory Bits ; DSP Elements ; DSP 9x9 ; DSP 18x18 ; Pins ; Virtual Pins ; Full Hierarchy Name ; Entity Name ; Library Name ;
+----------------------------+---------------------+---------------------------+-------------+--------------+---------+-----------+------+--------------+---------------------+-------------+--------------+
; |LOD                       ; 0 (0)               ; 0 (0)                     ; 0           ; 0            ; 0       ; 0         ; 96   ; 0            ; |LOD                ; LOD         ; work         ;
+----------------------------+---------------------+---------------------------+-------------+--------------+---------+-----------+------+--------------+---------------------+-------------+--------------+
Note: For table entries with two numbers listed, the numbers in parentheses indicate the number of resources of the given type used by the specific entity alone. The numbers listed outside of parentheses indicate the total resources of the given type used by the specific entity and all of its sub-entities in the hierarchy.


+------------------------------------------------------+
; General Register Statistics                          ;
+----------------------------------------------+-------+
; Statistic                                    ; Value ;
+----------------------------------------------+-------+
; Total registers                              ; 0     ;
; Number of registers using Synchronous Clear  ; 0     ;
; Number of registers using Synchronous Load   ; 0     ;
; Number of registers using Asynchronous Clear ; 0     ;
; Number of registers using Asynchronous Load  ; 0     ;
; Number of registers using Clock Enable       ; 0     ;
; Number of registers using Preset             ; 0     ;
+----------------------------------------------+-------+


+-----------------------------------------------------+
; Post-Synthesis Netlist Statistics for Top Partition ;
+-----------------------+-----------------------------+
; Type                  ; Count                       ;
+-----------------------+-----------------------------+
; boundary_port         ; 96                          ;
; cycloneiii_lcell_comb ; 2                           ;
;     normal            ; 2                           ;
;         0 data inputs ; 2                           ;
;                       ;                             ;
; Max LUT depth         ; 0.00                        ;
; Average LUT depth     ; 0.00                        ;
+-----------------------+-----------------------------+


+-------------------------------+
; Elapsed Time Per Partition    ;
+----------------+--------------+
; Partition Name ; Elapsed Time ;
+----------------+--------------+
; Top            ; 00:00:00     ;
+----------------+--------------+


+-------------------------------+
; Analysis & Synthesis Messages ;
+-------------------------------+
Info: *******************************************************************
Info: Running Quartus Prime Analysis & Synthesis
    Info: Version 18.1.0 Build 625 09/12/2018 SJ Lite Edition
    Info: Processing started: Mon Apr 11 16:36:52 2022
Info: Command: quartus_map --read_settings_files=on --write_settings_files=off Box_Muller -c Box_Muller
Warning (18236): Number of processors has not been specified which may cause overloading on shared machines.  Set the global assignment NUM_PARALLEL_PROCESSORS in your QSF to an appropriate value for best performance.
Info (20030): Parallel compilation is enabled and will use 4 of the 4 processors detected
Info (12021): Found 2 design units, including 1 entities, in source file f_a_lut.vhd
    Info (12022): Found design unit 1: f_a_lut-SYN File: C:/Users/Morten/Documents/GitHub/P8_code/Box_Muller/VHDL/f_a_lut.vhd Line: 52
    Info (12023): Found entity 1: f_a_lut File: C:/Users/Morten/Documents/GitHub/P8_code/Box_Muller/VHDL/f_a_lut.vhd Line: 42
Info (12021): Found 2 design units, including 1 entities, in source file box_muller.vhd
    Info (12022): Found design unit 1: Box_Muller-behavior File: C:/Users/Morten/Documents/GitHub/P8_code/Box_Muller/VHDL/Box_Muller.vhd Line: 13
    Info (12023): Found entity 1: Box_Muller File: C:/Users/Morten/Documents/GitHub/P8_code/Box_Muller/VHDL/Box_Muller.vhd Line: 6
Info (12021): Found 2 design units, including 1 entities, in source file lod_2b.vhd
    Info (12022): Found design unit 1: LOD_2b-behavior File: C:/Users/Morten/Documents/GitHub/P8_code/Box_Muller/VHDL/LOD_2b.vhd Line: 13
    Info (12023): Found entity 1: LOD_2b File: C:/Users/Morten/Documents/GitHub/P8_code/Box_Muller/VHDL/LOD_2b.vhd Line: 6
Info (12021): Found 2 design units, including 1 entities, in source file lod.vhd
    Info (12022): Found design unit 1: LOD-behavior File: C:/Users/Morten/Documents/GitHub/P8_code/Box_Muller/VHDL/LOD.vhd Line: 13
    Info (12023): Found entity 1: LOD File: C:/Users/Morten/Documents/GitHub/P8_code/Box_Muller/VHDL/LOD.vhd Line: 6
Info (12127): Elaborating entity "LOD" for the top level hierarchy
Info (12128): Elaborating entity "LOD_2b" for hierarchy "LOD_2b:\gen_LOD:0:leading_ones" File: C:/Users/Morten/Documents/GitHub/P8_code/Box_Muller/VHDL/LOD.vhd Line: 28
Warning (13024): Output pins are stuck at VCC or GND
    Warning (13410): Pin "sum[0]" is stuck at GND File: C:/Users/Morten/Documents/GitHub/P8_code/Box_Muller/VHDL/LOD.vhd Line: 9
    Warning (13410): Pin "sum[1]" is stuck at GND File: C:/Users/Morten/Documents/GitHub/P8_code/Box_Muller/VHDL/LOD.vhd Line: 9
    Warning (13410): Pin "sum[2]" is stuck at GND File: C:/Users/Morten/Documents/GitHub/P8_code/Box_Muller/VHDL/LOD.vhd Line: 9
    Warning (13410): Pin "sum[3]" is stuck at GND File: C:/Users/Morten/Documents/GitHub/P8_code/Box_Muller/VHDL/LOD.vhd Line: 9
    Warning (13410): Pin "sum[4]" is stuck at GND File: C:/Users/Morten/Documents/GitHub/P8_code/Box_Muller/VHDL/LOD.vhd Line: 9
    Warning (13410): Pin "sum[5]" is stuck at GND File: C:/Users/Morten/Documents/GitHub/P8_code/Box_Muller/VHDL/LOD.vhd Line: 9
    Warning (13410): Pin "sum[6]" is stuck at GND File: C:/Users/Morten/Documents/GitHub/P8_code/Box_Muller/VHDL/LOD.vhd Line: 9
    Warning (13410): Pin "sum[7]" is stuck at GND File: C:/Users/Morten/Documents/GitHub/P8_code/Box_Muller/VHDL/LOD.vhd Line: 9
    Warning (13410): Pin "sum[8]" is stuck at GND File: C:/Users/Morten/Documents/GitHub/P8_code/Box_Muller/VHDL/LOD.vhd Line: 9
    Warning (13410): Pin "sum[9]" is stuck at GND File: C:/Users/Morten/Documents/GitHub/P8_code/Box_Muller/VHDL/LOD.vhd Line: 9
    Warning (13410): Pin "sum[10]" is stuck at GND File: C:/Users/Morten/Documents/GitHub/P8_code/Box_Muller/VHDL/LOD.vhd Line: 9
    Warning (13410): Pin "sum[11]" is stuck at GND File: C:/Users/Morten/Documents/GitHub/P8_code/Box_Muller/VHDL/LOD.vhd Line: 9
    Warning (13410): Pin "sum[12]" is stuck at GND File: C:/Users/Morten/Documents/GitHub/P8_code/Box_Muller/VHDL/LOD.vhd Line: 9
    Warning (13410): Pin "sum[13]" is stuck at GND File: C:/Users/Morten/Documents/GitHub/P8_code/Box_Muller/VHDL/LOD.vhd Line: 9
    Warning (13410): Pin "sum[14]" is stuck at GND File: C:/Users/Morten/Documents/GitHub/P8_code/Box_Muller/VHDL/LOD.vhd Line: 9
    Warning (13410): Pin "sum[15]" is stuck at GND File: C:/Users/Morten/Documents/GitHub/P8_code/Box_Muller/VHDL/LOD.vhd Line: 9
    Warning (13410): Pin "sum[16]" is stuck at GND File: C:/Users/Morten/Documents/GitHub/P8_code/Box_Muller/VHDL/LOD.vhd Line: 9
    Warning (13410): Pin "sum[17]" is stuck at GND File: C:/Users/Morten/Documents/GitHub/P8_code/Box_Muller/VHDL/LOD.vhd Line: 9
    Warning (13410): Pin "sum[18]" is stuck at GND File: C:/Users/Morten/Documents/GitHub/P8_code/Box_Muller/VHDL/LOD.vhd Line: 9
    Warning (13410): Pin "sum[19]" is stuck at GND File: C:/Users/Morten/Documents/GitHub/P8_code/Box_Muller/VHDL/LOD.vhd Line: 9
    Warning (13410): Pin "sum[20]" is stuck at GND File: C:/Users/Morten/Documents/GitHub/P8_code/Box_Muller/VHDL/LOD.vhd Line: 9
    Warning (13410): Pin "sum[21]" is stuck at GND File: C:/Users/Morten/Documents/GitHub/P8_code/Box_Muller/VHDL/LOD.vhd Line: 9
    Warning (13410): Pin "sum[22]" is stuck at GND File: C:/Users/Morten/Documents/GitHub/P8_code/Box_Muller/VHDL/LOD.vhd Line: 9
    Warning (13410): Pin "sum[23]" is stuck at GND File: C:/Users/Morten/Documents/GitHub/P8_code/Box_Muller/VHDL/LOD.vhd Line: 9
    Warning (13410): Pin "sum[24]" is stuck at GND File: C:/Users/Morten/Documents/GitHub/P8_code/Box_Muller/VHDL/LOD.vhd Line: 9
    Warning (13410): Pin "sum[25]" is stuck at GND File: C:/Users/Morten/Documents/GitHub/P8_code/Box_Muller/VHDL/LOD.vhd Line: 9
    Warning (13410): Pin "sum[26]" is stuck at GND File: C:/Users/Morten/Documents/GitHub/P8_code/Box_Muller/VHDL/LOD.vhd Line: 9
    Warning (13410): Pin "sum[27]" is stuck at GND File: C:/Users/Morten/Documents/GitHub/P8_code/Box_Muller/VHDL/LOD.vhd Line: 9
    Warning (13410): Pin "sum[28]" is stuck at GND File: C:/Users/Morten/Documents/GitHub/P8_code/Box_Muller/VHDL/LOD.vhd Line: 9
    Warning (13410): Pin "sum[29]" is stuck at GND File: C:/Users/Morten/Documents/GitHub/P8_code/Box_Muller/VHDL/LOD.vhd Line: 9
    Warning (13410): Pin "sum[30]" is stuck at GND File: C:/Users/Morten/Documents/GitHub/P8_code/Box_Muller/VHDL/LOD.vhd Line: 9
    Warning (13410): Pin "sum[31]" is stuck at GND File: C:/Users/Morten/Documents/GitHub/P8_code/Box_Muller/VHDL/LOD.vhd Line: 9
    Warning (13410): Pin "sum_1[0]" is stuck at VCC File: C:/Users/Morten/Documents/GitHub/P8_code/Box_Muller/VHDL/LOD.vhd Line: 9
    Warning (13410): Pin "sum_1[1]" is stuck at VCC File: C:/Users/Morten/Documents/GitHub/P8_code/Box_Muller/VHDL/LOD.vhd Line: 9
    Warning (13410): Pin "sum_1[2]" is stuck at VCC File: C:/Users/Morten/Documents/GitHub/P8_code/Box_Muller/VHDL/LOD.vhd Line: 9
    Warning (13410): Pin "sum_1[3]" is stuck at VCC File: C:/Users/Morten/Documents/GitHub/P8_code/Box_Muller/VHDL/LOD.vhd Line: 9
    Warning (13410): Pin "sum_1[4]" is stuck at VCC File: C:/Users/Morten/Documents/GitHub/P8_code/Box_Muller/VHDL/LOD.vhd Line: 9
    Warning (13410): Pin "sum_1[5]" is stuck at VCC File: C:/Users/Morten/Documents/GitHub/P8_code/Box_Muller/VHDL/LOD.vhd Line: 9
    Warning (13410): Pin "sum_1[6]" is stuck at VCC File: C:/Users/Morten/Documents/GitHub/P8_code/Box_Muller/VHDL/LOD.vhd Line: 9
    Warning (13410): Pin "sum_1[7]" is stuck at VCC File: C:/Users/Morten/Documents/GitHub/P8_code/Box_Muller/VHDL/LOD.vhd Line: 9
    Warning (13410): Pin "sum_1[8]" is stuck at VCC File: C:/Users/Morten/Documents/GitHub/P8_code/Box_Muller/VHDL/LOD.vhd Line: 9
    Warning (13410): Pin "sum_1[9]" is stuck at VCC File: C:/Users/Morten/Documents/GitHub/P8_code/Box_Muller/VHDL/LOD.vhd Line: 9
    Warning (13410): Pin "sum_1[10]" is stuck at VCC File: C:/Users/Morten/Documents/GitHub/P8_code/Box_Muller/VHDL/LOD.vhd Line: 9
    Warning (13410): Pin "sum_1[11]" is stuck at VCC File: C:/Users/Morten/Documents/GitHub/P8_code/Box_Muller/VHDL/LOD.vhd Line: 9
    Warning (13410): Pin "sum_1[12]" is stuck at VCC File: C:/Users/Morten/Documents/GitHub/P8_code/Box_Muller/VHDL/LOD.vhd Line: 9
    Warning (13410): Pin "sum_1[13]" is stuck at VCC File: C:/Users/Morten/Documents/GitHub/P8_code/Box_Muller/VHDL/LOD.vhd Line: 9
    Warning (13410): Pin "sum_1[14]" is stuck at VCC File: C:/Users/Morten/Documents/GitHub/P8_code/Box_Muller/VHDL/LOD.vhd Line: 9
    Warning (13410): Pin "sum_1[15]" is stuck at VCC File: C:/Users/Morten/Documents/GitHub/P8_code/Box_Muller/VHDL/LOD.vhd Line: 9
    Warning (13410): Pin "sum_1[16]" is stuck at VCC File: C:/Users/Morten/Documents/GitHub/P8_code/Box_Muller/VHDL/LOD.vhd Line: 9
    Warning (13410): Pin "sum_1[17]" is stuck at VCC File: C:/Users/Morten/Documents/GitHub/P8_code/Box_Muller/VHDL/LOD.vhd Line: 9
    Warning (13410): Pin "sum_1[18]" is stuck at VCC File: C:/Users/Morten/Documents/GitHub/P8_code/Box_Muller/VHDL/LOD.vhd Line: 9
    Warning (13410): Pin "sum_1[19]" is stuck at VCC File: C:/Users/Morten/Documents/GitHub/P8_code/Box_Muller/VHDL/LOD.vhd Line: 9
    Warning (13410): Pin "sum_1[20]" is stuck at VCC File: C:/Users/Morten/Documents/GitHub/P8_code/Box_Muller/VHDL/LOD.vhd Line: 9
    Warning (13410): Pin "sum_1[21]" is stuck at VCC File: C:/Users/Morten/Documents/GitHub/P8_code/Box_Muller/VHDL/LOD.vhd Line: 9
    Warning (13410): Pin "sum_1[22]" is stuck at VCC File: C:/Users/Morten/Documents/GitHub/P8_code/Box_Muller/VHDL/LOD.vhd Line: 9
    Warning (13410): Pin "sum_1[23]" is stuck at VCC File: C:/Users/Morten/Documents/GitHub/P8_code/Box_Muller/VHDL/LOD.vhd Line: 9
    Warning (13410): Pin "sum_1[24]" is stuck at VCC File: C:/Users/Morten/Documents/GitHub/P8_code/Box_Muller/VHDL/LOD.vhd Line: 9
    Warning (13410): Pin "sum_1[25]" is stuck at VCC File: C:/Users/Morten/Documents/GitHub/P8_code/Box_Muller/VHDL/LOD.vhd Line: 9
    Warning (13410): Pin "sum_1[26]" is stuck at VCC File: C:/Users/Morten/Documents/GitHub/P8_code/Box_Muller/VHDL/LOD.vhd Line: 9
    Warning (13410): Pin "sum_1[27]" is stuck at VCC File: C:/Users/Morten/Documents/GitHub/P8_code/Box_Muller/VHDL/LOD.vhd Line: 9
    Warning (13410): Pin "sum_1[28]" is stuck at VCC File: C:/Users/Morten/Documents/GitHub/P8_code/Box_Muller/VHDL/LOD.vhd Line: 9
    Warning (13410): Pin "sum_1[29]" is stuck at VCC File: C:/Users/Morten/Documents/GitHub/P8_code/Box_Muller/VHDL/LOD.vhd Line: 9
    Warning (13410): Pin "sum_1[30]" is stuck at VCC File: C:/Users/Morten/Documents/GitHub/P8_code/Box_Muller/VHDL/LOD.vhd Line: 9
    Warning (13410): Pin "sum_1[31]" is stuck at VCC File: C:/Users/Morten/Documents/GitHub/P8_code/Box_Muller/VHDL/LOD.vhd Line: 9
Info (16010): Generating hard_block partition "hard_block:auto_generated_inst"
    Info (16011): Adding 0 node(s), including 0 DDIO, 0 PLL, 0 transceiver and 0 LCELL
Warning (21074): Design contains 32 input pin(s) that do not drive logic
    Warning (15610): No output dependent on input pin "X[0]" File: C:/Users/Morten/Documents/GitHub/P8_code/Box_Muller/VHDL/LOD.vhd Line: 8
    Warning (15610): No output dependent on input pin "X[1]" File: C:/Users/Morten/Documents/GitHub/P8_code/Box_Muller/VHDL/LOD.vhd Line: 8
    Warning (15610): No output dependent on input pin "X[2]" File: C:/Users/Morten/Documents/GitHub/P8_code/Box_Muller/VHDL/LOD.vhd Line: 8
    Warning (15610): No output dependent on input pin "X[3]" File: C:/Users/Morten/Documents/GitHub/P8_code/Box_Muller/VHDL/LOD.vhd Line: 8
    Warning (15610): No output dependent on input pin "X[4]" File: C:/Users/Morten/Documents/GitHub/P8_code/Box_Muller/VHDL/LOD.vhd Line: 8
    Warning (15610): No output dependent on input pin "X[5]" File: C:/Users/Morten/Documents/GitHub/P8_code/Box_Muller/VHDL/LOD.vhd Line: 8
    Warning (15610): No output dependent on input pin "X[6]" File: C:/Users/Morten/Documents/GitHub/P8_code/Box_Muller/VHDL/LOD.vhd Line: 8
    Warning (15610): No output dependent on input pin "X[7]" File: C:/Users/Morten/Documents/GitHub/P8_code/Box_Muller/VHDL/LOD.vhd Line: 8
    Warning (15610): No output dependent on input pin "X[8]" File: C:/Users/Morten/Documents/GitHub/P8_code/Box_Muller/VHDL/LOD.vhd Line: 8
    Warning (15610): No output dependent on input pin "X[9]" File: C:/Users/Morten/Documents/GitHub/P8_code/Box_Muller/VHDL/LOD.vhd Line: 8
    Warning (15610): No output dependent on input pin "X[10]" File: C:/Users/Morten/Documents/GitHub/P8_code/Box_Muller/VHDL/LOD.vhd Line: 8
    Warning (15610): No output dependent on input pin "X[11]" File: C:/Users/Morten/Documents/GitHub/P8_code/Box_Muller/VHDL/LOD.vhd Line: 8
    Warning (15610): No output dependent on input pin "X[12]" File: C:/Users/Morten/Documents/GitHub/P8_code/Box_Muller/VHDL/LOD.vhd Line: 8
    Warning (15610): No output dependent on input pin "X[13]" File: C:/Users/Morten/Documents/GitHub/P8_code/Box_Muller/VHDL/LOD.vhd Line: 8
    Warning (15610): No output dependent on input pin "X[14]" File: C:/Users/Morten/Documents/GitHub/P8_code/Box_Muller/VHDL/LOD.vhd Line: 8
    Warning (15610): No output dependent on input pin "X[15]" File: C:/Users/Morten/Documents/GitHub/P8_code/Box_Muller/VHDL/LOD.vhd Line: 8
    Warning (15610): No output dependent on input pin "X[16]" File: C:/Users/Morten/Documents/GitHub/P8_code/Box_Muller/VHDL/LOD.vhd Line: 8
    Warning (15610): No output dependent on input pin "X[17]" File: C:/Users/Morten/Documents/GitHub/P8_code/Box_Muller/VHDL/LOD.vhd Line: 8
    Warning (15610): No output dependent on input pin "X[18]" File: C:/Users/Morten/Documents/GitHub/P8_code/Box_Muller/VHDL/LOD.vhd Line: 8
    Warning (15610): No output dependent on input pin "X[19]" File: C:/Users/Morten/Documents/GitHub/P8_code/Box_Muller/VHDL/LOD.vhd Line: 8
    Warning (15610): No output dependent on input pin "X[20]" File: C:/Users/Morten/Documents/GitHub/P8_code/Box_Muller/VHDL/LOD.vhd Line: 8
    Warning (15610): No output dependent on input pin "X[21]" File: C:/Users/Morten/Documents/GitHub/P8_code/Box_Muller/VHDL/LOD.vhd Line: 8
    Warning (15610): No output dependent on input pin "X[22]" File: C:/Users/Morten/Documents/GitHub/P8_code/Box_Muller/VHDL/LOD.vhd Line: 8
    Warning (15610): No output dependent on input pin "X[23]" File: C:/Users/Morten/Documents/GitHub/P8_code/Box_Muller/VHDL/LOD.vhd Line: 8
    Warning (15610): No output dependent on input pin "X[24]" File: C:/Users/Morten/Documents/GitHub/P8_code/Box_Muller/VHDL/LOD.vhd Line: 8
    Warning (15610): No output dependent on input pin "X[25]" File: C:/Users/Morten/Documents/GitHub/P8_code/Box_Muller/VHDL/LOD.vhd Line: 8
    Warning (15610): No output dependent on input pin "X[26]" File: C:/Users/Morten/Documents/GitHub/P8_code/Box_Muller/VHDL/LOD.vhd Line: 8
    Warning (15610): No output dependent on input pin "X[27]" File: C:/Users/Morten/Documents/GitHub/P8_code/Box_Muller/VHDL/LOD.vhd Line: 8
    Warning (15610): No output dependent on input pin "X[28]" File: C:/Users/Morten/Documents/GitHub/P8_code/Box_Muller/VHDL/LOD.vhd Line: 8
    Warning (15610): No output dependent on input pin "X[29]" File: C:/Users/Morten/Documents/GitHub/P8_code/Box_Muller/VHDL/LOD.vhd Line: 8
    Warning (15610): No output dependent on input pin "X[30]" File: C:/Users/Morten/Documents/GitHub/P8_code/Box_Muller/VHDL/LOD.vhd Line: 8
    Warning (15610): No output dependent on input pin "X[31]" File: C:/Users/Morten/Documents/GitHub/P8_code/Box_Muller/VHDL/LOD.vhd Line: 8
Info (21057): Implemented 96 device resources after synthesis - the final resource count might be different
    Info (21058): Implemented 32 input pins
    Info (21059): Implemented 64 output pins
Info: Quartus Prime Analysis & Synthesis was successful. 0 errors, 99 warnings
    Info: Peak virtual memory: 4789 megabytes
    Info: Processing ended: Mon Apr 11 16:37:19 2022
    Info: Elapsed time: 00:00:27
    Info: Total CPU time (on all processors): 00:00:22


