Info: *******************************************************************
Info: Running Quartus Prime Shell
Info: Command: quartus_sh --flow compile Wallace_speed.qsf
Info: Quartus(args): compile Wallace_speed.qsf
Info: Project Name = C:/Users/Morten/Documents/GitHub/P8_code/Wallace/VHDL_ExecTime/dse/dse1/dse1_base/Wallace_speed
Info: Revision Name = Wallace_speed
Warning: Can't contact license server "13333@Altera.srv.aau.dk" -- this server will be ignored.
{"object_type": "report_status", "percent" : 0}
Info: *******************************************************************
Info: Running Quartus Prime Signal Tap
Info: Command: quartus_stp Wallace_speed -c Wallace_speed
Warning: Can't contact license server "13333@Altera.srv.aau.dk" -- this server will be ignored.
Info: Quartus Prime Signal Tap was successful. 0 errors, 1 warning
{"object_type": "report_status", "percent" : 20}
{"object_type": "report_status", "percent" : 20}
Warning: Can't contact license server "13333@Altera.srv.aau.dk" -- this server will be ignored.
{"object_type": "report_status", "percent" : 20}
Info: *******************************************************************
Info: Running Quartus Prime Analysis & Synthesis
Info: Command: quartus_map --read_settings_files=off --write_settings_files=off Wallace_speed -c Wallace_speed
{"object_type": "refresh_report"}
Warning: Number of processors has not been specified which may cause overloading on shared machines.  Set the global assignment NUM_PARALLEL_PROCESSORS in your QSF to an appropriate value for best performance.
Info: Parallel compilation is enabled and will use 4 of the 4 processors detected
Info: Found 2 design units, including 1 entities, in source file lfsr_52.vhd
Info: Found 2 design units, including 1 entities, in source file lfsr_3.vhd
Info: Found 2 design units, including 1 entities, in source file control_path.vhd
Info: Found 2 design units, including 1 entities, in source file wallace_speed.vhd
Info: Found 2 design units, including 1 entities, in source file ram_1.vhd
Info: Found 2 design units, including 1 entities, in source file ram_2.vhd
Info: Found 2 design units, including 1 entities, in source file addr_gen.vhd
Info: Found 2 design units, including 1 entities, in source file transformation.vhd
Info: Found 2 design units, including 1 entities, in source file chi_corr.vhd
{"object_type": "report_status", "percent" : 21}
{"object_type": "report_status", "percent" : 22}
{"object_type": "report_status", "percent" : 22}
Info: Elaborating entity "Wallace_speed" for the top level hierarchy
Warning: Verilog HDL or VHDL warning at Wallace_speed.vhd(104): object "MUX_5" assigned a value but never read
Info: Elaborating entity "control_path" for hierarchy "control_path:cp"
Warning: VHDL Process Statement warning at control_path.vhd(55): signal "one_bit_count" is read inside the Process Statement but isn't in the Process Statement's sensitivity list
Warning: VHDL Process Statement warning at control_path.vhd(52): inferring latch(es) for signal or variable "one_bit_count", which holds its previous value in one or more paths through the process
Warning: VHDL Process Statement warning at control_path.vhd(84): signal "one_bit_count" is read inside the Process Statement but isn't in the Process Statement's sensitivity list
Warning: VHDL Process Statement warning at control_path.vhd(85): signal "one_bit_count" is read inside the Process Statement but isn't in the Process Statement's sensitivity list
Info: Inferred latch for "one_bit_count" at control_path.vhd(52)
Info: Elaborating entity "LFSR_3" for hierarchy "control_path:cp|LFSR_3:LFSR"
Info: Elaborating entity "LFSR_52" for hierarchy "LFSR_52:LFSR"
Info: Elaborating entity "RAM_1" for hierarchy "RAM_1:RAM_1_1"
Info: Elaborating entity "altsyncram" for hierarchy "RAM_1:RAM_1_1|altsyncram:altsyncram_component"
Info: Elaborated megafunction instantiation "RAM_1:RAM_1_1|altsyncram:altsyncram_component"
Info: Instantiated megafunction "RAM_1:RAM_1_1|altsyncram:altsyncram_component" with the following parameter:
Info: Found 1 design units, including 1 entities, in source file db/altsyncram_tat3.tdf
Info: Elaborating entity "altsyncram_tat3" for hierarchy "RAM_1:RAM_1_1|altsyncram:altsyncram_component|altsyncram_tat3:auto_generated"
Info: Elaborating entity "RAM_2" for hierarchy "RAM_2:RAM_1_2"
Info: Elaborating entity "altsyncram" for hierarchy "RAM_2:RAM_1_2|altsyncram:altsyncram_component"
Info: Elaborated megafunction instantiation "RAM_2:RAM_1_2|altsyncram:altsyncram_component"
Info: Instantiated megafunction "RAM_2:RAM_1_2|altsyncram:altsyncram_component" with the following parameter:
Info: Found 1 design units, including 1 entities, in source file db/altsyncram_uat3.tdf
Info: Elaborating entity "altsyncram_uat3" for hierarchy "RAM_2:RAM_1_2|altsyncram:altsyncram_component|altsyncram_uat3:auto_generated"
Info: Elaborating entity "addr_gen" for hierarchy "addr_gen:ADDR_GEN_1"
Info: Elaborating entity "transformation" for hierarchy "transformation:tstage"
Warning: VHDL Process Statement warning at transformation.vhd(61): signal "Tctrl" is read inside the Process Statement but isn't in the Process Statement's sensitivity list
Info: Elaborating entity "chi_corr" for hierarchy "chi_corr:chistage"
{"object_type": "report_status", "percent" : 27}
{"object_type": "report_status", "percent" : 28}
{"object_type": "report_status", "percent" : 29}
{"object_type": "report_status", "percent" : 28}
Info: Inferred 5 megafunctions from design logic
Info: Elaborated megafunction instantiation "lpm_mult:Mult0"
Info: Instantiated megafunction "lpm_mult:Mult0" with the following parameter:
Info: Found 1 design units, including 1 entities, in source file db/mult_36t.tdf
Info: Elaborated megafunction instantiation "chi_corr:chistage|lpm_mult:Mult0"
Info: Instantiated megafunction "chi_corr:chistage|lpm_mult:Mult0" with the following parameter:
Info: Elaborated megafunction instantiation "chi_corr:chistage|lpm_mult:Mult0|multcore:mult_core", which is child of megafunction instantiation "chi_corr:chistage|lpm_mult:Mult0"
Info: Elaborated megafunction instantiation "chi_corr:chistage|lpm_mult:Mult0|multcore:mult_core|mpar_add:padder", which is child of megafunction instantiation "chi_corr:chistage|lpm_mult:Mult0"
Info: Elaborated megafunction instantiation "chi_corr:chistage|lpm_mult:Mult0|multcore:mult_core|mpar_add:padder|lpm_add_sub:adder[1]", which is child of megafunction instantiation "chi_corr:chistage|lpm_mult:Mult0"
Info: Found 1 design units, including 1 entities, in source file db/add_sub_ogh.tdf
Info: Elaborated megafunction instantiation "chi_corr:chistage|lpm_mult:Mult0|multcore:mult_core|mpar_add:padder|mpar_add:sub_par_add", which is child of megafunction instantiation "chi_corr:chistage|lpm_mult:Mult0"
Info: Elaborated megafunction instantiation "chi_corr:chistage|lpm_mult:Mult0|multcore:mult_core|mpar_add:padder|mpar_add:sub_par_add|lpm_add_sub:adder[0]", which is child of megafunction instantiation "chi_corr:chistage|lpm_mult:Mult0"
Info: Found 1 design units, including 1 entities, in source file db/add_sub_sgh.tdf
Info: Elaborated megafunction instantiation "chi_corr:chistage|lpm_mult:Mult0|altshift:external_latency_ffs", which is child of megafunction instantiation "chi_corr:chistage|lpm_mult:Mult0"
{"object_type": "report_status", "percent" : 27}
{"object_type": "report_status", "percent" : 28}
{"object_type": "report_status", "percent" : 28}
{"object_type": "report_status", "percent" : 29}
{"object_type": "report_status", "percent" : 32}
{"object_type": "report_status", "percent" : 33}
{"object_type": "report_status", "percent" : 33}
{"object_type": "report_status", "percent" : 33}
{"object_type": "report_status", "percent" : 33}
{"object_type": "report_status", "percent" : 33}
{"object_type": "report_status", "percent" : 34}
{"object_type": "report_status", "percent" : 34}
{"object_type": "report_status", "percent" : 34}
{"object_type": "report_status", "percent" : 34}
{"object_type": "report_status", "percent" : 34}
{"object_type": "report_status", "percent" : 35}
{"object_type": "report_status", "percent" : 35}
{"object_type": "report_status", "percent" : 35}
{"object_type": "report_status", "percent" : 35}
{"object_type": "report_status", "percent" : 35}
{"object_type": "report_status", "percent" : 36}
Info: Timing-Driven Synthesis is running
{"object_type": "report_status", "percent" : 36}
{"object_type": "report_status", "percent" : 38}
{"object_type": "report_status", "percent" : 38}
Info: Generated JSON formatted report files in C:/Users/Morten/Documents/GitHub/P8_code/Wallace/VHDL_ExecTime/dse/dse1/dse1_base/db/Wallace_speed.map.json_files/
Info: Generated JSON formatted report files in C:/Users/Morten/Documents/GitHub/P8_code/Wallace/VHDL_ExecTime/dse/dse1/dse1_base/db/Wallace_speed.flow.json_files/
{"object_type": "report_status", "percent" : 39}
{"object_type": "report_status", "percent" : 39}
Info: Generating hard_block partition "hard_block:auto_generated_inst"
Info: Implemented 1040 device resources after synthesis - the final resource count might be different
Info: Generated JSON formatted report files in C:/Users/Morten/Documents/GitHub/P8_code/Wallace/VHDL_ExecTime/dse/dse1/dse1_base/db/Wallace_speed.map.json_files/
Info: Generated JSON formatted report files in C:/Users/Morten/Documents/GitHub/P8_code/Wallace/VHDL_ExecTime/dse/dse1/dse1_base/db/Wallace_speed.flow.json_files/
Info: Quartus Prime Analysis & Synthesis was successful. 0 errors, 8 warnings
{"object_type": "report_status", "percent" : 40}
{"object_type": "refresh_report"}
{"object_type": "report_status", "percent" : 40}
Warning: Can't contact license server "13333@Altera.srv.aau.dk" -- this server will be ignored.
Info: *******************************************************************
Info: Running Quartus Prime Fitter
Info: Command: quartus_fit --read_settings_files=off --write_settings_files=off Wallace_speed -c Wallace_speed
Info: qfit2_default_script.tcl version: #1
Info: Project  = Wallace_speed
Info: Revision = Wallace_speed
{"object_type": "report_status", "percent" : 40}
{"object_type": "refresh_report"}
Warning: Number of processors has not been specified which may cause overloading on shared machines.  Set the global assignment NUM_PARALLEL_PROCESSORS in your QSF to an appropriate value for best performance.
Info: Parallel compilation is enabled and will use 4 of the 4 processors detected
Info: Selected device EP4CE115F29C7 for design "Wallace_speed"
Info: Low junction temperature is 0 degrees C
Info: High junction temperature is 85 degrees C
Info: Fitter is performing an Auto Fit compilation, which may decrease Fitter effort to reduce compilation time
Warning: Feature LogicLock is only available with a valid subscription license. You can purchase a software subscription to gain full access to this feature.
{"object_type": "report_status", "percent" : 42}
Info: Device migration not selected. If you intend to use device migration later, you may need to change the pin assignments as they may be incompatible with other devices
Info: Fitter converted 5 user pins into dedicated programming pins
{"object_type": "report_status", "percent" : 42}
Warning: Some pins have incomplete I/O assignments. Refer to the I/O Assignment Warnings report for details
Info: Design uses memory blocks. Violating setup or hold times of memory block address registers for either read or write operations could cause memory contents to be corrupted. Make sure that all memory block address registers meet the setup and hold time requirements.
Critical Warning: No exact pin location assignment(s) for 68 pins of 68 total pins. For the list of pins please refer to the I/O Assignment Warnings table in the fitter report.
{"object_type": "report_status", "percent" : 46}
Critical Warning: Synopsys Design Constraints File file not found: 'Wallace_speed.sdc'. A Synopsys Design Constraints File is required by the Timing Analyzer to get proper timing constraints. Without it, the Compiler will not properly optimize the design.
Info: No user constrained base clocks found in the design
Warning: Found combinational loop of 2 nodes
Info: No user constrained clock uncertainty found in the design. Calling "derive_clock_uncertainty"
Info: Deriving Clock Uncertainty. Please refer to report_sdc in the Timing Analyzer to see clock uncertainties.
Info: Timing requirements not specified -- quality metrics such as performance may be sacrificed to reduce compilation time.
Info: Automatically promoted node clk~input (placed in PIN J1 (CLK1, DIFFCLK_0n))
Info: Automatically promoted node LFSR_ctrl 
Info: Automatically promoted node chi_corr:chistage|clk_div 
{"object_type": "report_status", "percent" : 43}
{"object_type": "report_status", "percent" : 46}
Info: Starting register packing
Extra Info: Performing register packing on registers with non-logic cell location assignments
Extra Info: Completed register packing on registers with non-logic cell location assignments
Extra Info: Started Fast Input/Output/OE register processing
Extra Info: Finished Fast Input/Output/OE register processing
Extra Info: Moving registers into I/O cells, Multiplier Blocks, and RAM blocks to improve timing and density
Extra Info: Finished moving registers into I/O cells, Multiplier Blocks, and RAM blocks
Info: Finished register packing
{"object_type": "report_status", "percent" : 43}
Info: Statistics of I/O pins that need to be placed that use the same VCCIO and VREF, before I/O pin placement
Info: I/O bank details before I/O pin placement
{"object_type": "report_status", "percent" : 43}
Info: Fitter preparation operations ending: elapsed time is 00:00:02
Info: Fitter has disabled Advanced Physical Optimization because it is not supported for the current family.
{"object_type": "report_status", "percent" : 44}
{"object_type": "report_status", "percent" : 46}
Info: Fitter placement preparation operations beginning
{"object_type": "report_status", "percent" : 44}
{"object_type": "report_status", "percent" : 45}
{"object_type": "report_status", "percent" : 47}
{"object_type": "report_status", "percent" : 44}
{"object_type": "report_status", "percent" : 44}
{"object_type": "report_status", "percent" : 45}
{"object_type": "report_status", "percent" : 46}
Info: Fitter placement preparation operations ending: elapsed time is 00:00:00
Info: Fitter placement operations beginning
{"object_type": "report_status", "percent" : 46}
{"object_type": "report_status", "percent" : 46}
{"object_type": "report_status", "percent" : 46}
{"object_type": "report_status", "percent" : 47}
{"object_type": "report_status", "percent" : 47}
{"object_type": "report_status", "percent" : 47}
{"object_type": "report_status", "percent" : 47}
{"object_type": "report_status", "percent" : 47}
{"object_type": "report_status", "percent" : 48}
{"object_type": "report_status", "percent" : 48}
{"object_type": "report_status", "percent" : 48}
{"object_type": "report_status", "percent" : 48}
{"object_type": "report_status", "percent" : 48}
{"object_type": "report_status", "percent" : 49}
{"object_type": "report_status", "percent" : 49}
{"object_type": "report_status", "percent" : 49}
{"object_type": "report_status", "percent" : 49}
{"object_type": "report_status", "percent" : 50}
{"object_type": "report_status", "percent" : 50}
{"object_type": "report_status", "percent" : 50}
{"object_type": "report_status", "percent" : 51}
{"object_type": "report_status", "percent" : 52}
{"object_type": "report_status", "percent" : 53}
{"object_type": "report_status", "percent" : 53}
{"object_type": "report_status", "percent" : 54}
{"object_type": "report_status", "percent" : 50}
{"object_type": "report_status", "percent" : 51}
{"object_type": "report_status", "percent" : 51}
{"object_type": "report_status", "percent" : 52}
{"object_type": "report_status", "percent" : 52}
{"object_type": "report_status", "percent" : 53}
Info: Fitter placement was successful
Info: Fitter placement operations ending: elapsed time is 00:00:08
{"object_type": "report_status", "percent" : 54}
{"object_type": "report_status", "percent" : 46}
Info: Fitter routing operations beginning
{"object_type": "report_status", "percent" : 54}
Info: Router estimated average interconnect usage is 0% of the available device resources
{"object_type": "report_status", "percent" : 54}
{"object_type": "report_status", "percent" : 55}
{"object_type": "report_status", "percent" : 55}
{"object_type": "report_status", "percent" : 55}
{"object_type": "report_status", "percent" : 55}
{"object_type": "report_status", "percent" : 55}
{"object_type": "report_status", "percent" : 56}
{"object_type": "report_status", "percent" : 56}
{"object_type": "report_status", "percent" : 56}
Info: The Fitter performed an Auto Fit compilation.  Optimizations were skipped to reduce compilation time.
Info: Fitter routing operations ending: elapsed time is 00:00:03
Info: Total time spent on timing analysis during the Fitter is 0.86 seconds.
{"object_type": "report_status", "percent" : 56}
Info: Started post-fitting delay annotation
{"object_type": "report_status", "percent" : 58}
{"object_type": "report_status", "percent" : 58}
{"object_type": "report_status", "percent" : 58}
{"object_type": "report_status", "percent" : 58}
{"object_type": "report_status", "percent" : 58}
{"object_type": "report_status", "percent" : 59}
{"object_type": "report_status", "percent" : 59}
{"object_type": "report_status", "percent" : 59}
{"object_type": "report_status", "percent" : 59}
{"object_type": "report_status", "percent" : 59}
Info: Delay annotation completed successfully
Info: Started post-fitting delay annotation
{"object_type": "report_status", "percent" : 58}
{"object_type": "report_status", "percent" : 58}
{"object_type": "report_status", "percent" : 58}
{"object_type": "report_status", "percent" : 58}
{"object_type": "report_status", "percent" : 58}
{"object_type": "report_status", "percent" : 59}
{"object_type": "report_status", "percent" : 59}
{"object_type": "report_status", "percent" : 59}
{"object_type": "report_status", "percent" : 59}
{"object_type": "report_status", "percent" : 59}
Info: Delay annotation completed successfully
{"object_type": "report_status", "percent" : 57}
{"object_type": "report_status", "percent" : 59}
Info: Fitter post-fit operations ending: elapsed time is 00:00:01
Info: Generated suppressed messages file C:/Users/Morten/Documents/GitHub/P8_code/Wallace/VHDL_ExecTime/dse/dse1/dse1_base/output_files/Wallace_speed.fit.smsg
Info: Generated JSON formatted report files in C:/Users/Morten/Documents/GitHub/P8_code/Wallace/VHDL_ExecTime/dse/dse1/dse1_base/db/Wallace_speed.fit.json_files/
Info: Generated JSON formatted report files in C:/Users/Morten/Documents/GitHub/P8_code/Wallace/VHDL_ExecTime/dse/dse1/dse1_base/db/Wallace_speed.flow.json_files/
Info: Quartus Prime Fitter was successful. 0 errors, 9 warnings
{"object_type": "report_status", "percent" : 60}
{"object_type": "refresh_report"}
{"object_type": "report_status", "percent" : 60}
Warning: Can't contact license server "13333@Altera.srv.aau.dk" -- this server will be ignored.
{"object_type": "report_status", "percent" : 60}
Info: *******************************************************************
Info: Running Quartus Prime Assembler
Info: Command: quartus_asm --read_settings_files=off --write_settings_files=off Wallace_speed -c Wallace_speed
{"object_type": "refresh_report"}
Warning: Number of processors has not been specified which may cause overloading on shared machines.  Set the global assignment NUM_PARALLEL_PROCESSORS in your QSF to an appropriate value for best performance.
{"object_type": "report_status", "percent" : 61}
{"object_type": "report_status", "percent" : 62}
{"object_type": "report_status", "percent" : 66}
{"object_type": "report_status", "percent" : 68}
{"object_type": "report_status", "percent" : 70}
{"object_type": "report_status", "percent" : 74}
{"object_type": "report_status", "percent" : 76}
Info: Writing out detailed assembly data for power analysis
Info: Assembler is generating device programming files
{"object_type": "report_status", "percent" : 78}
Info: Quartus Prime Assembler was successful. 0 errors, 2 warnings
{"object_type": "report_status", "percent" : 80}
{"object_type": "refresh_report"}
Info: Skipped module Power Analyzer due to the assignment FLOW_ENABLE_POWER_ANALYZER
{"object_type": "report_status", "percent" : 80}
Warning: Can't contact license server "13333@Altera.srv.aau.dk" -- this server will be ignored.
Info: *******************************************************************
Info: Running Quartus Prime Timing Analyzer
Info: Command: quartus_sta Wallace_speed -c Wallace_speed
Info: qsta_default_script.tcl version: #1
{"object_type": "report_status", "percent" : 80}
Warning: Number of processors has not been specified which may cause overloading on shared machines.  Set the global assignment NUM_PARALLEL_PROCESSORS in your QSF to an appropriate value for best performance.
Info: Parallel compilation is enabled and will use 4 of the 4 processors detected
Info: Low junction temperature is 0 degrees C
Info: High junction temperature is 85 degrees C
{"object_type": "report_status", "percent" : 84}
Critical Warning: Synopsys Design Constraints File file not found: 'Wallace_speed.sdc'. A Synopsys Design Constraints File is required by the Timing Analyzer to get proper timing constraints. Without it, the Compiler will not properly optimize the design.
Info: No user constrained base clocks found in the design. Calling "derive_clocks -period 1.0"
Info: Deriving Clocks
Warning: Found combinational loop of 2 nodes
Info: No user constrained clock uncertainty found in the design. Calling "derive_clock_uncertainty"
Info: Deriving Clock Uncertainty. Please refer to report_sdc in the Timing Analyzer to see clock uncertainties.
Info: Found TIMING_ANALYZER_REPORT_SCRIPT_INCLUDE_DEFAULT_ANALYSIS = ON
Info: Analyzing Slow 1200mV 85C Model
Critical Warning: Timing requirements not met
Info: Worst-case setup slack is -6.357
Info: Worst-case hold slack is 0.428
Info: No Recovery paths to report
Info: No Removal paths to report
Info: Worst-case minimum pulse width slack is -3.000
Info: Report Metastability: Found 1 synchronizer chains.
Info: Analyzing Slow 1200mV 0C Model
Info: Started post-fitting delay annotation
{"object_type": "report_status", "percent" : 90}
{"object_type": "report_status", "percent" : 90}
{"object_type": "report_status", "percent" : 90}
{"object_type": "report_status", "percent" : 91}
{"object_type": "report_status", "percent" : 91}
{"object_type": "report_status", "percent" : 91}
{"object_type": "report_status", "percent" : 91}
{"object_type": "report_status", "percent" : 91}
{"object_type": "report_status", "percent" : 92}
{"object_type": "report_status", "percent" : 92}
{"object_type": "report_status", "percent" : 92}
{"object_type": "report_status", "percent" : 92}
{"object_type": "report_status", "percent" : 92}
{"object_type": "report_status", "percent" : 93}
{"object_type": "report_status", "percent" : 93}
{"object_type": "report_status", "percent" : 93}
{"object_type": "report_status", "percent" : 93}
{"object_type": "report_status", "percent" : 93}
{"object_type": "report_status", "percent" : 94}
{"object_type": "report_status", "percent" : 94}
{"object_type": "report_status", "percent" : 94}
{"object_type": "report_status", "percent" : 94}
{"object_type": "report_status", "percent" : 94}
{"object_type": "report_status", "percent" : 95}
{"object_type": "report_status", "percent" : 95}
{"object_type": "report_status", "percent" : 95}
{"object_type": "report_status", "percent" : 95}
{"object_type": "report_status", "percent" : 95}
{"object_type": "report_status", "percent" : 96}
{"object_type": "report_status", "percent" : 96}
{"object_type": "report_status", "percent" : 96}
{"object_type": "report_status", "percent" : 96}
{"object_type": "report_status", "percent" : 96}
{"object_type": "report_status", "percent" : 97}
{"object_type": "report_status", "percent" : 97}
{"object_type": "report_status", "percent" : 97}
{"object_type": "report_status", "percent" : 97}
{"object_type": "report_status", "percent" : 97}
{"object_type": "report_status", "percent" : 98}
{"object_type": "report_status", "percent" : 98}
{"object_type": "report_status", "percent" : 98}
{"object_type": "report_status", "percent" : 98}
{"object_type": "report_status", "percent" : 98}
{"object_type": "report_status", "percent" : 98}
{"object_type": "report_status", "percent" : 98}
{"object_type": "report_status", "percent" : 99}
{"object_type": "report_status", "percent" : 99}
{"object_type": "report_status", "percent" : 99}
{"object_type": "report_status", "percent" : 99}
{"object_type": "report_status", "percent" : 99}
Info: Delay annotation completed successfully
Info: Deriving Clock Uncertainty. Please refer to report_sdc in the Timing Analyzer to see clock uncertainties.
Critical Warning: Timing requirements not met
Info: Worst-case setup slack is -5.738
Info: Worst-case hold slack is 0.396
Info: No Recovery paths to report
Info: No Removal paths to report
Info: Worst-case minimum pulse width slack is -3.000
Info: Report Metastability: Found 1 synchronizer chains.
Info: Analyzing Fast 1200mV 0C Model
Info: Deriving Clock Uncertainty. Please refer to report_sdc in the Timing Analyzer to see clock uncertainties.
Critical Warning: Timing requirements not met
Info: Worst-case setup slack is -2.703
Info: Worst-case hold slack is 0.187
Info: No Recovery paths to report
Info: No Removal paths to report
Info: Worst-case minimum pulse width slack is -3.000
Info: Report Metastability: Found 1 synchronizer chains.
Info: Design is not fully constrained for setup requirements
Info: Design is not fully constrained for hold requirements
Info: Generated JSON formatted report files in C:/Users/Morten/Documents/GitHub/P8_code/Wallace/VHDL_ExecTime/dse/dse1/dse1_base/db/Wallace_speed.sta.json_files/
Info: Generated JSON formatted report files in C:/Users/Morten/Documents/GitHub/P8_code/Wallace/VHDL_ExecTime/dse/dse1/dse1_base/db/Wallace_speed.flow.json_files/
Info: Quartus Prime Timing Analyzer was successful. 0 errors, 9 warnings
Info: Generated JSON formatted report files in C:/Users/Morten/Documents/GitHub/P8_code/Wallace/VHDL_ExecTime/dse/dse1/dse1_base/db/Wallace_speed.sta.json_files/
{"object_type": "report_status", "percent" : 100}
{"object_type": "refresh_report"}
Info: Quartus Prime Full Compilation was successful. 0 errors, 30 warnings
Info: Evaluation of Tcl script c:/intelfpga_lite/18.1/quartus/common/tcl/internal/qsh_flow.tcl was successful
Info: Quartus Prime Shell was successful. 0 errors, 30 warnings
