Analysis & Synthesis report for Wallace_speed
Thu May 05 23:09:59 2022
Quartus Prime Version 18.1.0 Build 625 09/12/2018 SJ Lite Edition


---------------------
; Table of Contents ;
---------------------
  1. Legal Notice
  2. Analysis & Synthesis Summary
  3. Analysis & Synthesis Settings
  4. Parallel Compilation
  5. Analysis & Synthesis Source Files Read
  6. Analysis & Synthesis Resource Usage Summary
  7. Analysis & Synthesis Resource Utilization by Entity
  8. Analysis & Synthesis RAM Summary
  9. Analysis & Synthesis IP Cores Summary
 10. User-Specified and Inferred Latches
 11. Registers Removed During Synthesis
 12. General Register Statistics
 13. Inverted Register Statistics
 14. Registers Packed Into Inferred Megafunctions
 15. Source assignments for RAM_1:RAM_1_1|altsyncram:altsyncram_component|altsyncram_tat3:auto_generated
 16. Source assignments for RAM_2:RAM_1_2|altsyncram:altsyncram_component|altsyncram_uat3:auto_generated
 17. Source assignments for RAM_1:RAM_2_1|altsyncram:altsyncram_component|altsyncram_tat3:auto_generated
 18. Source assignments for RAM_2:RAM_2_2|altsyncram:altsyncram_component|altsyncram_uat3:auto_generated
 19. Source assignments for altshift_taps:addr_D1_rtl_0|shift_taps_f6m:auto_generated|altsyncram_2e81:altsyncram2
 20. Parameter Settings for User Entity Instance: RAM_1:RAM_1_1|altsyncram:altsyncram_component
 21. Parameter Settings for User Entity Instance: RAM_2:RAM_1_2|altsyncram:altsyncram_component
 22. Parameter Settings for User Entity Instance: RAM_1:RAM_2_1|altsyncram:altsyncram_component
 23. Parameter Settings for User Entity Instance: RAM_2:RAM_2_2|altsyncram:altsyncram_component
 24. Parameter Settings for Inferred Entity Instance: altshift_taps:addr_D1_rtl_0
 25. altsyncram Parameter Settings by Entity Instance
 26. altshift_taps Parameter Settings by Entity Instance
 27. Port Connectivity Checks: "control_path:cp|LFSR_3:LFSR"
 28. Port Connectivity Checks: "control_path:cp"
 29. Post-Synthesis Netlist Statistics for Top Partition
 30. Elapsed Time Per Partition
 31. Analysis & Synthesis Messages



----------------
; Legal Notice ;
----------------
Copyright (C) 2018  Intel Corporation. All rights reserved.
Your use of Intel Corporation's design tools, logic functions 
and other software and tools, and its AMPP partner logic 
functions, and any output files from any of the foregoing 
(including device programming or simulation files), and any 
associated documentation or information are expressly subject 
to the terms and conditions of the Intel Program License 
Subscription Agreement, the Intel Quartus Prime License Agreement,
the Intel FPGA IP License Agreement, or other applicable license
agreement, including, without limitation, that your use is for
the sole purpose of programming logic devices manufactured by
Intel and sold by Intel or its authorized distributors.  Please
refer to the applicable agreement for further details.



+----------------------------------------------------------------------------------+
; Analysis & Synthesis Summary                                                     ;
+------------------------------------+---------------------------------------------+
; Analysis & Synthesis Status        ; Successful - Thu May 05 23:09:59 2022       ;
; Quartus Prime Version              ; 18.1.0 Build 625 09/12/2018 SJ Lite Edition ;
; Revision Name                      ; Wallace_speed                               ;
; Top-level Entity Name              ; Wallace_speed                               ;
; Family                             ; Cyclone IV E                                ;
; Total logic elements               ; 708                                         ;
;     Total combinational functions  ; 471                                         ;
;     Dedicated logic registers      ; 474                                         ;
; Total registers                    ; 474                                         ;
; Total pins                         ; 67                                          ;
; Total virtual pins                 ; 0                                           ;
; Total memory bits                  ; 32,840                                      ;
; Embedded Multiplier 9-bit elements ; 0                                           ;
; Total PLLs                         ; 0                                           ;
+------------------------------------+---------------------------------------------+


+------------------------------------------------------------------------------------------------------------+
; Analysis & Synthesis Settings                                                                              ;
+------------------------------------------------------------------+--------------------+--------------------+
; Option                                                           ; Setting            ; Default Value      ;
+------------------------------------------------------------------+--------------------+--------------------+
; Device                                                           ; EP4CE115F29C7      ;                    ;
; Top-level entity name                                            ; Wallace_speed      ; Wallace_speed      ;
; Family name                                                      ; Cyclone IV E       ; Cyclone V          ;
; Use smart compilation                                            ; Off                ; Off                ;
; Enable parallel Assembler and Timing Analyzer during compilation ; On                 ; On                 ;
; Enable compact report table                                      ; Off                ; Off                ;
; Restructure Multiplexers                                         ; Auto               ; Auto               ;
; Create Debugging Nodes for IP Cores                              ; Off                ; Off                ;
; Preserve fewer node names                                        ; On                 ; On                 ;
; Intel FPGA IP Evaluation Mode                                    ; Enable             ; Enable             ;
; Verilog Version                                                  ; Verilog_2001       ; Verilog_2001       ;
; VHDL Version                                                     ; VHDL_1993          ; VHDL_1993          ;
; State Machine Processing                                         ; Auto               ; Auto               ;
; Safe State Machine                                               ; Off                ; Off                ;
; Extract Verilog State Machines                                   ; On                 ; On                 ;
; Extract VHDL State Machines                                      ; On                 ; On                 ;
; Ignore Verilog initial constructs                                ; Off                ; Off                ;
; Iteration limit for constant Verilog loops                       ; 5000               ; 5000               ;
; Iteration limit for non-constant Verilog loops                   ; 250                ; 250                ;
; Add Pass-Through Logic to Inferred RAMs                          ; On                 ; On                 ;
; Infer RAMs from Raw Logic                                        ; On                 ; On                 ;
; Parallel Synthesis                                               ; On                 ; On                 ;
; DSP Block Balancing                                              ; Auto               ; Auto               ;
; NOT Gate Push-Back                                               ; On                 ; On                 ;
; Power-Up Don't Care                                              ; On                 ; On                 ;
; Remove Redundant Logic Cells                                     ; Off                ; Off                ;
; Remove Duplicate Registers                                       ; On                 ; On                 ;
; Ignore CARRY Buffers                                             ; Off                ; Off                ;
; Ignore CASCADE Buffers                                           ; Off                ; Off                ;
; Ignore GLOBAL Buffers                                            ; Off                ; Off                ;
; Ignore ROW GLOBAL Buffers                                        ; Off                ; Off                ;
; Ignore LCELL Buffers                                             ; Off                ; Off                ;
; Ignore SOFT Buffers                                              ; On                 ; On                 ;
; Limit AHDL Integers to 32 Bits                                   ; Off                ; Off                ;
; Optimization Technique                                           ; Balanced           ; Balanced           ;
; Carry Chain Length                                               ; 70                 ; 70                 ;
; Auto Carry Chains                                                ; On                 ; On                 ;
; Auto Open-Drain Pins                                             ; On                 ; On                 ;
; Perform WYSIWYG Primitive Resynthesis                            ; Off                ; Off                ;
; Auto ROM Replacement                                             ; On                 ; On                 ;
; Auto RAM Replacement                                             ; On                 ; On                 ;
; Auto DSP Block Replacement                                       ; On                 ; On                 ;
; Auto Shift Register Replacement                                  ; Auto               ; Auto               ;
; Allow Shift Register Merging across Hierarchies                  ; Auto               ; Auto               ;
; Auto Clock Enable Replacement                                    ; On                 ; On                 ;
; Strict RAM Replacement                                           ; Off                ; Off                ;
; Allow Synchronous Control Signals                                ; On                 ; On                 ;
; Force Use of Synchronous Clear Signals                           ; Off                ; Off                ;
; Auto RAM Block Balancing                                         ; On                 ; On                 ;
; Auto RAM to Logic Cell Conversion                                ; Off                ; Off                ;
; Auto Resource Sharing                                            ; Off                ; Off                ;
; Allow Any RAM Size For Recognition                               ; Off                ; Off                ;
; Allow Any ROM Size For Recognition                               ; Off                ; Off                ;
; Allow Any Shift Register Size For Recognition                    ; Off                ; Off                ;
; Use LogicLock Constraints during Resource Balancing              ; On                 ; On                 ;
; Ignore translate_off and synthesis_off directives                ; Off                ; Off                ;
; Timing-Driven Synthesis                                          ; On                 ; On                 ;
; Report Parameter Settings                                        ; On                 ; On                 ;
; Report Source Assignments                                        ; On                 ; On                 ;
; Report Connectivity Checks                                       ; On                 ; On                 ;
; Ignore Maximum Fan-Out Assignments                               ; Off                ; Off                ;
; Synchronization Register Chain Length                            ; 2                  ; 2                  ;
; Power Optimization During Synthesis                              ; Normal compilation ; Normal compilation ;
; HDL message level                                                ; Level2             ; Level2             ;
; Suppress Register Optimization Related Messages                  ; Off                ; Off                ;
; Number of Removed Registers Reported in Synthesis Report         ; 5000               ; 5000               ;
; Number of Swept Nodes Reported in Synthesis Report               ; 5000               ; 5000               ;
; Number of Inverted Registers Reported in Synthesis Report        ; 100                ; 100                ;
; Clock MUX Protection                                             ; On                 ; On                 ;
; Auto Gated Clock Conversion                                      ; Off                ; Off                ;
; Block Design Naming                                              ; Auto               ; Auto               ;
; SDC constraint protection                                        ; Off                ; Off                ;
; Synthesis Effort                                                 ; Auto               ; Auto               ;
; Shift Register Replacement - Allow Asynchronous Clear Signal     ; On                 ; On                 ;
; Pre-Mapping Resynthesis Optimization                             ; Off                ; Off                ;
; Analysis & Synthesis Message Level                               ; Medium             ; Medium             ;
; Disable Register Merging Across Hierarchies                      ; Auto               ; Auto               ;
; Resource Aware Inference For Block RAM                           ; On                 ; On                 ;
+------------------------------------------------------------------+--------------------+--------------------+


+------------------------------------------+
; Parallel Compilation                     ;
+----------------------------+-------------+
; Processors                 ; Number      ;
+----------------------------+-------------+
; Number detected on machine ; 4           ;
; Maximum allowed            ; 4           ;
;                            ;             ;
; Average used               ; 1.00        ;
; Maximum used               ; 4           ;
;                            ;             ;
; Usage by Processor         ; % Time Used ;
;     Processor 1            ; 100.0%      ;
;     Processor 2            ;   0.1%      ;
;     Processor 3            ;   0.0%      ;
;     Processor 4            ;   0.0%      ;
+----------------------------+-------------+


+--------------------------------------------------------------------------------------------------------------------------------------------------------------------------------------------+
; Analysis & Synthesis Source Files Read                                                                                                                                                     ;
+----------------------------------+-----------------+----------------------------------------+------------------------------------------------------------------------------------+---------+
; File Name with User-Entered Path ; Used in Netlist ; File Type                              ; File Name with Absolute Path                                                       ; Library ;
+----------------------------------+-----------------+----------------------------------------+------------------------------------------------------------------------------------+---------+
; LFSR_52.vhd                      ; yes             ; User VHDL File                         ; C:/Users/morte/Documents/GitHub/P8_code/Wallace/VHDL/LFSR_52.vhd                   ;         ;
; LFSR_3.vhd                       ; yes             ; User VHDL File                         ; C:/Users/morte/Documents/GitHub/P8_code/Wallace/VHDL/LFSR_3.vhd                    ;         ;
; control_path.vhd                 ; yes             ; User VHDL File                         ; C:/Users/morte/Documents/GitHub/P8_code/Wallace/VHDL/control_path.vhd              ;         ;
; Wallace_speed.vhd                ; yes             ; User VHDL File                         ; C:/Users/morte/Documents/GitHub/P8_code/Wallace/VHDL/Wallace_speed.vhd             ;         ;
; RAM_1.vhd                        ; yes             ; User Wizard-Generated File             ; C:/Users/morte/Documents/GitHub/P8_code/Wallace/VHDL/RAM_1.vhd                     ;         ;
; RAM_2.vhd                        ; yes             ; User Wizard-Generated File             ; C:/Users/morte/Documents/GitHub/P8_code/Wallace/VHDL/RAM_2.vhd                     ;         ;
; addr_gen.vhd                     ; yes             ; User VHDL File                         ; C:/Users/morte/Documents/GitHub/P8_code/Wallace/VHDL/addr_gen.vhd                  ;         ;
; altsyncram.tdf                   ; yes             ; Megafunction                           ; d:/programs/quartusprimelite/quartus/libraries/megafunctions/altsyncram.tdf        ;         ;
; stratix_ram_block.inc            ; yes             ; Megafunction                           ; d:/programs/quartusprimelite/quartus/libraries/megafunctions/stratix_ram_block.inc ;         ;
; lpm_mux.inc                      ; yes             ; Megafunction                           ; d:/programs/quartusprimelite/quartus/libraries/megafunctions/lpm_mux.inc           ;         ;
; lpm_decode.inc                   ; yes             ; Megafunction                           ; d:/programs/quartusprimelite/quartus/libraries/megafunctions/lpm_decode.inc        ;         ;
; aglobal181.inc                   ; yes             ; Megafunction                           ; d:/programs/quartusprimelite/quartus/libraries/megafunctions/aglobal181.inc        ;         ;
; a_rdenreg.inc                    ; yes             ; Megafunction                           ; d:/programs/quartusprimelite/quartus/libraries/megafunctions/a_rdenreg.inc         ;         ;
; altrom.inc                       ; yes             ; Megafunction                           ; d:/programs/quartusprimelite/quartus/libraries/megafunctions/altrom.inc            ;         ;
; altram.inc                       ; yes             ; Megafunction                           ; d:/programs/quartusprimelite/quartus/libraries/megafunctions/altram.inc            ;         ;
; altdpram.inc                     ; yes             ; Megafunction                           ; d:/programs/quartusprimelite/quartus/libraries/megafunctions/altdpram.inc          ;         ;
; db/altsyncram_tat3.tdf           ; yes             ; Auto-Generated Megafunction            ; C:/Users/morte/Documents/GitHub/P8_code/Wallace/VHDL/db/altsyncram_tat3.tdf        ;         ;
; pool_1.mif                       ; yes             ; Auto-Found Memory Initialization File  ; C:/Users/morte/Documents/GitHub/P8_code/Wallace/VHDL/pool_1.mif                    ;         ;
; db/altsyncram_uat3.tdf           ; yes             ; Auto-Generated Megafunction            ; C:/Users/morte/Documents/GitHub/P8_code/Wallace/VHDL/db/altsyncram_uat3.tdf        ;         ;
; pool_2.mif                       ; yes             ; Auto-Found Memory Initialization File  ; C:/Users/morte/Documents/GitHub/P8_code/Wallace/VHDL/pool_2.mif                    ;         ;
; altshift_taps.tdf                ; yes             ; Megafunction                           ; d:/programs/quartusprimelite/quartus/libraries/megafunctions/altshift_taps.tdf     ;         ;
; lpm_counter.inc                  ; yes             ; Megafunction                           ; d:/programs/quartusprimelite/quartus/libraries/megafunctions/lpm_counter.inc       ;         ;
; lpm_compare.inc                  ; yes             ; Megafunction                           ; d:/programs/quartusprimelite/quartus/libraries/megafunctions/lpm_compare.inc       ;         ;
; lpm_constant.inc                 ; yes             ; Megafunction                           ; d:/programs/quartusprimelite/quartus/libraries/megafunctions/lpm_constant.inc      ;         ;
; db/shift_taps_f6m.tdf            ; yes             ; Auto-Generated Megafunction            ; C:/Users/morte/Documents/GitHub/P8_code/Wallace/VHDL/db/shift_taps_f6m.tdf         ;         ;
; db/altsyncram_2e81.tdf           ; yes             ; Auto-Generated Megafunction            ; C:/Users/morte/Documents/GitHub/P8_code/Wallace/VHDL/db/altsyncram_2e81.tdf        ;         ;
; db/cntr_4pf.tdf                  ; yes             ; Auto-Generated Megafunction            ; C:/Users/morte/Documents/GitHub/P8_code/Wallace/VHDL/db/cntr_4pf.tdf               ;         ;
+----------------------------------+-----------------+----------------------------------------+------------------------------------------------------------------------------------+---------+


+---------------------------------------------------------+
; Analysis & Synthesis Resource Usage Summary             ;
+---------------------------------------------+-----------+
; Resource                                    ; Usage     ;
+---------------------------------------------+-----------+
; Estimated Total logic elements              ; 708       ;
;                                             ;           ;
; Total combinational functions               ; 471       ;
; Logic element usage by number of LUT inputs ;           ;
;     -- 4 input functions                    ; 80        ;
;     -- 3 input functions                    ; 206       ;
;     -- <=2 input functions                  ; 185       ;
;                                             ;           ;
; Logic elements by mode                      ;           ;
;     -- normal mode                          ; 343       ;
;     -- arithmetic mode                      ; 128       ;
;                                             ;           ;
; Total registers                             ; 474       ;
;     -- Dedicated logic registers            ; 474       ;
;     -- I/O registers                        ; 0         ;
;                                             ;           ;
; I/O pins                                    ; 67        ;
; Total memory bits                           ; 32840     ;
;                                             ;           ;
; Embedded Multiplier 9-bit elements          ; 0         ;
;                                             ;           ;
; Maximum fan-out node                        ; clk~input ;
; Maximum fan-out                             ; 523       ;
; Total fan-out                               ; 3888      ;
; Average fan-out                             ; 3.30      ;
+---------------------------------------------+-----------+


+--------------------------------------------------------------------------------------------------------------------------------------------------------------------------------------------------------------------------------------------------------------------------------------------------------------+
; Analysis & Synthesis Resource Utilization by Entity                                                                                                                                                                                                                                                          ;
+-------------------------------------------+---------------------+---------------------------+-------------+--------------+---------+-----------+------+--------------+------------------------------------------------------------------------------------------------------+-----------------+--------------+
; Compilation Hierarchy Node                ; Combinational ALUTs ; Dedicated Logic Registers ; Memory Bits ; DSP Elements ; DSP 9x9 ; DSP 18x18 ; Pins ; Virtual Pins ; Full Hierarchy Name                                                                                  ; Entity Name     ; Library Name ;
+-------------------------------------------+---------------------+---------------------------+-------------+--------------+---------+-----------+------+--------------+------------------------------------------------------------------------------------------------------+-----------------+--------------+
; |Wallace_speed                            ; 471 (328)           ; 474 (352)                 ; 32840       ; 0            ; 0       ; 0         ; 67   ; 0            ; |Wallace_speed                                                                                       ; Wallace_speed   ; work         ;
;    |LFSR_52:LFSR|                         ; 38 (38)             ; 52 (52)                   ; 0           ; 0            ; 0       ; 0         ; 0    ; 0            ; |Wallace_speed|LFSR_52:LFSR                                                                          ; LFSR_52         ; work         ;
;    |RAM_1:RAM_1_1|                        ; 0 (0)               ; 0 (0)                     ; 8192        ; 0            ; 0       ; 0         ; 0    ; 0            ; |Wallace_speed|RAM_1:RAM_1_1                                                                         ; RAM_1           ; work         ;
;       |altsyncram:altsyncram_component|   ; 0 (0)               ; 0 (0)                     ; 8192        ; 0            ; 0       ; 0         ; 0    ; 0            ; |Wallace_speed|RAM_1:RAM_1_1|altsyncram:altsyncram_component                                         ; altsyncram      ; work         ;
;          |altsyncram_tat3:auto_generated| ; 0 (0)               ; 0 (0)                     ; 8192        ; 0            ; 0       ; 0         ; 0    ; 0            ; |Wallace_speed|RAM_1:RAM_1_1|altsyncram:altsyncram_component|altsyncram_tat3:auto_generated          ; altsyncram_tat3 ; work         ;
;    |RAM_1:RAM_2_1|                        ; 0 (0)               ; 0 (0)                     ; 8192        ; 0            ; 0       ; 0         ; 0    ; 0            ; |Wallace_speed|RAM_1:RAM_2_1                                                                         ; RAM_1           ; work         ;
;       |altsyncram:altsyncram_component|   ; 0 (0)               ; 0 (0)                     ; 8192        ; 0            ; 0       ; 0         ; 0    ; 0            ; |Wallace_speed|RAM_1:RAM_2_1|altsyncram:altsyncram_component                                         ; altsyncram      ; work         ;
;          |altsyncram_tat3:auto_generated| ; 0 (0)               ; 0 (0)                     ; 8192        ; 0            ; 0       ; 0         ; 0    ; 0            ; |Wallace_speed|RAM_1:RAM_2_1|altsyncram:altsyncram_component|altsyncram_tat3:auto_generated          ; altsyncram_tat3 ; work         ;
;    |RAM_2:RAM_1_2|                        ; 0 (0)               ; 0 (0)                     ; 8192        ; 0            ; 0       ; 0         ; 0    ; 0            ; |Wallace_speed|RAM_2:RAM_1_2                                                                         ; RAM_2           ; work         ;
;       |altsyncram:altsyncram_component|   ; 0 (0)               ; 0 (0)                     ; 8192        ; 0            ; 0       ; 0         ; 0    ; 0            ; |Wallace_speed|RAM_2:RAM_1_2|altsyncram:altsyncram_component                                         ; altsyncram      ; work         ;
;          |altsyncram_uat3:auto_generated| ; 0 (0)               ; 0 (0)                     ; 8192        ; 0            ; 0       ; 0         ; 0    ; 0            ; |Wallace_speed|RAM_2:RAM_1_2|altsyncram:altsyncram_component|altsyncram_uat3:auto_generated          ; altsyncram_uat3 ; work         ;
;    |RAM_2:RAM_2_2|                        ; 0 (0)               ; 0 (0)                     ; 8192        ; 0            ; 0       ; 0         ; 0    ; 0            ; |Wallace_speed|RAM_2:RAM_2_2                                                                         ; RAM_2           ; work         ;
;       |altsyncram:altsyncram_component|   ; 0 (0)               ; 0 (0)                     ; 8192        ; 0            ; 0       ; 0         ; 0    ; 0            ; |Wallace_speed|RAM_2:RAM_2_2|altsyncram:altsyncram_component                                         ; altsyncram      ; work         ;
;          |altsyncram_uat3:auto_generated| ; 0 (0)               ; 0 (0)                     ; 8192        ; 0            ; 0       ; 0         ; 0    ; 0            ; |Wallace_speed|RAM_2:RAM_2_2|altsyncram:altsyncram_component|altsyncram_uat3:auto_generated          ; altsyncram_uat3 ; work         ;
;    |addr_gen:ADDR_GEN_1|                  ; 38 (38)             ; 26 (26)                   ; 0           ; 0            ; 0       ; 0         ; 0    ; 0            ; |Wallace_speed|addr_gen:ADDR_GEN_1                                                                   ; addr_gen        ; work         ;
;    |addr_gen:ADDR_GEN_2|                  ; 48 (48)             ; 26 (26)                   ; 0           ; 0            ; 0       ; 0         ; 0    ; 0            ; |Wallace_speed|addr_gen:ADDR_GEN_2                                                                   ; addr_gen        ; work         ;
;    |altshift_taps:addr_D1_rtl_0|          ; 1 (0)               ; 1 (0)                     ; 72          ; 0            ; 0       ; 0         ; 0    ; 0            ; |Wallace_speed|altshift_taps:addr_D1_rtl_0                                                           ; altshift_taps   ; work         ;
;       |shift_taps_f6m:auto_generated|     ; 1 (0)               ; 1 (0)                     ; 72          ; 0            ; 0       ; 0         ; 0    ; 0            ; |Wallace_speed|altshift_taps:addr_D1_rtl_0|shift_taps_f6m:auto_generated                             ; shift_taps_f6m  ; work         ;
;          |altsyncram_2e81:altsyncram2|    ; 0 (0)               ; 0 (0)                     ; 72          ; 0            ; 0       ; 0         ; 0    ; 0            ; |Wallace_speed|altshift_taps:addr_D1_rtl_0|shift_taps_f6m:auto_generated|altsyncram_2e81:altsyncram2 ; altsyncram_2e81 ; work         ;
;          |cntr_4pf:cntr1|                 ; 1 (1)               ; 1 (1)                     ; 0           ; 0            ; 0       ; 0         ; 0    ; 0            ; |Wallace_speed|altshift_taps:addr_D1_rtl_0|shift_taps_f6m:auto_generated|cntr_4pf:cntr1              ; cntr_4pf        ; work         ;
;    |control_path:cp|                      ; 18 (15)             ; 17 (14)                   ; 0           ; 0            ; 0       ; 0         ; 0    ; 0            ; |Wallace_speed|control_path:cp                                                                       ; control_path    ; work         ;
;       |LFSR_3:LFSR|                       ; 3 (3)               ; 3 (3)                     ; 0           ; 0            ; 0       ; 0         ; 0    ; 0            ; |Wallace_speed|control_path:cp|LFSR_3:LFSR                                                           ; LFSR_3          ; work         ;
+-------------------------------------------+---------------------+---------------------------+-------------+--------------+---------+-----------+------+--------------+------------------------------------------------------------------------------------------------------+-----------------+--------------+
Note: For table entries with two numbers listed, the numbers in parentheses indicate the number of resources of the given type used by the specific entity alone. The numbers listed outside of parentheses indicate the total resources of the given type used by the specific entity and all of its sub-entities in the hierarchy.


+------------------------------------------------------------------------------------------------------------------------------------------------------------------------------------------------------------+
; Analysis & Synthesis RAM Summary                                                                                                                                                                           ;
+--------------------------------------------------------------------------------------------------+------+------------------+--------------+--------------+--------------+--------------+------+------------+
; Name                                                                                             ; Type ; Mode             ; Port A Depth ; Port A Width ; Port B Depth ; Port B Width ; Size ; MIF        ;
+--------------------------------------------------------------------------------------------------+------+------------------+--------------+--------------+--------------+--------------+------+------------+
; RAM_1:RAM_1_1|altsyncram:altsyncram_component|altsyncram_tat3:auto_generated|ALTSYNCRAM          ; AUTO ; True Dual Port   ; 512          ; 16           ; 512          ; 16           ; 8192 ; pool_1.mif ;
; RAM_1:RAM_2_1|altsyncram:altsyncram_component|altsyncram_tat3:auto_generated|ALTSYNCRAM          ; AUTO ; True Dual Port   ; 512          ; 16           ; 512          ; 16           ; 8192 ; pool_1.mif ;
; RAM_2:RAM_1_2|altsyncram:altsyncram_component|altsyncram_uat3:auto_generated|ALTSYNCRAM          ; AUTO ; True Dual Port   ; 512          ; 16           ; 512          ; 16           ; 8192 ; pool_2.mif ;
; RAM_2:RAM_2_2|altsyncram:altsyncram_component|altsyncram_uat3:auto_generated|ALTSYNCRAM          ; AUTO ; True Dual Port   ; 512          ; 16           ; 512          ; 16           ; 8192 ; pool_2.mif ;
; altshift_taps:addr_D1_rtl_0|shift_taps_f6m:auto_generated|altsyncram_2e81:altsyncram2|ALTSYNCRAM ; AUTO ; Simple Dual Port ; 2            ; 36           ; 2            ; 36           ; 72   ; None       ;
+--------------------------------------------------------------------------------------------------+------+------------------+--------------+--------------+--------------+--------------+------+------------+


+----------------------------------------------------------------------------------------------------------------+
; Analysis & Synthesis IP Cores Summary                                                                          ;
+--------+--------------+---------+--------------+--------------+------------------------------+-----------------+
; Vendor ; IP Core Name ; Version ; Release Date ; License Type ; Entity Instance              ; IP Include File ;
+--------+--------------+---------+--------------+--------------+------------------------------+-----------------+
; Altera ; RAM: 2-PORT  ; 18.1    ; N/A          ; N/A          ; |Wallace_speed|RAM_1:RAM_1_1 ; RAM_1.vhd       ;
; Altera ; RAM: 2-PORT  ; 18.1    ; N/A          ; N/A          ; |Wallace_speed|RAM_2:RAM_1_2 ; RAM_2.vhd       ;
; Altera ; RAM: 2-PORT  ; 18.1    ; N/A          ; N/A          ; |Wallace_speed|RAM_1:RAM_2_1 ; RAM_1.vhd       ;
; Altera ; RAM: 2-PORT  ; 18.1    ; N/A          ; N/A          ; |Wallace_speed|RAM_2:RAM_2_2 ; RAM_2.vhd       ;
+--------+--------------+---------+--------------+--------------+------------------------------+-----------------+


+----------------------------------------------------------------------------------------------------------+
; User-Specified and Inferred Latches                                                                      ;
+----------------------------------------------------+----------------------------+------------------------+
; Latch Name                                         ; Latch Enable Signal        ; Free of Timing Hazards ;
+----------------------------------------------------+----------------------------+------------------------+
; control_path:cp|WE_1                               ; control_path:cp|start_tmp6 ; yes                    ;
; control_path:cp|WE_2                               ; control_path:cp|start_tmp6 ; yes                    ;
; control_path:cp|one_bit_count                      ; control_path:cp|Equal1     ; yes                    ;
; Number of user-specified and inferred latches = 3  ;                            ;                        ;
+----------------------------------------------------+----------------------------+------------------------+
Note: All latches listed above may not be present at the end of synthesis due to various synthesis optimizations.


+--------------------------------------------------------------------------------+
; Registers Removed During Synthesis                                             ;
+---------------------------------------+----------------------------------------+
; Register name                         ; Reason for Removal                     ;
+---------------------------------------+----------------------------------------+
; addr_gen:ADDR_GEN_2|s_saved[0]        ; Stuck at VCC due to stuck port data_in ;
; addr_gen:ADDR_GEN_1|s_saved[0]        ; Stuck at VCC due to stuck port data_in ;
; Total Number of Removed Registers = 2 ;                                        ;
+---------------------------------------+----------------------------------------+


+------------------------------------------------------+
; General Register Statistics                          ;
+----------------------------------------------+-------+
; Statistic                                    ; Value ;
+----------------------------------------------+-------+
; Total registers                              ; 474   ;
; Number of registers using Synchronous Clear  ; 8     ;
; Number of registers using Synchronous Load   ; 0     ;
; Number of registers using Asynchronous Clear ; 0     ;
; Number of registers using Asynchronous Load  ; 0     ;
; Number of registers using Clock Enable       ; 6     ;
; Number of registers using Preset             ; 0     ;
+----------------------------------------------+-------+


+---------------------------------------------------------+
; Inverted Register Statistics                            ;
+-----------------------------------------------+---------+
; Inverted Register                             ; Fan out ;
+-----------------------------------------------+---------+
; control_path:cp|LFSR_3:LFSR|shift_register[1] ; 2       ;
; addr_gen:ADDR_GEN_2|m_saved[0]                ; 3       ;
; addr_gen:ADDR_GEN_2|o_saved[0]                ; 4       ;
; addr_gen:ADDR_GEN_2|m_saved[3]                ; 3       ;
; addr_gen:ADDR_GEN_2|o_saved[3]                ; 4       ;
; addr_gen:ADDR_GEN_2|m_saved[5]                ; 3       ;
; addr_gen:ADDR_GEN_2|o_saved[5]                ; 4       ;
; addr_gen:ADDR_GEN_2|m_saved[8]                ; 3       ;
; addr_gen:ADDR_GEN_2|o_saved[8]                ; 4       ;
; LFSR_52:LFSR|shift_register[26]               ; 6       ;
; LFSR_52:LFSR|shift_register[30]               ; 6       ;
; addr_gen:ADDR_GEN_2|s_saved[4]                ; 1       ;
; addr_gen:ADDR_GEN_2|s_saved[5]                ; 1       ;
; addr_gen:ADDR_GEN_1|m_saved[0]                ; 3       ;
; addr_gen:ADDR_GEN_1|o_saved[0]                ; 4       ;
; addr_gen:ADDR_GEN_1|m_saved[3]                ; 3       ;
; addr_gen:ADDR_GEN_1|o_saved[3]                ; 4       ;
; addr_gen:ADDR_GEN_1|m_saved[5]                ; 3       ;
; addr_gen:ADDR_GEN_1|o_saved[5]                ; 4       ;
; addr_gen:ADDR_GEN_1|m_saved[8]                ; 3       ;
; addr_gen:ADDR_GEN_1|o_saved[8]                ; 4       ;
; LFSR_52:LFSR|shift_register[0]                ; 5       ;
; LFSR_52:LFSR|shift_register[3]                ; 5       ;
; addr_gen:ADDR_GEN_1|s_saved[4]                ; 1       ;
; LFSR_52:LFSR|shift_register[5]                ; 5       ;
; addr_gen:ADDR_GEN_1|s_saved[5]                ; 1       ;
; LFSR_52:LFSR|shift_register[8]                ; 5       ;
; LFSR_52:LFSR|shift_register[35]               ; 3       ;
; LFSR_52:LFSR|shift_register[37]               ; 3       ;
; LFSR_52:LFSR|shift_register[38]               ; 3       ;
; LFSR_52:LFSR|shift_register[39]               ; 3       ;
; LFSR_52:LFSR|shift_register[41]               ; 3       ;
; LFSR_52:LFSR|shift_register[44]               ; 3       ;
; LFSR_52:LFSR|shift_register[46]               ; 3       ;
; LFSR_52:LFSR|shift_register[9]                ; 2       ;
; LFSR_52:LFSR|shift_register[49]               ; 2       ;
; LFSR_52:LFSR|shift_register[10]               ; 2       ;
; LFSR_52:LFSR|shift_register[13]               ; 2       ;
; LFSR_52:LFSR|shift_register[17]               ; 2       ;
; LFSR_52:LFSR|shift_register[21]               ; 2       ;
; LFSR_52:LFSR|shift_register[22]               ; 2       ;
; Total number of inverted registers = 41       ;         ;
+-----------------------------------------------+---------+


+----------------------------------------------+
; Registers Packed Into Inferred Megafunctions ;
+----------------+---------------+-------------+
; Register Name  ; Megafunction  ; Type        ;
+----------------+---------------+-------------+
; addr_D4[0..35] ; addr_D1_rtl_0 ; SHIFT_TAPS  ;
; addr_D3[0..35] ; addr_D1_rtl_0 ; SHIFT_TAPS  ;
; addr_D2[0..35] ; addr_D1_rtl_0 ; SHIFT_TAPS  ;
; addr_D1[0..35] ; addr_D1_rtl_0 ; SHIFT_TAPS  ;
+----------------+---------------+-------------+


+-----------------------------------------------------------------------------------------------------+
; Source assignments for RAM_1:RAM_1_1|altsyncram:altsyncram_component|altsyncram_tat3:auto_generated ;
+---------------------------------+--------------------+------+---------------------------------------+
; Assignment                      ; Value              ; From ; To                                    ;
+---------------------------------+--------------------+------+---------------------------------------+
; OPTIMIZE_POWER_DURING_SYNTHESIS ; NORMAL_COMPILATION ; -    ; -                                     ;
+---------------------------------+--------------------+------+---------------------------------------+


+-----------------------------------------------------------------------------------------------------+
; Source assignments for RAM_2:RAM_1_2|altsyncram:altsyncram_component|altsyncram_uat3:auto_generated ;
+---------------------------------+--------------------+------+---------------------------------------+
; Assignment                      ; Value              ; From ; To                                    ;
+---------------------------------+--------------------+------+---------------------------------------+
; OPTIMIZE_POWER_DURING_SYNTHESIS ; NORMAL_COMPILATION ; -    ; -                                     ;
+---------------------------------+--------------------+------+---------------------------------------+


+-----------------------------------------------------------------------------------------------------+
; Source assignments for RAM_1:RAM_2_1|altsyncram:altsyncram_component|altsyncram_tat3:auto_generated ;
+---------------------------------+--------------------+------+---------------------------------------+
; Assignment                      ; Value              ; From ; To                                    ;
+---------------------------------+--------------------+------+---------------------------------------+
; OPTIMIZE_POWER_DURING_SYNTHESIS ; NORMAL_COMPILATION ; -    ; -                                     ;
+---------------------------------+--------------------+------+---------------------------------------+


+-----------------------------------------------------------------------------------------------------+
; Source assignments for RAM_2:RAM_2_2|altsyncram:altsyncram_component|altsyncram_uat3:auto_generated ;
+---------------------------------+--------------------+------+---------------------------------------+
; Assignment                      ; Value              ; From ; To                                    ;
+---------------------------------+--------------------+------+---------------------------------------+
; OPTIMIZE_POWER_DURING_SYNTHESIS ; NORMAL_COMPILATION ; -    ; -                                     ;
+---------------------------------+--------------------+------+---------------------------------------+


+--------------------------------------------------------------------------------------------------------------+
; Source assignments for altshift_taps:addr_D1_rtl_0|shift_taps_f6m:auto_generated|altsyncram_2e81:altsyncram2 ;
+---------------------------------+--------------------+------+------------------------------------------------+
; Assignment                      ; Value              ; From ; To                                             ;
+---------------------------------+--------------------+------+------------------------------------------------+
; OPTIMIZE_POWER_DURING_SYNTHESIS ; NORMAL_COMPILATION ; -    ; -                                              ;
+---------------------------------+--------------------+------+------------------------------------------------+


+--------------------------------------------------------------------------------------------+
; Parameter Settings for User Entity Instance: RAM_1:RAM_1_1|altsyncram:altsyncram_component ;
+------------------------------------+------------------------+------------------------------+
; Parameter Name                     ; Value                  ; Type                         ;
+------------------------------------+------------------------+------------------------------+
; BYTE_SIZE_BLOCK                    ; 8                      ; Untyped                      ;
; AUTO_CARRY_CHAINS                  ; ON                     ; AUTO_CARRY                   ;
; IGNORE_CARRY_BUFFERS               ; OFF                    ; IGNORE_CARRY                 ;
; AUTO_CASCADE_CHAINS                ; ON                     ; AUTO_CASCADE                 ;
; IGNORE_CASCADE_BUFFERS             ; OFF                    ; IGNORE_CASCADE               ;
; WIDTH_BYTEENA                      ; 1                      ; Untyped                      ;
; OPERATION_MODE                     ; BIDIR_DUAL_PORT        ; Untyped                      ;
; WIDTH_A                            ; 16                     ; Signed Integer               ;
; WIDTHAD_A                          ; 9                      ; Signed Integer               ;
; NUMWORDS_A                         ; 512                    ; Signed Integer               ;
; OUTDATA_REG_A                      ; UNREGISTERED           ; Untyped                      ;
; ADDRESS_ACLR_A                     ; NONE                   ; Untyped                      ;
; OUTDATA_ACLR_A                     ; NONE                   ; Untyped                      ;
; WRCONTROL_ACLR_A                   ; NONE                   ; Untyped                      ;
; INDATA_ACLR_A                      ; NONE                   ; Untyped                      ;
; BYTEENA_ACLR_A                     ; NONE                   ; Untyped                      ;
; WIDTH_B                            ; 16                     ; Signed Integer               ;
; WIDTHAD_B                          ; 9                      ; Signed Integer               ;
; NUMWORDS_B                         ; 512                    ; Signed Integer               ;
; INDATA_REG_B                       ; CLOCK0                 ; Untyped                      ;
; WRCONTROL_WRADDRESS_REG_B          ; CLOCK0                 ; Untyped                      ;
; RDCONTROL_REG_B                    ; CLOCK1                 ; Untyped                      ;
; ADDRESS_REG_B                      ; CLOCK0                 ; Untyped                      ;
; OUTDATA_REG_B                      ; UNREGISTERED           ; Untyped                      ;
; BYTEENA_REG_B                      ; CLOCK1                 ; Untyped                      ;
; INDATA_ACLR_B                      ; NONE                   ; Untyped                      ;
; WRCONTROL_ACLR_B                   ; NONE                   ; Untyped                      ;
; ADDRESS_ACLR_B                     ; NONE                   ; Untyped                      ;
; OUTDATA_ACLR_B                     ; NONE                   ; Untyped                      ;
; RDCONTROL_ACLR_B                   ; NONE                   ; Untyped                      ;
; BYTEENA_ACLR_B                     ; NONE                   ; Untyped                      ;
; WIDTH_BYTEENA_A                    ; 1                      ; Signed Integer               ;
; WIDTH_BYTEENA_B                    ; 1                      ; Signed Integer               ;
; RAM_BLOCK_TYPE                     ; AUTO                   ; Untyped                      ;
; BYTE_SIZE                          ; 8                      ; Signed Integer               ;
; READ_DURING_WRITE_MODE_MIXED_PORTS ; DONT_CARE              ; Untyped                      ;
; READ_DURING_WRITE_MODE_PORT_A      ; NEW_DATA_WITH_NBE_READ ; Untyped                      ;
; READ_DURING_WRITE_MODE_PORT_B      ; NEW_DATA_WITH_NBE_READ ; Untyped                      ;
; INIT_FILE                          ; pool_1.mif             ; Untyped                      ;
; INIT_FILE_LAYOUT                   ; PORT_A                 ; Untyped                      ;
; MAXIMUM_DEPTH                      ; 0                      ; Signed Integer               ;
; CLOCK_ENABLE_INPUT_A               ; BYPASS                 ; Untyped                      ;
; CLOCK_ENABLE_INPUT_B               ; BYPASS                 ; Untyped                      ;
; CLOCK_ENABLE_OUTPUT_A              ; BYPASS                 ; Untyped                      ;
; CLOCK_ENABLE_OUTPUT_B              ; BYPASS                 ; Untyped                      ;
; CLOCK_ENABLE_CORE_A                ; USE_INPUT_CLKEN        ; Untyped                      ;
; CLOCK_ENABLE_CORE_B                ; USE_INPUT_CLKEN        ; Untyped                      ;
; ENABLE_ECC                         ; FALSE                  ; Untyped                      ;
; ECC_PIPELINE_STAGE_ENABLED         ; FALSE                  ; Untyped                      ;
; WIDTH_ECCSTATUS                    ; 3                      ; Signed Integer               ;
; DEVICE_FAMILY                      ; Cyclone IV E           ; Untyped                      ;
; CBXI_PARAMETER                     ; altsyncram_tat3        ; Untyped                      ;
+------------------------------------+------------------------+------------------------------+
Note: In order to hide this table in the UI and the text report file, please set the "Show Parameter Settings in Synthesis Report" option in "Analysis and Synthesis Settings -> More Settings" to "Off".


+--------------------------------------------------------------------------------------------+
; Parameter Settings for User Entity Instance: RAM_2:RAM_1_2|altsyncram:altsyncram_component ;
+------------------------------------+------------------------+------------------------------+
; Parameter Name                     ; Value                  ; Type                         ;
+------------------------------------+------------------------+------------------------------+
; BYTE_SIZE_BLOCK                    ; 8                      ; Untyped                      ;
; AUTO_CARRY_CHAINS                  ; ON                     ; AUTO_CARRY                   ;
; IGNORE_CARRY_BUFFERS               ; OFF                    ; IGNORE_CARRY                 ;
; AUTO_CASCADE_CHAINS                ; ON                     ; AUTO_CASCADE                 ;
; IGNORE_CASCADE_BUFFERS             ; OFF                    ; IGNORE_CASCADE               ;
; WIDTH_BYTEENA                      ; 1                      ; Untyped                      ;
; OPERATION_MODE                     ; BIDIR_DUAL_PORT        ; Untyped                      ;
; WIDTH_A                            ; 16                     ; Signed Integer               ;
; WIDTHAD_A                          ; 9                      ; Signed Integer               ;
; NUMWORDS_A                         ; 512                    ; Signed Integer               ;
; OUTDATA_REG_A                      ; UNREGISTERED           ; Untyped                      ;
; ADDRESS_ACLR_A                     ; NONE                   ; Untyped                      ;
; OUTDATA_ACLR_A                     ; NONE                   ; Untyped                      ;
; WRCONTROL_ACLR_A                   ; NONE                   ; Untyped                      ;
; INDATA_ACLR_A                      ; NONE                   ; Untyped                      ;
; BYTEENA_ACLR_A                     ; NONE                   ; Untyped                      ;
; WIDTH_B                            ; 16                     ; Signed Integer               ;
; WIDTHAD_B                          ; 9                      ; Signed Integer               ;
; NUMWORDS_B                         ; 512                    ; Signed Integer               ;
; INDATA_REG_B                       ; CLOCK0                 ; Untyped                      ;
; WRCONTROL_WRADDRESS_REG_B          ; CLOCK0                 ; Untyped                      ;
; RDCONTROL_REG_B                    ; CLOCK1                 ; Untyped                      ;
; ADDRESS_REG_B                      ; CLOCK0                 ; Untyped                      ;
; OUTDATA_REG_B                      ; UNREGISTERED           ; Untyped                      ;
; BYTEENA_REG_B                      ; CLOCK1                 ; Untyped                      ;
; INDATA_ACLR_B                      ; NONE                   ; Untyped                      ;
; WRCONTROL_ACLR_B                   ; NONE                   ; Untyped                      ;
; ADDRESS_ACLR_B                     ; NONE                   ; Untyped                      ;
; OUTDATA_ACLR_B                     ; NONE                   ; Untyped                      ;
; RDCONTROL_ACLR_B                   ; NONE                   ; Untyped                      ;
; BYTEENA_ACLR_B                     ; NONE                   ; Untyped                      ;
; WIDTH_BYTEENA_A                    ; 1                      ; Signed Integer               ;
; WIDTH_BYTEENA_B                    ; 1                      ; Signed Integer               ;
; RAM_BLOCK_TYPE                     ; AUTO                   ; Untyped                      ;
; BYTE_SIZE                          ; 8                      ; Signed Integer               ;
; READ_DURING_WRITE_MODE_MIXED_PORTS ; DONT_CARE              ; Untyped                      ;
; READ_DURING_WRITE_MODE_PORT_A      ; NEW_DATA_WITH_NBE_READ ; Untyped                      ;
; READ_DURING_WRITE_MODE_PORT_B      ; NEW_DATA_WITH_NBE_READ ; Untyped                      ;
; INIT_FILE                          ; pool_2.mif             ; Untyped                      ;
; INIT_FILE_LAYOUT                   ; PORT_A                 ; Untyped                      ;
; MAXIMUM_DEPTH                      ; 0                      ; Signed Integer               ;
; CLOCK_ENABLE_INPUT_A               ; BYPASS                 ; Untyped                      ;
; CLOCK_ENABLE_INPUT_B               ; BYPASS                 ; Untyped                      ;
; CLOCK_ENABLE_OUTPUT_A              ; BYPASS                 ; Untyped                      ;
; CLOCK_ENABLE_OUTPUT_B              ; BYPASS                 ; Untyped                      ;
; CLOCK_ENABLE_CORE_A                ; USE_INPUT_CLKEN        ; Untyped                      ;
; CLOCK_ENABLE_CORE_B                ; USE_INPUT_CLKEN        ; Untyped                      ;
; ENABLE_ECC                         ; FALSE                  ; Untyped                      ;
; ECC_PIPELINE_STAGE_ENABLED         ; FALSE                  ; Untyped                      ;
; WIDTH_ECCSTATUS                    ; 3                      ; Signed Integer               ;
; DEVICE_FAMILY                      ; Cyclone IV E           ; Untyped                      ;
; CBXI_PARAMETER                     ; altsyncram_uat3        ; Untyped                      ;
+------------------------------------+------------------------+------------------------------+
Note: In order to hide this table in the UI and the text report file, please set the "Show Parameter Settings in Synthesis Report" option in "Analysis and Synthesis Settings -> More Settings" to "Off".


+--------------------------------------------------------------------------------------------+
; Parameter Settings for User Entity Instance: RAM_1:RAM_2_1|altsyncram:altsyncram_component ;
+------------------------------------+------------------------+------------------------------+
; Parameter Name                     ; Value                  ; Type                         ;
+------------------------------------+------------------------+------------------------------+
; BYTE_SIZE_BLOCK                    ; 8                      ; Untyped                      ;
; AUTO_CARRY_CHAINS                  ; ON                     ; AUTO_CARRY                   ;
; IGNORE_CARRY_BUFFERS               ; OFF                    ; IGNORE_CARRY                 ;
; AUTO_CASCADE_CHAINS                ; ON                     ; AUTO_CASCADE                 ;
; IGNORE_CASCADE_BUFFERS             ; OFF                    ; IGNORE_CASCADE               ;
; WIDTH_BYTEENA                      ; 1                      ; Untyped                      ;
; OPERATION_MODE                     ; BIDIR_DUAL_PORT        ; Untyped                      ;
; WIDTH_A                            ; 16                     ; Signed Integer               ;
; WIDTHAD_A                          ; 9                      ; Signed Integer               ;
; NUMWORDS_A                         ; 512                    ; Signed Integer               ;
; OUTDATA_REG_A                      ; UNREGISTERED           ; Untyped                      ;
; ADDRESS_ACLR_A                     ; NONE                   ; Untyped                      ;
; OUTDATA_ACLR_A                     ; NONE                   ; Untyped                      ;
; WRCONTROL_ACLR_A                   ; NONE                   ; Untyped                      ;
; INDATA_ACLR_A                      ; NONE                   ; Untyped                      ;
; BYTEENA_ACLR_A                     ; NONE                   ; Untyped                      ;
; WIDTH_B                            ; 16                     ; Signed Integer               ;
; WIDTHAD_B                          ; 9                      ; Signed Integer               ;
; NUMWORDS_B                         ; 512                    ; Signed Integer               ;
; INDATA_REG_B                       ; CLOCK0                 ; Untyped                      ;
; WRCONTROL_WRADDRESS_REG_B          ; CLOCK0                 ; Untyped                      ;
; RDCONTROL_REG_B                    ; CLOCK1                 ; Untyped                      ;
; ADDRESS_REG_B                      ; CLOCK0                 ; Untyped                      ;
; OUTDATA_REG_B                      ; UNREGISTERED           ; Untyped                      ;
; BYTEENA_REG_B                      ; CLOCK1                 ; Untyped                      ;
; INDATA_ACLR_B                      ; NONE                   ; Untyped                      ;
; WRCONTROL_ACLR_B                   ; NONE                   ; Untyped                      ;
; ADDRESS_ACLR_B                     ; NONE                   ; Untyped                      ;
; OUTDATA_ACLR_B                     ; NONE                   ; Untyped                      ;
; RDCONTROL_ACLR_B                   ; NONE                   ; Untyped                      ;
; BYTEENA_ACLR_B                     ; NONE                   ; Untyped                      ;
; WIDTH_BYTEENA_A                    ; 1                      ; Signed Integer               ;
; WIDTH_BYTEENA_B                    ; 1                      ; Signed Integer               ;
; RAM_BLOCK_TYPE                     ; AUTO                   ; Untyped                      ;
; BYTE_SIZE                          ; 8                      ; Signed Integer               ;
; READ_DURING_WRITE_MODE_MIXED_PORTS ; DONT_CARE              ; Untyped                      ;
; READ_DURING_WRITE_MODE_PORT_A      ; NEW_DATA_WITH_NBE_READ ; Untyped                      ;
; READ_DURING_WRITE_MODE_PORT_B      ; NEW_DATA_WITH_NBE_READ ; Untyped                      ;
; INIT_FILE                          ; pool_1.mif             ; Untyped                      ;
; INIT_FILE_LAYOUT                   ; PORT_A                 ; Untyped                      ;
; MAXIMUM_DEPTH                      ; 0                      ; Signed Integer               ;
; CLOCK_ENABLE_INPUT_A               ; BYPASS                 ; Untyped                      ;
; CLOCK_ENABLE_INPUT_B               ; BYPASS                 ; Untyped                      ;
; CLOCK_ENABLE_OUTPUT_A              ; BYPASS                 ; Untyped                      ;
; CLOCK_ENABLE_OUTPUT_B              ; BYPASS                 ; Untyped                      ;
; CLOCK_ENABLE_CORE_A                ; USE_INPUT_CLKEN        ; Untyped                      ;
; CLOCK_ENABLE_CORE_B                ; USE_INPUT_CLKEN        ; Untyped                      ;
; ENABLE_ECC                         ; FALSE                  ; Untyped                      ;
; ECC_PIPELINE_STAGE_ENABLED         ; FALSE                  ; Untyped                      ;
; WIDTH_ECCSTATUS                    ; 3                      ; Signed Integer               ;
; DEVICE_FAMILY                      ; Cyclone IV E           ; Untyped                      ;
; CBXI_PARAMETER                     ; altsyncram_tat3        ; Untyped                      ;
+------------------------------------+------------------------+------------------------------+
Note: In order to hide this table in the UI and the text report file, please set the "Show Parameter Settings in Synthesis Report" option in "Analysis and Synthesis Settings -> More Settings" to "Off".


+--------------------------------------------------------------------------------------------+
; Parameter Settings for User Entity Instance: RAM_2:RAM_2_2|altsyncram:altsyncram_component ;
+------------------------------------+------------------------+------------------------------+
; Parameter Name                     ; Value                  ; Type                         ;
+------------------------------------+------------------------+------------------------------+
; BYTE_SIZE_BLOCK                    ; 8                      ; Untyped                      ;
; AUTO_CARRY_CHAINS                  ; ON                     ; AUTO_CARRY                   ;
; IGNORE_CARRY_BUFFERS               ; OFF                    ; IGNORE_CARRY                 ;
; AUTO_CASCADE_CHAINS                ; ON                     ; AUTO_CASCADE                 ;
; IGNORE_CASCADE_BUFFERS             ; OFF                    ; IGNORE_CASCADE               ;
; WIDTH_BYTEENA                      ; 1                      ; Untyped                      ;
; OPERATION_MODE                     ; BIDIR_DUAL_PORT        ; Untyped                      ;
; WIDTH_A                            ; 16                     ; Signed Integer               ;
; WIDTHAD_A                          ; 9                      ; Signed Integer               ;
; NUMWORDS_A                         ; 512                    ; Signed Integer               ;
; OUTDATA_REG_A                      ; UNREGISTERED           ; Untyped                      ;
; ADDRESS_ACLR_A                     ; NONE                   ; Untyped                      ;
; OUTDATA_ACLR_A                     ; NONE                   ; Untyped                      ;
; WRCONTROL_ACLR_A                   ; NONE                   ; Untyped                      ;
; INDATA_ACLR_A                      ; NONE                   ; Untyped                      ;
; BYTEENA_ACLR_A                     ; NONE                   ; Untyped                      ;
; WIDTH_B                            ; 16                     ; Signed Integer               ;
; WIDTHAD_B                          ; 9                      ; Signed Integer               ;
; NUMWORDS_B                         ; 512                    ; Signed Integer               ;
; INDATA_REG_B                       ; CLOCK0                 ; Untyped                      ;
; WRCONTROL_WRADDRESS_REG_B          ; CLOCK0                 ; Untyped                      ;
; RDCONTROL_REG_B                    ; CLOCK1                 ; Untyped                      ;
; ADDRESS_REG_B                      ; CLOCK0                 ; Untyped                      ;
; OUTDATA_REG_B                      ; UNREGISTERED           ; Untyped                      ;
; BYTEENA_REG_B                      ; CLOCK1                 ; Untyped                      ;
; INDATA_ACLR_B                      ; NONE                   ; Untyped                      ;
; WRCONTROL_ACLR_B                   ; NONE                   ; Untyped                      ;
; ADDRESS_ACLR_B                     ; NONE                   ; Untyped                      ;
; OUTDATA_ACLR_B                     ; NONE                   ; Untyped                      ;
; RDCONTROL_ACLR_B                   ; NONE                   ; Untyped                      ;
; BYTEENA_ACLR_B                     ; NONE                   ; Untyped                      ;
; WIDTH_BYTEENA_A                    ; 1                      ; Signed Integer               ;
; WIDTH_BYTEENA_B                    ; 1                      ; Signed Integer               ;
; RAM_BLOCK_TYPE                     ; AUTO                   ; Untyped                      ;
; BYTE_SIZE                          ; 8                      ; Signed Integer               ;
; READ_DURING_WRITE_MODE_MIXED_PORTS ; DONT_CARE              ; Untyped                      ;
; READ_DURING_WRITE_MODE_PORT_A      ; NEW_DATA_WITH_NBE_READ ; Untyped                      ;
; READ_DURING_WRITE_MODE_PORT_B      ; NEW_DATA_WITH_NBE_READ ; Untyped                      ;
; INIT_FILE                          ; pool_2.mif             ; Untyped                      ;
; INIT_FILE_LAYOUT                   ; PORT_A                 ; Untyped                      ;
; MAXIMUM_DEPTH                      ; 0                      ; Signed Integer               ;
; CLOCK_ENABLE_INPUT_A               ; BYPASS                 ; Untyped                      ;
; CLOCK_ENABLE_INPUT_B               ; BYPASS                 ; Untyped                      ;
; CLOCK_ENABLE_OUTPUT_A              ; BYPASS                 ; Untyped                      ;
; CLOCK_ENABLE_OUTPUT_B              ; BYPASS                 ; Untyped                      ;
; CLOCK_ENABLE_CORE_A                ; USE_INPUT_CLKEN        ; Untyped                      ;
; CLOCK_ENABLE_CORE_B                ; USE_INPUT_CLKEN        ; Untyped                      ;
; ENABLE_ECC                         ; FALSE                  ; Untyped                      ;
; ECC_PIPELINE_STAGE_ENABLED         ; FALSE                  ; Untyped                      ;
; WIDTH_ECCSTATUS                    ; 3                      ; Signed Integer               ;
; DEVICE_FAMILY                      ; Cyclone IV E           ; Untyped                      ;
; CBXI_PARAMETER                     ; altsyncram_uat3        ; Untyped                      ;
+------------------------------------+------------------------+------------------------------+
Note: In order to hide this table in the UI and the text report file, please set the "Show Parameter Settings in Synthesis Report" option in "Analysis and Synthesis Settings -> More Settings" to "Off".


+------------------------------------------------------------------------------+
; Parameter Settings for Inferred Entity Instance: altshift_taps:addr_D1_rtl_0 ;
+----------------+----------------+--------------------------------------------+
; Parameter Name ; Value          ; Type                                       ;
+----------------+----------------+--------------------------------------------+
; WIDTH_BYTEENA  ; 1              ; Untyped                                    ;
; NUMBER_OF_TAPS ; 1              ; Untyped                                    ;
; TAP_DISTANCE   ; 4              ; Untyped                                    ;
; WIDTH          ; 36             ; Untyped                                    ;
; POWER_UP_STATE ; CLEARED        ; Untyped                                    ;
; CBXI_PARAMETER ; shift_taps_f6m ; Untyped                                    ;
+----------------+----------------+--------------------------------------------+
Note: In order to hide this table in the UI and the text report file, please set the "Show Parameter Settings in Synthesis Report" option in "Analysis and Synthesis Settings -> More Settings" to "Off".


+-------------------------------------------------------------------------------------------+
; altsyncram Parameter Settings by Entity Instance                                          ;
+-------------------------------------------+-----------------------------------------------+
; Name                                      ; Value                                         ;
+-------------------------------------------+-----------------------------------------------+
; Number of entity instances                ; 4                                             ;
; Entity Instance                           ; RAM_1:RAM_1_1|altsyncram:altsyncram_component ;
;     -- OPERATION_MODE                     ; BIDIR_DUAL_PORT                               ;
;     -- WIDTH_A                            ; 16                                            ;
;     -- NUMWORDS_A                         ; 512                                           ;
;     -- OUTDATA_REG_A                      ; UNREGISTERED                                  ;
;     -- WIDTH_B                            ; 16                                            ;
;     -- NUMWORDS_B                         ; 512                                           ;
;     -- ADDRESS_REG_B                      ; CLOCK0                                        ;
;     -- OUTDATA_REG_B                      ; UNREGISTERED                                  ;
;     -- RAM_BLOCK_TYPE                     ; AUTO                                          ;
;     -- READ_DURING_WRITE_MODE_MIXED_PORTS ; DONT_CARE                                     ;
; Entity Instance                           ; RAM_2:RAM_1_2|altsyncram:altsyncram_component ;
;     -- OPERATION_MODE                     ; BIDIR_DUAL_PORT                               ;
;     -- WIDTH_A                            ; 16                                            ;
;     -- NUMWORDS_A                         ; 512                                           ;
;     -- OUTDATA_REG_A                      ; UNREGISTERED                                  ;
;     -- WIDTH_B                            ; 16                                            ;
;     -- NUMWORDS_B                         ; 512                                           ;
;     -- ADDRESS_REG_B                      ; CLOCK0                                        ;
;     -- OUTDATA_REG_B                      ; UNREGISTERED                                  ;
;     -- RAM_BLOCK_TYPE                     ; AUTO                                          ;
;     -- READ_DURING_WRITE_MODE_MIXED_PORTS ; DONT_CARE                                     ;
; Entity Instance                           ; RAM_1:RAM_2_1|altsyncram:altsyncram_component ;
;     -- OPERATION_MODE                     ; BIDIR_DUAL_PORT                               ;
;     -- WIDTH_A                            ; 16                                            ;
;     -- NUMWORDS_A                         ; 512                                           ;
;     -- OUTDATA_REG_A                      ; UNREGISTERED                                  ;
;     -- WIDTH_B                            ; 16                                            ;
;     -- NUMWORDS_B                         ; 512                                           ;
;     -- ADDRESS_REG_B                      ; CLOCK0                                        ;
;     -- OUTDATA_REG_B                      ; UNREGISTERED                                  ;
;     -- RAM_BLOCK_TYPE                     ; AUTO                                          ;
;     -- READ_DURING_WRITE_MODE_MIXED_PORTS ; DONT_CARE                                     ;
; Entity Instance                           ; RAM_2:RAM_2_2|altsyncram:altsyncram_component ;
;     -- OPERATION_MODE                     ; BIDIR_DUAL_PORT                               ;
;     -- WIDTH_A                            ; 16                                            ;
;     -- NUMWORDS_A                         ; 512                                           ;
;     -- OUTDATA_REG_A                      ; UNREGISTERED                                  ;
;     -- WIDTH_B                            ; 16                                            ;
;     -- NUMWORDS_B                         ; 512                                           ;
;     -- ADDRESS_REG_B                      ; CLOCK0                                        ;
;     -- OUTDATA_REG_B                      ; UNREGISTERED                                  ;
;     -- RAM_BLOCK_TYPE                     ; AUTO                                          ;
;     -- READ_DURING_WRITE_MODE_MIXED_PORTS ; DONT_CARE                                     ;
+-------------------------------------------+-----------------------------------------------+


+----------------------------------------------------------+
; altshift_taps Parameter Settings by Entity Instance      ;
+----------------------------+-----------------------------+
; Name                       ; Value                       ;
+----------------------------+-----------------------------+
; Number of entity instances ; 1                           ;
; Entity Instance            ; altshift_taps:addr_D1_rtl_0 ;
;     -- NUMBER_OF_TAPS      ; 1                           ;
;     -- TAP_DISTANCE        ; 4                           ;
;     -- WIDTH               ; 36                          ;
+----------------------------+-----------------------------+


+------------------------------------------------------------------------------------------------------------------------+
; Port Connectivity Checks: "control_path:cp|LFSR_3:LFSR"                                                                ;
+--------------+--------+----------+-------------------------------------------------------------------------------------+
; Port         ; Type   ; Severity ; Details                                                                             ;
+--------------+--------+----------+-------------------------------------------------------------------------------------+
; output[2..1] ; Output ; Info     ; Connected to dangling logic. Logic that only feeds a dangling port will be removed. ;
+--------------+--------+----------+-------------------------------------------------------------------------------------+


+-----------------------------------------------------------------------------------------------------------------+
; Port Connectivity Checks: "control_path:cp"                                                                     ;
+-------+--------+----------+-------------------------------------------------------------------------------------+
; Port  ; Type   ; Severity ; Details                                                                             ;
+-------+--------+----------+-------------------------------------------------------------------------------------+
; mux_5 ; Output ; Info     ; Connected to dangling logic. Logic that only feeds a dangling port will be removed. ;
+-------+--------+----------+-------------------------------------------------------------------------------------+


+-----------------------------------------------------+
; Post-Synthesis Netlist Statistics for Top Partition ;
+-----------------------+-----------------------------+
; Type                  ; Count                       ;
+-----------------------+-----------------------------+
; boundary_port         ; 67                          ;
; cycloneiii_ff         ; 474                         ;
;     ENA               ; 6                           ;
;     SCLR              ; 8                           ;
;     plain             ; 460                         ;
; cycloneiii_lcell_comb ; 471                         ;
;     arith             ; 128                         ;
;         2 data inputs ; 8                           ;
;         3 data inputs ; 120                         ;
;     normal            ; 343                         ;
;         1 data inputs ; 28                          ;
;         2 data inputs ; 149                         ;
;         3 data inputs ; 86                          ;
;         4 data inputs ; 80                          ;
; cycloneiii_ram_block  ; 100                         ;
;                       ;                             ;
; Max LUT depth         ; 4.60                        ;
; Average LUT depth     ; 1.89                        ;
+-----------------------+-----------------------------+


+-------------------------------+
; Elapsed Time Per Partition    ;
+----------------+--------------+
; Partition Name ; Elapsed Time ;
+----------------+--------------+
; Top            ; 00:00:01     ;
+----------------+--------------+


+-------------------------------+
; Analysis & Synthesis Messages ;
+-------------------------------+
Info: *******************************************************************
Info: Running Quartus Prime Analysis & Synthesis
    Info: Version 18.1.0 Build 625 09/12/2018 SJ Lite Edition
    Info: Processing started: Thu May 05 23:09:44 2022
Info: Command: quartus_map --read_settings_files=on --write_settings_files=off Wallace_speed -c Wallace_speed
Warning (18236): Number of processors has not been specified which may cause overloading on shared machines.  Set the global assignment NUM_PARALLEL_PROCESSORS in your QSF to an appropriate value for best performance.
Info (20030): Parallel compilation is enabled and will use 4 of the 4 processors detected
Info (12021): Found 2 design units, including 1 entities, in source file lfsr_52.vhd
    Info (12022): Found design unit 1: LFSR_52-Behavioral File: C:/Users/morte/Documents/GitHub/P8_code/Wallace/VHDL/LFSR_52.vhd Line: 11
    Info (12023): Found entity 1: LFSR_52 File: C:/Users/morte/Documents/GitHub/P8_code/Wallace/VHDL/LFSR_52.vhd Line: 4
Info (12021): Found 2 design units, including 1 entities, in source file lfsr_3.vhd
    Info (12022): Found design unit 1: LFSR_3-Behavioral File: C:/Users/morte/Documents/GitHub/P8_code/Wallace/VHDL/LFSR_3.vhd Line: 11
    Info (12023): Found entity 1: LFSR_3 File: C:/Users/morte/Documents/GitHub/P8_code/Wallace/VHDL/LFSR_3.vhd Line: 4
Info (12021): Found 2 design units, including 1 entities, in source file control_path.vhd
    Info (12022): Found design unit 1: control_path-behavior File: C:/Users/morte/Documents/GitHub/P8_code/Wallace/VHDL/control_path.vhd Line: 17
    Info (12023): Found entity 1: control_path File: C:/Users/morte/Documents/GitHub/P8_code/Wallace/VHDL/control_path.vhd Line: 6
Info (12021): Found 2 design units, including 1 entities, in source file wallace_speed.vhd
    Info (12022): Found design unit 1: Wallace_speed-behavior File: C:/Users/morte/Documents/GitHub/P8_code/Wallace/VHDL/Wallace_speed.vhd Line: 18
    Info (12023): Found entity 1: Wallace_speed File: C:/Users/morte/Documents/GitHub/P8_code/Wallace/VHDL/Wallace_speed.vhd Line: 6
Info (12021): Found 2 design units, including 1 entities, in source file ram_1.vhd
    Info (12022): Found design unit 1: ram_1-SYN File: C:/Users/morte/Documents/GitHub/P8_code/Wallace/VHDL/RAM_1.vhd Line: 58
    Info (12023): Found entity 1: RAM_1 File: C:/Users/morte/Documents/GitHub/P8_code/Wallace/VHDL/RAM_1.vhd Line: 42
Info (12021): Found 2 design units, including 1 entities, in source file ram_2.vhd
    Info (12022): Found design unit 1: ram_2-SYN File: C:/Users/morte/Documents/GitHub/P8_code/Wallace/VHDL/RAM_2.vhd Line: 58
    Info (12023): Found entity 1: RAM_2 File: C:/Users/morte/Documents/GitHub/P8_code/Wallace/VHDL/RAM_2.vhd Line: 42
Info (12021): Found 2 design units, including 1 entities, in source file addr_gen.vhd
    Info (12022): Found design unit 1: addr_gen-behavior File: C:/Users/morte/Documents/GitHub/P8_code/Wallace/VHDL/addr_gen.vhd Line: 16
    Info (12023): Found entity 1: addr_gen File: C:/Users/morte/Documents/GitHub/P8_code/Wallace/VHDL/addr_gen.vhd Line: 6
Info (12127): Elaborating entity "Wallace_speed" for the top level hierarchy
Warning (10036): Verilog HDL or VHDL warning at Wallace_speed.vhd(77): object "MUX_5" assigned a value but never read File: C:/Users/morte/Documents/GitHub/P8_code/Wallace/VHDL/Wallace_speed.vhd Line: 77
Warning (10036): Verilog HDL or VHDL warning at Wallace_speed.vhd(96): object "t" assigned a value but never read File: C:/Users/morte/Documents/GitHub/P8_code/Wallace/VHDL/Wallace_speed.vhd Line: 96
Info (12128): Elaborating entity "control_path" for hierarchy "control_path:cp" File: C:/Users/morte/Documents/GitHub/P8_code/Wallace/VHDL/Wallace_speed.vhd Line: 100
Warning (10492): VHDL Process Statement warning at control_path.vhd(53): signal "one_bit_count" is read inside the Process Statement but isn't in the Process Statement's sensitivity list File: C:/Users/morte/Documents/GitHub/P8_code/Wallace/VHDL/control_path.vhd Line: 53
Warning (10631): VHDL Process Statement warning at control_path.vhd(50): inferring latch(es) for signal or variable "one_bit_count", which holds its previous value in one or more paths through the process File: C:/Users/morte/Documents/GitHub/P8_code/Wallace/VHDL/control_path.vhd Line: 50
Warning (10492): VHDL Process Statement warning at control_path.vhd(86): signal "one_bit_count" is read inside the Process Statement but isn't in the Process Statement's sensitivity list File: C:/Users/morte/Documents/GitHub/P8_code/Wallace/VHDL/control_path.vhd Line: 86
Warning (10492): VHDL Process Statement warning at control_path.vhd(87): signal "one_bit_count" is read inside the Process Statement but isn't in the Process Statement's sensitivity list File: C:/Users/morte/Documents/GitHub/P8_code/Wallace/VHDL/control_path.vhd Line: 87
Warning (10631): VHDL Process Statement warning at control_path.vhd(73): inferring latch(es) for signal or variable "WE_1", which holds its previous value in one or more paths through the process File: C:/Users/morte/Documents/GitHub/P8_code/Wallace/VHDL/control_path.vhd Line: 73
Warning (10631): VHDL Process Statement warning at control_path.vhd(73): inferring latch(es) for signal or variable "WE_2", which holds its previous value in one or more paths through the process File: C:/Users/morte/Documents/GitHub/P8_code/Wallace/VHDL/control_path.vhd Line: 73
Info (10041): Inferred latch for "WE_2" at control_path.vhd(73) File: C:/Users/morte/Documents/GitHub/P8_code/Wallace/VHDL/control_path.vhd Line: 73
Info (10041): Inferred latch for "WE_1" at control_path.vhd(73) File: C:/Users/morte/Documents/GitHub/P8_code/Wallace/VHDL/control_path.vhd Line: 73
Info (10041): Inferred latch for "one_bit_count" at control_path.vhd(50) File: C:/Users/morte/Documents/GitHub/P8_code/Wallace/VHDL/control_path.vhd Line: 50
Info (12128): Elaborating entity "LFSR_3" for hierarchy "control_path:cp|LFSR_3:LFSR" File: C:/Users/morte/Documents/GitHub/P8_code/Wallace/VHDL/control_path.vhd Line: 34
Info (12128): Elaborating entity "LFSR_52" for hierarchy "LFSR_52:LFSR" File: C:/Users/morte/Documents/GitHub/P8_code/Wallace/VHDL/Wallace_speed.vhd Line: 101
Info (12128): Elaborating entity "RAM_1" for hierarchy "RAM_1:RAM_1_1" File: C:/Users/morte/Documents/GitHub/P8_code/Wallace/VHDL/Wallace_speed.vhd Line: 104
Info (12128): Elaborating entity "altsyncram" for hierarchy "RAM_1:RAM_1_1|altsyncram:altsyncram_component" File: C:/Users/morte/Documents/GitHub/P8_code/Wallace/VHDL/RAM_1.vhd Line: 67
Info (12130): Elaborated megafunction instantiation "RAM_1:RAM_1_1|altsyncram:altsyncram_component" File: C:/Users/morte/Documents/GitHub/P8_code/Wallace/VHDL/RAM_1.vhd Line: 67
Info (12133): Instantiated megafunction "RAM_1:RAM_1_1|altsyncram:altsyncram_component" with the following parameter: File: C:/Users/morte/Documents/GitHub/P8_code/Wallace/VHDL/RAM_1.vhd Line: 67
    Info (12134): Parameter "address_aclr_a" = "UNUSED"
    Info (12134): Parameter "address_aclr_b" = "NONE"
    Info (12134): Parameter "address_reg_b" = "CLOCK0"
    Info (12134): Parameter "byte_size" = "8"
    Info (12134): Parameter "byteena_aclr_a" = "UNUSED"
    Info (12134): Parameter "byteena_aclr_b" = "NONE"
    Info (12134): Parameter "byteena_reg_b" = "CLOCK1"
    Info (12134): Parameter "clock_enable_core_a" = "USE_INPUT_CLKEN"
    Info (12134): Parameter "clock_enable_core_b" = "USE_INPUT_CLKEN"
    Info (12134): Parameter "clock_enable_input_a" = "BYPASS"
    Info (12134): Parameter "clock_enable_input_b" = "BYPASS"
    Info (12134): Parameter "clock_enable_output_a" = "BYPASS"
    Info (12134): Parameter "clock_enable_output_b" = "BYPASS"
    Info (12134): Parameter "intended_device_family" = "Cyclone IV E"
    Info (12134): Parameter "ecc_pipeline_stage_enabled" = "FALSE"
    Info (12134): Parameter "enable_ecc" = "FALSE"
    Info (12134): Parameter "implement_in_les" = "OFF"
    Info (12134): Parameter "indata_aclr_a" = "UNUSED"
    Info (12134): Parameter "indata_aclr_b" = "NONE"
    Info (12134): Parameter "indata_reg_b" = "CLOCK0"
    Info (12134): Parameter "init_file" = "pool_1.mif"
    Info (12134): Parameter "init_file_layout" = "PORT_A"
    Info (12134): Parameter "maximum_depth" = "0"
    Info (12134): Parameter "numwords_a" = "512"
    Info (12134): Parameter "numwords_b" = "512"
    Info (12134): Parameter "operation_mode" = "BIDIR_DUAL_PORT"
    Info (12134): Parameter "outdata_aclr_a" = "NONE"
    Info (12134): Parameter "outdata_aclr_b" = "NONE"
    Info (12134): Parameter "outdata_reg_a" = "UNREGISTERED"
    Info (12134): Parameter "outdata_reg_b" = "UNREGISTERED"
    Info (12134): Parameter "power_up_uninitialized" = "FALSE"
    Info (12134): Parameter "ram_block_type" = "AUTO"
    Info (12134): Parameter "rdcontrol_aclr_b" = "NONE"
    Info (12134): Parameter "rdcontrol_reg_b" = "CLOCK1"
    Info (12134): Parameter "read_during_write_mode_mixed_ports" = "DONT_CARE"
    Info (12134): Parameter "read_during_write_mode_port_a" = "NEW_DATA_WITH_NBE_READ"
    Info (12134): Parameter "read_during_write_mode_port_b" = "NEW_DATA_WITH_NBE_READ"
    Info (12134): Parameter "stratixiv_m144k_allow_dual_clocks" = "ON"
    Info (12134): Parameter "width_a" = "16"
    Info (12134): Parameter "width_b" = "16"
    Info (12134): Parameter "width_byteena_a" = "1"
    Info (12134): Parameter "width_byteena_b" = "1"
    Info (12134): Parameter "width_eccstatus" = "3"
    Info (12134): Parameter "widthad_a" = "9"
    Info (12134): Parameter "widthad_b" = "9"
    Info (12134): Parameter "wrcontrol_aclr_a" = "UNUSED"
    Info (12134): Parameter "wrcontrol_aclr_b" = "NONE"
    Info (12134): Parameter "wrcontrol_wraddress_reg_b" = "CLOCK0"
    Info (12134): Parameter "lpm_hint" = "UNUSED"
    Info (12134): Parameter "lpm_type" = "altsyncram"
Info (12021): Found 1 design units, including 1 entities, in source file db/altsyncram_tat3.tdf
    Info (12023): Found entity 1: altsyncram_tat3 File: C:/Users/morte/Documents/GitHub/P8_code/Wallace/VHDL/db/altsyncram_tat3.tdf Line: 27
Info (12128): Elaborating entity "altsyncram_tat3" for hierarchy "RAM_1:RAM_1_1|altsyncram:altsyncram_component|altsyncram_tat3:auto_generated" File: d:/programs/quartusprimelite/quartus/libraries/megafunctions/altsyncram.tdf Line: 791
Info (12128): Elaborating entity "RAM_2" for hierarchy "RAM_2:RAM_1_2" File: C:/Users/morte/Documents/GitHub/P8_code/Wallace/VHDL/Wallace_speed.vhd Line: 105
Info (12128): Elaborating entity "altsyncram" for hierarchy "RAM_2:RAM_1_2|altsyncram:altsyncram_component" File: C:/Users/morte/Documents/GitHub/P8_code/Wallace/VHDL/RAM_2.vhd Line: 67
Info (12130): Elaborated megafunction instantiation "RAM_2:RAM_1_2|altsyncram:altsyncram_component" File: C:/Users/morte/Documents/GitHub/P8_code/Wallace/VHDL/RAM_2.vhd Line: 67
Info (12133): Instantiated megafunction "RAM_2:RAM_1_2|altsyncram:altsyncram_component" with the following parameter: File: C:/Users/morte/Documents/GitHub/P8_code/Wallace/VHDL/RAM_2.vhd Line: 67
    Info (12134): Parameter "address_aclr_a" = "UNUSED"
    Info (12134): Parameter "address_aclr_b" = "NONE"
    Info (12134): Parameter "address_reg_b" = "CLOCK0"
    Info (12134): Parameter "byte_size" = "8"
    Info (12134): Parameter "byteena_aclr_a" = "UNUSED"
    Info (12134): Parameter "byteena_aclr_b" = "NONE"
    Info (12134): Parameter "byteena_reg_b" = "CLOCK1"
    Info (12134): Parameter "clock_enable_core_a" = "USE_INPUT_CLKEN"
    Info (12134): Parameter "clock_enable_core_b" = "USE_INPUT_CLKEN"
    Info (12134): Parameter "clock_enable_input_a" = "BYPASS"
    Info (12134): Parameter "clock_enable_input_b" = "BYPASS"
    Info (12134): Parameter "clock_enable_output_a" = "BYPASS"
    Info (12134): Parameter "clock_enable_output_b" = "BYPASS"
    Info (12134): Parameter "intended_device_family" = "Cyclone IV E"
    Info (12134): Parameter "ecc_pipeline_stage_enabled" = "FALSE"
    Info (12134): Parameter "enable_ecc" = "FALSE"
    Info (12134): Parameter "implement_in_les" = "OFF"
    Info (12134): Parameter "indata_aclr_a" = "UNUSED"
    Info (12134): Parameter "indata_aclr_b" = "NONE"
    Info (12134): Parameter "indata_reg_b" = "CLOCK0"
    Info (12134): Parameter "init_file" = "pool_2.mif"
    Info (12134): Parameter "init_file_layout" = "PORT_A"
    Info (12134): Parameter "maximum_depth" = "0"
    Info (12134): Parameter "numwords_a" = "512"
    Info (12134): Parameter "numwords_b" = "512"
    Info (12134): Parameter "operation_mode" = "BIDIR_DUAL_PORT"
    Info (12134): Parameter "outdata_aclr_a" = "NONE"
    Info (12134): Parameter "outdata_aclr_b" = "NONE"
    Info (12134): Parameter "outdata_reg_a" = "UNREGISTERED"
    Info (12134): Parameter "outdata_reg_b" = "UNREGISTERED"
    Info (12134): Parameter "power_up_uninitialized" = "FALSE"
    Info (12134): Parameter "ram_block_type" = "AUTO"
    Info (12134): Parameter "rdcontrol_aclr_b" = "NONE"
    Info (12134): Parameter "rdcontrol_reg_b" = "CLOCK1"
    Info (12134): Parameter "read_during_write_mode_mixed_ports" = "DONT_CARE"
    Info (12134): Parameter "read_during_write_mode_port_a" = "NEW_DATA_WITH_NBE_READ"
    Info (12134): Parameter "read_during_write_mode_port_b" = "NEW_DATA_WITH_NBE_READ"
    Info (12134): Parameter "stratixiv_m144k_allow_dual_clocks" = "ON"
    Info (12134): Parameter "width_a" = "16"
    Info (12134): Parameter "width_b" = "16"
    Info (12134): Parameter "width_byteena_a" = "1"
    Info (12134): Parameter "width_byteena_b" = "1"
    Info (12134): Parameter "width_eccstatus" = "3"
    Info (12134): Parameter "widthad_a" = "9"
    Info (12134): Parameter "widthad_b" = "9"
    Info (12134): Parameter "wrcontrol_aclr_a" = "UNUSED"
    Info (12134): Parameter "wrcontrol_aclr_b" = "NONE"
    Info (12134): Parameter "wrcontrol_wraddress_reg_b" = "CLOCK0"
    Info (12134): Parameter "lpm_hint" = "UNUSED"
    Info (12134): Parameter "lpm_type" = "altsyncram"
Info (12021): Found 1 design units, including 1 entities, in source file db/altsyncram_uat3.tdf
    Info (12023): Found entity 1: altsyncram_uat3 File: C:/Users/morte/Documents/GitHub/P8_code/Wallace/VHDL/db/altsyncram_uat3.tdf Line: 27
Info (12128): Elaborating entity "altsyncram_uat3" for hierarchy "RAM_2:RAM_1_2|altsyncram:altsyncram_component|altsyncram_uat3:auto_generated" File: d:/programs/quartusprimelite/quartus/libraries/megafunctions/altsyncram.tdf Line: 791
Info (12128): Elaborating entity "addr_gen" for hierarchy "addr_gen:ADDR_GEN_1" File: C:/Users/morte/Documents/GitHub/P8_code/Wallace/VHDL/Wallace_speed.vhd Line: 110
Warning (10036): Verilog HDL or VHDL warning at addr_gen.vhd(25): object "s_2times" assigned a value but never read File: C:/Users/morte/Documents/GitHub/P8_code/Wallace/VHDL/addr_gen.vhd Line: 25
Info (19000): Inferred 1 megafunctions from design logic
    Info (276034): Inferred altshift_taps megafunction from the following design logic: "addr_D1_rtl_0"
        Info (286033): Parameter NUMBER_OF_TAPS set to 1
        Info (286033): Parameter TAP_DISTANCE set to 4
        Info (286033): Parameter WIDTH set to 36
Info (12130): Elaborated megafunction instantiation "altshift_taps:addr_D1_rtl_0"
Info (12133): Instantiated megafunction "altshift_taps:addr_D1_rtl_0" with the following parameter:
    Info (12134): Parameter "NUMBER_OF_TAPS" = "1"
    Info (12134): Parameter "TAP_DISTANCE" = "4"
    Info (12134): Parameter "WIDTH" = "36"
Info (12021): Found 1 design units, including 1 entities, in source file db/shift_taps_f6m.tdf
    Info (12023): Found entity 1: shift_taps_f6m File: C:/Users/morte/Documents/GitHub/P8_code/Wallace/VHDL/db/shift_taps_f6m.tdf Line: 26
Info (12021): Found 1 design units, including 1 entities, in source file db/altsyncram_2e81.tdf
    Info (12023): Found entity 1: altsyncram_2e81 File: C:/Users/morte/Documents/GitHub/P8_code/Wallace/VHDL/db/altsyncram_2e81.tdf Line: 27
Info (12021): Found 1 design units, including 1 entities, in source file db/cntr_4pf.tdf
    Info (12023): Found entity 1: cntr_4pf File: C:/Users/morte/Documents/GitHub/P8_code/Wallace/VHDL/db/cntr_4pf.tdf Line: 25
Info (286030): Timing-Driven Synthesis is running
Info (16010): Generating hard_block partition "hard_block:auto_generated_inst"
    Info (16011): Adding 0 node(s), including 0 DDIO, 0 PLL, 0 transceiver and 0 LCELL
Info (21057): Implemented 939 device resources after synthesis - the final resource count might be different
    Info (21058): Implemented 3 input pins
    Info (21059): Implemented 64 output pins
    Info (21061): Implemented 772 logic cells
    Info (21064): Implemented 100 RAM segments
Info: Quartus Prime Analysis & Synthesis was successful. 0 errors, 10 warnings
    Info: Peak virtual memory: 4814 megabytes
    Info: Processing ended: Thu May 05 23:09:59 2022
    Info: Elapsed time: 00:00:15
    Info: Total CPU time (on all processors): 00:00:26


