Analysis & Synthesis report for ZigVHDL
Fri May 06 14:38:38 2022
Quartus Prime Version 18.1.0 Build 625 09/12/2018 SJ Lite Edition


---------------------
; Table of Contents ;
---------------------
  1. Legal Notice
  2. Analysis & Synthesis Summary
  3. Analysis & Synthesis Settings
  4. Parallel Compilation
  5. Analysis & Synthesis Source Files Read
  6. Analysis & Synthesis Resource Usage Summary
  7. Analysis & Synthesis Resource Utilization by Entity
  8. Analysis & Synthesis RAM Summary
  9. Analysis & Synthesis DSP Block Usage Summary
 10. Analysis & Synthesis IP Cores Summary
 11. Registers Removed During Synthesis
 12. Removed Registers Triggering Further Register Optimizations
 13. General Register Statistics
 14. Inverted Register Statistics
 15. Source assignments for zigLUT:c3|altsyncram:altsyncram_component|altsyncram_ujt3:auto_generated
 16. Parameter Settings for User Entity Instance: zigLUT:c3|altsyncram:altsyncram_component
 17. Parameter Settings for Inferred Entity Instance: lpm_mult:Mult1
 18. Parameter Settings for Inferred Entity Instance: lpm_mult:Mult2
 19. Parameter Settings for Inferred Entity Instance: lpm_mult:Mult3
 20. Parameter Settings for Inferred Entity Instance: lpm_mult:Mult0
 21. altsyncram Parameter Settings by Entity Instance
 22. lpm_mult Parameter Settings by Entity Instance
 23. Port Connectivity Checks: "d4Gen:c5"
 24. Port Connectivity Checks: "zigLUT:c3"
 25. Port Connectivity Checks: "LFSR_33:c1"
 26. Post-Synthesis Netlist Statistics for Top Partition
 27. Elapsed Time Per Partition
 28. Analysis & Synthesis Messages



----------------
; Legal Notice ;
----------------
Copyright (C) 2018  Intel Corporation. All rights reserved.
Your use of Intel Corporation's design tools, logic functions 
and other software and tools, and its AMPP partner logic 
functions, and any output files from any of the foregoing 
(including device programming or simulation files), and any 
associated documentation or information are expressly subject 
to the terms and conditions of the Intel Program License 
Subscription Agreement, the Intel Quartus Prime License Agreement,
the Intel FPGA IP License Agreement, or other applicable license
agreement, including, without limitation, that your use is for
the sole purpose of programming logic devices manufactured by
Intel and sold by Intel or its authorized distributors.  Please
refer to the applicable agreement for further details.



+----------------------------------------------------------------------------------+
; Analysis & Synthesis Summary                                                     ;
+------------------------------------+---------------------------------------------+
; Analysis & Synthesis Status        ; Successful - Fri May 06 14:38:38 2022       ;
; Quartus Prime Version              ; 18.1.0 Build 625 09/12/2018 SJ Lite Edition ;
; Revision Name                      ; ZigVHDL                                     ;
; Top-level Entity Name              ; ZigVHDL                                     ;
; Family                             ; Cyclone IV E                                ;
; Total logic elements               ; 372                                         ;
;     Total combinational functions  ; 221                                         ;
;     Dedicated logic registers      ; 204                                         ;
; Total registers                    ; 204                                         ;
; Total pins                         ; 20                                          ;
; Total virtual pins                 ; 0                                           ;
; Total memory bits                  ; 4,096                                       ;
; Embedded Multiplier 9-bit elements ; 4                                           ;
; Total PLLs                         ; 0                                           ;
+------------------------------------+---------------------------------------------+


+------------------------------------------------------------------------------------------------------------+
; Analysis & Synthesis Settings                                                                              ;
+------------------------------------------------------------------+--------------------+--------------------+
; Option                                                           ; Setting            ; Default Value      ;
+------------------------------------------------------------------+--------------------+--------------------+
; Device                                                           ; EP4CE115F29C7      ;                    ;
; Top-level entity name                                            ; ZigVHDL            ; ZigVHDL            ;
; Family name                                                      ; Cyclone IV E       ; Cyclone V          ;
; Use smart compilation                                            ; Off                ; Off                ;
; Enable parallel Assembler and Timing Analyzer during compilation ; On                 ; On                 ;
; Enable compact report table                                      ; Off                ; Off                ;
; Restructure Multiplexers                                         ; Auto               ; Auto               ;
; Create Debugging Nodes for IP Cores                              ; Off                ; Off                ;
; Preserve fewer node names                                        ; On                 ; On                 ;
; Intel FPGA IP Evaluation Mode                                    ; Enable             ; Enable             ;
; Verilog Version                                                  ; Verilog_2001       ; Verilog_2001       ;
; VHDL Version                                                     ; VHDL_1993          ; VHDL_1993          ;
; State Machine Processing                                         ; Auto               ; Auto               ;
; Safe State Machine                                               ; Off                ; Off                ;
; Extract Verilog State Machines                                   ; On                 ; On                 ;
; Extract VHDL State Machines                                      ; On                 ; On                 ;
; Ignore Verilog initial constructs                                ; Off                ; Off                ;
; Iteration limit for constant Verilog loops                       ; 5000               ; 5000               ;
; Iteration limit for non-constant Verilog loops                   ; 250                ; 250                ;
; Add Pass-Through Logic to Inferred RAMs                          ; On                 ; On                 ;
; Infer RAMs from Raw Logic                                        ; On                 ; On                 ;
; Parallel Synthesis                                               ; On                 ; On                 ;
; DSP Block Balancing                                              ; Auto               ; Auto               ;
; NOT Gate Push-Back                                               ; On                 ; On                 ;
; Power-Up Don't Care                                              ; On                 ; On                 ;
; Remove Redundant Logic Cells                                     ; Off                ; Off                ;
; Remove Duplicate Registers                                       ; On                 ; On                 ;
; Ignore CARRY Buffers                                             ; Off                ; Off                ;
; Ignore CASCADE Buffers                                           ; Off                ; Off                ;
; Ignore GLOBAL Buffers                                            ; Off                ; Off                ;
; Ignore ROW GLOBAL Buffers                                        ; Off                ; Off                ;
; Ignore LCELL Buffers                                             ; Off                ; Off                ;
; Ignore SOFT Buffers                                              ; On                 ; On                 ;
; Limit AHDL Integers to 32 Bits                                   ; Off                ; Off                ;
; Optimization Technique                                           ; Balanced           ; Balanced           ;
; Carry Chain Length                                               ; 70                 ; 70                 ;
; Auto Carry Chains                                                ; On                 ; On                 ;
; Auto Open-Drain Pins                                             ; On                 ; On                 ;
; Perform WYSIWYG Primitive Resynthesis                            ; Off                ; Off                ;
; Auto ROM Replacement                                             ; On                 ; On                 ;
; Auto RAM Replacement                                             ; On                 ; On                 ;
; Auto DSP Block Replacement                                       ; On                 ; On                 ;
; Auto Shift Register Replacement                                  ; Auto               ; Auto               ;
; Allow Shift Register Merging across Hierarchies                  ; Auto               ; Auto               ;
; Auto Clock Enable Replacement                                    ; On                 ; On                 ;
; Strict RAM Replacement                                           ; Off                ; Off                ;
; Allow Synchronous Control Signals                                ; On                 ; On                 ;
; Force Use of Synchronous Clear Signals                           ; Off                ; Off                ;
; Auto RAM Block Balancing                                         ; On                 ; On                 ;
; Auto RAM to Logic Cell Conversion                                ; Off                ; Off                ;
; Auto Resource Sharing                                            ; Off                ; Off                ;
; Allow Any RAM Size For Recognition                               ; Off                ; Off                ;
; Allow Any ROM Size For Recognition                               ; Off                ; Off                ;
; Allow Any Shift Register Size For Recognition                    ; Off                ; Off                ;
; Use LogicLock Constraints during Resource Balancing              ; On                 ; On                 ;
; Ignore translate_off and synthesis_off directives                ; Off                ; Off                ;
; Timing-Driven Synthesis                                          ; On                 ; On                 ;
; Report Parameter Settings                                        ; On                 ; On                 ;
; Report Source Assignments                                        ; On                 ; On                 ;
; Report Connectivity Checks                                       ; On                 ; On                 ;
; Ignore Maximum Fan-Out Assignments                               ; Off                ; Off                ;
; Synchronization Register Chain Length                            ; 2                  ; 2                  ;
; Power Optimization During Synthesis                              ; Normal compilation ; Normal compilation ;
; HDL message level                                                ; Level2             ; Level2             ;
; Suppress Register Optimization Related Messages                  ; Off                ; Off                ;
; Number of Removed Registers Reported in Synthesis Report         ; 5000               ; 5000               ;
; Number of Swept Nodes Reported in Synthesis Report               ; 5000               ; 5000               ;
; Number of Inverted Registers Reported in Synthesis Report        ; 100                ; 100                ;
; Clock MUX Protection                                             ; On                 ; On                 ;
; Auto Gated Clock Conversion                                      ; Off                ; Off                ;
; Block Design Naming                                              ; Auto               ; Auto               ;
; SDC constraint protection                                        ; Off                ; Off                ;
; Synthesis Effort                                                 ; Auto               ; Auto               ;
; Shift Register Replacement - Allow Asynchronous Clear Signal     ; On                 ; On                 ;
; Pre-Mapping Resynthesis Optimization                             ; Off                ; Off                ;
; Analysis & Synthesis Message Level                               ; Medium             ; Medium             ;
; Disable Register Merging Across Hierarchies                      ; Auto               ; Auto               ;
; Resource Aware Inference For Block RAM                           ; On                 ; On                 ;
+------------------------------------------------------------------+--------------------+--------------------+


+------------------------------------------+
; Parallel Compilation                     ;
+----------------------------+-------------+
; Processors                 ; Number      ;
+----------------------------+-------------+
; Number detected on machine ; 12          ;
; Maximum allowed            ; 6           ;
;                            ;             ;
; Average used               ; 1.00        ;
; Maximum used               ; 6           ;
;                            ;             ;
; Usage by Processor         ; % Time Used ;
;     Processor 1            ; 100.0%      ;
;     Processors 2-6         ;   0.0%      ;
+----------------------------+-------------+


+----------------------------------------------------------------------------------------------------------------------------------------------------------------------------------+
; Analysis & Synthesis Source Files Read                                                                                                                                           ;
+----------------------------------+-----------------+----------------------------------+--------------------------------------------------------------------------------+---------+
; File Name with User-Entered Path ; Used in Netlist ; File Type                        ; File Name with Absolute Path                                                   ; Library ;
+----------------------------------+-----------------+----------------------------------+--------------------------------------------------------------------------------+---------+
; Ziggurat_LUT.mif                 ; yes             ; User Memory Initialization File  ; C:/Users/fivan/Documents/GitHub/P8_code/Ziggurat/VHDL/Ziggurat_LUT.mif         ;         ;
; LFSR_33.vhd                      ; yes             ; User VHDL File                   ; C:/Users/fivan/Documents/GitHub/P8_code/Ziggurat/VHDL/LFSR_33.vhd              ;         ;
; ZigVHDL.vhd                      ; yes             ; User VHDL File                   ; C:/Users/fivan/Documents/GitHub/P8_code/Ziggurat/VHDL/ZigVHDL.vhd              ;         ;
; d1Gen.vhd                        ; yes             ; User VHDL File                   ; C:/Users/fivan/Documents/GitHub/P8_code/Ziggurat/VHDL/d1Gen.vhd                ;         ;
; zigLUT.vhd                       ; yes             ; User Wizard-Generated File       ; C:/Users/fivan/Documents/GitHub/P8_code/Ziggurat/VHDL/zigLUT.vhd               ;         ;
; d3Gen.vhd                        ; yes             ; User VHDL File                   ; C:/Users/fivan/Documents/GitHub/P8_code/Ziggurat/VHDL/d3Gen.vhd                ;         ;
; d4Gen.vhd                        ; yes             ; User VHDL File                   ; C:/Users/fivan/Documents/GitHub/P8_code/Ziggurat/VHDL/d4Gen.vhd                ;         ;
; d2Gen.vhd                        ; yes             ; User VHDL File                   ; C:/Users/fivan/Documents/GitHub/P8_code/Ziggurat/VHDL/d2Gen.vhd                ;         ;
; d5Gen.vhd                        ; yes             ; User VHDL File                   ; C:/Users/fivan/Documents/GitHub/P8_code/Ziggurat/VHDL/d5Gen.vhd                ;         ;
; altsyncram.tdf                   ; yes             ; Megafunction                     ; c:/intelfpga_lite/18.1/quartus/libraries/megafunctions/altsyncram.tdf          ;         ;
; stratix_ram_block.inc            ; yes             ; Megafunction                     ; c:/intelfpga_lite/18.1/quartus/libraries/megafunctions/stratix_ram_block.inc   ;         ;
; lpm_mux.inc                      ; yes             ; Megafunction                     ; c:/intelfpga_lite/18.1/quartus/libraries/megafunctions/lpm_mux.inc             ;         ;
; lpm_decode.inc                   ; yes             ; Megafunction                     ; c:/intelfpga_lite/18.1/quartus/libraries/megafunctions/lpm_decode.inc          ;         ;
; aglobal181.inc                   ; yes             ; Megafunction                     ; c:/intelfpga_lite/18.1/quartus/libraries/megafunctions/aglobal181.inc          ;         ;
; a_rdenreg.inc                    ; yes             ; Megafunction                     ; c:/intelfpga_lite/18.1/quartus/libraries/megafunctions/a_rdenreg.inc           ;         ;
; altrom.inc                       ; yes             ; Megafunction                     ; c:/intelfpga_lite/18.1/quartus/libraries/megafunctions/altrom.inc              ;         ;
; altram.inc                       ; yes             ; Megafunction                     ; c:/intelfpga_lite/18.1/quartus/libraries/megafunctions/altram.inc              ;         ;
; altdpram.inc                     ; yes             ; Megafunction                     ; c:/intelfpga_lite/18.1/quartus/libraries/megafunctions/altdpram.inc            ;         ;
; db/altsyncram_ujt3.tdf           ; yes             ; Auto-Generated Megafunction      ; C:/Users/fivan/Documents/GitHub/P8_code/Ziggurat/VHDL/db/altsyncram_ujt3.tdf   ;         ;
; lpm_mult.tdf                     ; yes             ; Megafunction                     ; c:/intelfpga_lite/18.1/quartus/libraries/megafunctions/lpm_mult.tdf            ;         ;
; lpm_add_sub.inc                  ; yes             ; Megafunction                     ; c:/intelfpga_lite/18.1/quartus/libraries/megafunctions/lpm_add_sub.inc         ;         ;
; multcore.inc                     ; yes             ; Megafunction                     ; c:/intelfpga_lite/18.1/quartus/libraries/megafunctions/multcore.inc            ;         ;
; bypassff.inc                     ; yes             ; Megafunction                     ; c:/intelfpga_lite/18.1/quartus/libraries/megafunctions/bypassff.inc            ;         ;
; altshift.inc                     ; yes             ; Megafunction                     ; c:/intelfpga_lite/18.1/quartus/libraries/megafunctions/altshift.inc            ;         ;
; db/mult_v5t.tdf                  ; yes             ; Auto-Generated Megafunction      ; C:/Users/fivan/Documents/GitHub/P8_code/Ziggurat/VHDL/db/mult_v5t.tdf          ;         ;
; db/mult_56t.tdf                  ; yes             ; Auto-Generated Megafunction      ; C:/Users/fivan/Documents/GitHub/P8_code/Ziggurat/VHDL/db/mult_56t.tdf          ;         ;
; multcore.tdf                     ; yes             ; Megafunction                     ; c:/intelfpga_lite/18.1/quartus/libraries/megafunctions/multcore.tdf            ;         ;
; csa_add.inc                      ; yes             ; Megafunction                     ; c:/intelfpga_lite/18.1/quartus/libraries/megafunctions/csa_add.inc             ;         ;
; mpar_add.inc                     ; yes             ; Megafunction                     ; c:/intelfpga_lite/18.1/quartus/libraries/megafunctions/mpar_add.inc            ;         ;
; muleabz.inc                      ; yes             ; Megafunction                     ; c:/intelfpga_lite/18.1/quartus/libraries/megafunctions/muleabz.inc             ;         ;
; mul_lfrg.inc                     ; yes             ; Megafunction                     ; c:/intelfpga_lite/18.1/quartus/libraries/megafunctions/mul_lfrg.inc            ;         ;
; mul_boothc.inc                   ; yes             ; Megafunction                     ; c:/intelfpga_lite/18.1/quartus/libraries/megafunctions/mul_boothc.inc          ;         ;
; alt_ded_mult.inc                 ; yes             ; Megafunction                     ; c:/intelfpga_lite/18.1/quartus/libraries/megafunctions/alt_ded_mult.inc        ;         ;
; alt_ded_mult_y.inc               ; yes             ; Megafunction                     ; c:/intelfpga_lite/18.1/quartus/libraries/megafunctions/alt_ded_mult_y.inc      ;         ;
; dffpipe.inc                      ; yes             ; Megafunction                     ; c:/intelfpga_lite/18.1/quartus/libraries/megafunctions/dffpipe.inc             ;         ;
; mpar_add.tdf                     ; yes             ; Megafunction                     ; c:/intelfpga_lite/18.1/quartus/libraries/megafunctions/mpar_add.tdf            ;         ;
; lpm_add_sub.tdf                  ; yes             ; Megafunction                     ; c:/intelfpga_lite/18.1/quartus/libraries/megafunctions/lpm_add_sub.tdf         ;         ;
; addcore.inc                      ; yes             ; Megafunction                     ; c:/intelfpga_lite/18.1/quartus/libraries/megafunctions/addcore.inc             ;         ;
; look_add.inc                     ; yes             ; Megafunction                     ; c:/intelfpga_lite/18.1/quartus/libraries/megafunctions/look_add.inc            ;         ;
; alt_stratix_add_sub.inc          ; yes             ; Megafunction                     ; c:/intelfpga_lite/18.1/quartus/libraries/megafunctions/alt_stratix_add_sub.inc ;         ;
; db/add_sub_m9h.tdf               ; yes             ; Auto-Generated Megafunction      ; C:/Users/fivan/Documents/GitHub/P8_code/Ziggurat/VHDL/db/add_sub_m9h.tdf       ;         ;
; db/add_sub_bkh.tdf               ; yes             ; Auto-Generated Megafunction      ; C:/Users/fivan/Documents/GitHub/P8_code/Ziggurat/VHDL/db/add_sub_bkh.tdf       ;         ;
; altshift.tdf                     ; yes             ; Megafunction                     ; c:/intelfpga_lite/18.1/quartus/libraries/megafunctions/altshift.tdf            ;         ;
; db/add_sub_ckh.tdf               ; yes             ; Auto-Generated Megafunction      ; C:/Users/fivan/Documents/GitHub/P8_code/Ziggurat/VHDL/db/add_sub_ckh.tdf       ;         ;
; db/add_sub_i9h.tdf               ; yes             ; Auto-Generated Megafunction      ; C:/Users/fivan/Documents/GitHub/P8_code/Ziggurat/VHDL/db/add_sub_i9h.tdf       ;         ;
; db/add_sub_gkh.tdf               ; yes             ; Auto-Generated Megafunction      ; C:/Users/fivan/Documents/GitHub/P8_code/Ziggurat/VHDL/db/add_sub_gkh.tdf       ;         ;
+----------------------------------+-----------------+----------------------------------+--------------------------------------------------------------------------------+---------+


+-------------------------------------------------------------+
; Analysis & Synthesis Resource Usage Summary                 ;
+---------------------------------------------+---------------+
; Resource                                    ; Usage         ;
+---------------------------------------------+---------------+
; Estimated Total logic elements              ; 372           ;
;                                             ;               ;
; Total combinational functions               ; 221           ;
; Logic element usage by number of LUT inputs ;               ;
;     -- 4 input functions                    ; 75            ;
;     -- 3 input functions                    ; 75            ;
;     -- <=2 input functions                  ; 71            ;
;                                             ;               ;
; Logic elements by mode                      ;               ;
;     -- normal mode                          ; 125           ;
;     -- arithmetic mode                      ; 96            ;
;                                             ;               ;
; Total registers                             ; 204           ;
;     -- Dedicated logic registers            ; 204           ;
;     -- I/O registers                        ; 0             ;
;                                             ;               ;
; I/O pins                                    ; 20            ;
; Total memory bits                           ; 4096          ;
;                                             ;               ;
; Embedded Multiplier 9-bit elements          ; 4             ;
;                                             ;               ;
; Maximum fan-out node                        ; i_clock~input ;
; Maximum fan-out                             ; 220           ;
; Total fan-out                               ; 1487          ;
; Average fan-out                             ; 3.07          ;
+---------------------------------------------+---------------+


+----------------------------------------------------------------------------------------------------------------------------------------------------------------------------------------------------------------------------------------------------------------------------------------------------------------------------------------------+
; Analysis & Synthesis Resource Utilization by Entity                                                                                                                                                                                                                                                                                          ;
+------------------------------------------------+---------------------+---------------------------+-------------+--------------+---------+-----------+------+--------------+---------------------------------------------------------------------------------------------------------------------------------+-----------------+--------------+
; Compilation Hierarchy Node                     ; Combinational ALUTs ; Dedicated Logic Registers ; Memory Bits ; DSP Elements ; DSP 9x9 ; DSP 18x18 ; Pins ; Virtual Pins ; Full Hierarchy Name                                                                                                             ; Entity Name     ; Library Name ;
+------------------------------------------------+---------------------+---------------------------+-------------+--------------+---------+-----------+------+--------------+---------------------------------------------------------------------------------------------------------------------------------+-----------------+--------------+
; |ZigVHDL                                       ; 221 (41)            ; 204 (171)                 ; 4096        ; 4            ; 0       ; 2         ; 20   ; 0            ; |ZigVHDL                                                                                                                        ; ZigVHDL         ; work         ;
;    |LFSR_33:c1|                                ; 15 (15)             ; 33 (33)                   ; 0           ; 0            ; 0       ; 0         ; 0    ; 0            ; |ZigVHDL|LFSR_33:c1                                                                                                             ; LFSR_33         ; work         ;
;    |d1Gen:c2|                                  ; 2 (2)               ; 0 (0)                     ; 0           ; 0            ; 0       ; 0         ; 0    ; 0            ; |ZigVHDL|d1Gen:c2                                                                                                               ; d1Gen           ; work         ;
;    |d2Gen:c6|                                  ; 16 (16)             ; 0 (0)                     ; 0           ; 0            ; 0       ; 0         ; 0    ; 0            ; |ZigVHDL|d2Gen:c6                                                                                                               ; d2Gen           ; work         ;
;    |d3Gen:c4|                                  ; 3 (3)               ; 0 (0)                     ; 0           ; 0            ; 0       ; 0         ; 0    ; 0            ; |ZigVHDL|d3Gen:c4                                                                                                               ; d3Gen           ; work         ;
;    |d4Gen:c5|                                  ; 4 (4)               ; 0 (0)                     ; 0           ; 0            ; 0       ; 0         ; 0    ; 0            ; |ZigVHDL|d4Gen:c5                                                                                                               ; d4Gen           ; work         ;
;    |d5Gen:c7|                                  ; 12 (12)             ; 0 (0)                     ; 0           ; 0            ; 0       ; 0         ; 0    ; 0            ; |ZigVHDL|d5Gen:c7                                                                                                               ; d5Gen           ; work         ;
;    |lpm_mult:Mult0|                            ; 62 (0)              ; 0 (0)                     ; 0           ; 0            ; 0       ; 0         ; 0    ; 0            ; |ZigVHDL|lpm_mult:Mult0                                                                                                         ; lpm_mult        ; work         ;
;       |multcore:mult_core|                     ; 62 (28)             ; 0 (0)                     ; 0           ; 0            ; 0       ; 0         ; 0    ; 0            ; |ZigVHDL|lpm_mult:Mult0|multcore:mult_core                                                                                      ; multcore        ; work         ;
;          |mpar_add:padder|                     ; 34 (0)              ; 0 (0)                     ; 0           ; 0            ; 0       ; 0         ; 0    ; 0            ; |ZigVHDL|lpm_mult:Mult0|multcore:mult_core|mpar_add:padder                                                                      ; mpar_add        ; work         ;
;             |lpm_add_sub:adder[0]|             ; 12 (0)              ; 0 (0)                     ; 0           ; 0            ; 0       ; 0         ; 0    ; 0            ; |ZigVHDL|lpm_mult:Mult0|multcore:mult_core|mpar_add:padder|lpm_add_sub:adder[0]                                                 ; lpm_add_sub     ; work         ;
;                |add_sub_i9h:auto_generated|    ; 12 (12)             ; 0 (0)                     ; 0           ; 0            ; 0       ; 0         ; 0    ; 0            ; |ZigVHDL|lpm_mult:Mult0|multcore:mult_core|mpar_add:padder|lpm_add_sub:adder[0]|add_sub_i9h:auto_generated                      ; add_sub_i9h     ; work         ;
;             |lpm_add_sub:adder[1]|             ; 8 (0)               ; 0 (0)                     ; 0           ; 0            ; 0       ; 0         ; 0    ; 0            ; |ZigVHDL|lpm_mult:Mult0|multcore:mult_core|mpar_add:padder|lpm_add_sub:adder[1]                                                 ; lpm_add_sub     ; work         ;
;                |add_sub_ckh:auto_generated|    ; 8 (8)               ; 0 (0)                     ; 0           ; 0            ; 0       ; 0         ; 0    ; 0            ; |ZigVHDL|lpm_mult:Mult0|multcore:mult_core|mpar_add:padder|lpm_add_sub:adder[1]|add_sub_ckh:auto_generated                      ; add_sub_ckh     ; work         ;
;             |mpar_add:sub_par_add|             ; 14 (0)              ; 0 (0)                     ; 0           ; 0            ; 0       ; 0         ; 0    ; 0            ; |ZigVHDL|lpm_mult:Mult0|multcore:mult_core|mpar_add:padder|mpar_add:sub_par_add                                                 ; mpar_add        ; work         ;
;                |lpm_add_sub:adder[0]|          ; 14 (0)              ; 0 (0)                     ; 0           ; 0            ; 0       ; 0         ; 0    ; 0            ; |ZigVHDL|lpm_mult:Mult0|multcore:mult_core|mpar_add:padder|mpar_add:sub_par_add|lpm_add_sub:adder[0]                            ; lpm_add_sub     ; work         ;
;                   |add_sub_gkh:auto_generated| ; 14 (14)             ; 0 (0)                     ; 0           ; 0            ; 0       ; 0         ; 0    ; 0            ; |ZigVHDL|lpm_mult:Mult0|multcore:mult_core|mpar_add:padder|mpar_add:sub_par_add|lpm_add_sub:adder[0]|add_sub_gkh:auto_generated ; add_sub_gkh     ; work         ;
;    |lpm_mult:Mult1|                            ; 0 (0)               ; 0 (0)                     ; 0           ; 2            ; 0       ; 1         ; 0    ; 0            ; |ZigVHDL|lpm_mult:Mult1                                                                                                         ; lpm_mult        ; work         ;
;       |mult_v5t:auto_generated|                ; 0 (0)               ; 0 (0)                     ; 0           ; 2            ; 0       ; 1         ; 0    ; 0            ; |ZigVHDL|lpm_mult:Mult1|mult_v5t:auto_generated                                                                                 ; mult_v5t        ; work         ;
;    |lpm_mult:Mult2|                            ; 0 (0)               ; 0 (0)                     ; 0           ; 2            ; 0       ; 1         ; 0    ; 0            ; |ZigVHDL|lpm_mult:Mult2                                                                                                         ; lpm_mult        ; work         ;
;       |mult_56t:auto_generated|                ; 0 (0)               ; 0 (0)                     ; 0           ; 2            ; 0       ; 1         ; 0    ; 0            ; |ZigVHDL|lpm_mult:Mult2|mult_56t:auto_generated                                                                                 ; mult_56t        ; work         ;
;    |lpm_mult:Mult3|                            ; 66 (0)              ; 0 (0)                     ; 0           ; 0            ; 0       ; 0         ; 0    ; 0            ; |ZigVHDL|lpm_mult:Mult3                                                                                                         ; lpm_mult        ; work         ;
;       |multcore:mult_core|                     ; 66 (36)             ; 0 (0)                     ; 0           ; 0            ; 0       ; 0         ; 0    ; 0            ; |ZigVHDL|lpm_mult:Mult3|multcore:mult_core                                                                                      ; multcore        ; work         ;
;          |mpar_add:padder|                     ; 30 (0)              ; 0 (0)                     ; 0           ; 0            ; 0       ; 0         ; 0    ; 0            ; |ZigVHDL|lpm_mult:Mult3|multcore:mult_core|mpar_add:padder                                                                      ; mpar_add        ; work         ;
;             |lpm_add_sub:adder[0]|             ; 15 (0)              ; 0 (0)                     ; 0           ; 0            ; 0       ; 0         ; 0    ; 0            ; |ZigVHDL|lpm_mult:Mult3|multcore:mult_core|mpar_add:padder|lpm_add_sub:adder[0]                                                 ; lpm_add_sub     ; work         ;
;                |add_sub_m9h:auto_generated|    ; 15 (15)             ; 0 (0)                     ; 0           ; 0            ; 0       ; 0         ; 0    ; 0            ; |ZigVHDL|lpm_mult:Mult3|multcore:mult_core|mpar_add:padder|lpm_add_sub:adder[0]|add_sub_m9h:auto_generated                      ; add_sub_m9h     ; work         ;
;             |mpar_add:sub_par_add|             ; 15 (0)              ; 0 (0)                     ; 0           ; 0            ; 0       ; 0         ; 0    ; 0            ; |ZigVHDL|lpm_mult:Mult3|multcore:mult_core|mpar_add:padder|mpar_add:sub_par_add                                                 ; mpar_add        ; work         ;
;                |lpm_add_sub:adder[0]|          ; 15 (0)              ; 0 (0)                     ; 0           ; 0            ; 0       ; 0         ; 0    ; 0            ; |ZigVHDL|lpm_mult:Mult3|multcore:mult_core|mpar_add:padder|mpar_add:sub_par_add|lpm_add_sub:adder[0]                            ; lpm_add_sub     ; work         ;
;                   |add_sub_bkh:auto_generated| ; 15 (15)             ; 0 (0)                     ; 0           ; 0            ; 0       ; 0         ; 0    ; 0            ; |ZigVHDL|lpm_mult:Mult3|multcore:mult_core|mpar_add:padder|mpar_add:sub_par_add|lpm_add_sub:adder[0]|add_sub_bkh:auto_generated ; add_sub_bkh     ; work         ;
;    |zigLUT:c3|                                 ; 0 (0)               ; 0 (0)                     ; 4096        ; 0            ; 0       ; 0         ; 0    ; 0            ; |ZigVHDL|zigLUT:c3                                                                                                              ; zigLUT          ; work         ;
;       |altsyncram:altsyncram_component|        ; 0 (0)               ; 0 (0)                     ; 4096        ; 0            ; 0       ; 0         ; 0    ; 0            ; |ZigVHDL|zigLUT:c3|altsyncram:altsyncram_component                                                                              ; altsyncram      ; work         ;
;          |altsyncram_ujt3:auto_generated|      ; 0 (0)               ; 0 (0)                     ; 4096        ; 0            ; 0       ; 0         ; 0    ; 0            ; |ZigVHDL|zigLUT:c3|altsyncram:altsyncram_component|altsyncram_ujt3:auto_generated                                               ; altsyncram_ujt3 ; work         ;
+------------------------------------------------+---------------------+---------------------------+-------------+--------------+---------+-----------+------+--------------+---------------------------------------------------------------------------------------------------------------------------------+-----------------+--------------+
Note: For table entries with two numbers listed, the numbers in parentheses indicate the number of resources of the given type used by the specific entity alone. The numbers listed outside of parentheses indicate the total resources of the given type used by the specific entity and all of its sub-entities in the hierarchy.


+---------------------------------------------------------------------------------------------------------------------------------------------------------------------------------------------------+
; Analysis & Synthesis RAM Summary                                                                                                                                                                  ;
+-------------------------------------------------------------------------------------+------+----------------+--------------+--------------+--------------+--------------+------+------------------+
; Name                                                                                ; Type ; Mode           ; Port A Depth ; Port A Width ; Port B Depth ; Port B Width ; Size ; MIF              ;
+-------------------------------------------------------------------------------------+------+----------------+--------------+--------------+--------------+--------------+------+------------------+
; zigLUT:c3|altsyncram:altsyncram_component|altsyncram_ujt3:auto_generated|ALTSYNCRAM ; AUTO ; True Dual Port ; 256          ; 16           ; 256          ; 16           ; 4096 ; Ziggurat_LUT.mif ;
+-------------------------------------------------------------------------------------+------+----------------+--------------+--------------+--------------+--------------+------+------------------+


+-----------------------------------------------------+
; Analysis & Synthesis DSP Block Usage Summary        ;
+---------------------------------------+-------------+
; Statistic                             ; Number Used ;
+---------------------------------------+-------------+
; Simple Multipliers (9-bit)            ; 0           ;
; Simple Multipliers (18-bit)           ; 2           ;
; Embedded Multiplier Blocks            ; --          ;
; Embedded Multiplier 9-bit elements    ; 4           ;
; Signed Embedded Multipliers           ; 2           ;
; Unsigned Embedded Multipliers         ; 0           ;
; Mixed Sign Embedded Multipliers       ; 0           ;
; Variable Sign Embedded Multipliers    ; 0           ;
; Dedicated Input Shift Register Chains ; 0           ;
+---------------------------------------+-------------+
Note: number of Embedded Multiplier Blocks used is only available after a successful fit.


+------------------------------------------------------------------------------------------------------+
; Analysis & Synthesis IP Cores Summary                                                                ;
+--------+--------------+---------+--------------+--------------+--------------------+-----------------+
; Vendor ; IP Core Name ; Version ; Release Date ; License Type ; Entity Instance    ; IP Include File ;
+--------+--------------+---------+--------------+--------------+--------------------+-----------------+
; Altera ; RAM: 2-PORT  ; 18.1    ; N/A          ; N/A          ; |ZigVHDL|zigLUT:c3 ; zigLUT.vhd      ;
+--------+--------------+---------+--------------+--------------+--------------------+-----------------+


+---------------------------------------------------------------------------------+
; Registers Removed During Synthesis                                              ;
+----------------------------------------+----------------------------------------+
; Register name                          ; Reason for Removal                     ;
+----------------------------------------+----------------------------------------+
; U0_1[13..15]                           ; Stuck at GND due to stuck port data_in ;
; U1_1[13..15]                           ; Stuck at GND due to stuck port data_in ;
; U1_2[13..15]                           ; Stuck at GND due to stuck port data_in ;
; U1_3[15]                               ; Stuck at GND due to stuck port data_in ;
; Y[14,15]                               ; Merged with Y[13]                      ;
; fx[14,15]                              ; Merged with fx[13]                     ;
; i_2[7]                                 ; Merged with U1_2[4]                    ;
; i_1[7]                                 ; Merged with U1_1[4]                    ;
; i_1[6]                                 ; Merged with U1_1[3]                    ;
; i[3]                                   ; Merged with U1[3]                      ;
; i[7]                                   ; Merged with U1[7]                      ;
; i_2[6]                                 ; Merged with U1_2[3]                    ;
; i[6]                                   ; Merged with U1[6]                      ;
; i[5]                                   ; Merged with U1[5]                      ;
; i_1[5]                                 ; Merged with U1_1[2]                    ;
; i_1[4]                                 ; Merged with U1_1[1]                    ;
; i_2[5]                                 ; Merged with U1_2[2]                    ;
; i_2[4]                                 ; Merged with U1_2[1]                    ;
; i[4]                                   ; Merged with U1[4]                      ;
; i_1[3]                                 ; Merged with U1_1[0]                    ;
; i_2[3]                                 ; Merged with U1_2[0]                    ;
; Y[8,9,12,13]                           ; Stuck at GND due to stuck port data_in ;
; xu_1[14,15]                            ; Merged with xu_1[13]                   ;
; xu[14,15]                              ; Merged with xu[13]                     ;
; Total Number of Removed Registers = 37 ;                                        ;
+----------------------------------------+----------------------------------------+


+------------------------------------------------------------------------------------------+
; Removed Registers Triggering Further Register Optimizations                              ;
+---------------+---------------------------+----------------------------------------------+
; Register name ; Reason for Removal        ; Registers Removed due to This Register       ;
+---------------+---------------------------+----------------------------------------------+
; U1_1[15]      ; Stuck at GND              ; U1_2[15], U1_3[15], Y[13], Y[12], Y[9], Y[8] ;
;               ; due to stuck port data_in ;                                              ;
; U1_1[14]      ; Stuck at GND              ; U1_2[14]                                     ;
;               ; due to stuck port data_in ;                                              ;
; U1_1[13]      ; Stuck at GND              ; U1_2[13]                                     ;
;               ; due to stuck port data_in ;                                              ;
+---------------+---------------------------+----------------------------------------------+


+------------------------------------------------------+
; General Register Statistics                          ;
+----------------------------------------------+-------+
; Statistic                                    ; Value ;
+----------------------------------------------+-------+
; Total registers                              ; 204   ;
; Number of registers using Synchronous Clear  ; 0     ;
; Number of registers using Synchronous Load   ; 0     ;
; Number of registers using Asynchronous Clear ; 0     ;
; Number of registers using Asynchronous Load  ; 0     ;
; Number of registers using Clock Enable       ; 171   ;
; Number of registers using Preset             ; 0     ;
+----------------------------------------------+-------+


+--------------------------------------------------+
; Inverted Register Statistics                     ;
+----------------------------------------+---------+
; Inverted Register                      ; Fan out ;
+----------------------------------------+---------+
; LFSR_33:c1|shift_register[3]           ; 2       ;
; LFSR_33:c1|shift_register[2]           ; 1       ;
; Total number of inverted registers = 2 ;         ;
+----------------------------------------+---------+


+-------------------------------------------------------------------------------------------------+
; Source assignments for zigLUT:c3|altsyncram:altsyncram_component|altsyncram_ujt3:auto_generated ;
+---------------------------------+--------------------+------+-----------------------------------+
; Assignment                      ; Value              ; From ; To                                ;
+---------------------------------+--------------------+------+-----------------------------------+
; OPTIMIZE_POWER_DURING_SYNTHESIS ; NORMAL_COMPILATION ; -    ; -                                 ;
+---------------------------------+--------------------+------+-----------------------------------+


+----------------------------------------------------------------------------------------+
; Parameter Settings for User Entity Instance: zigLUT:c3|altsyncram:altsyncram_component ;
+------------------------------------+----------------------+----------------------------+
; Parameter Name                     ; Value                ; Type                       ;
+------------------------------------+----------------------+----------------------------+
; BYTE_SIZE_BLOCK                    ; 8                    ; Untyped                    ;
; AUTO_CARRY_CHAINS                  ; ON                   ; AUTO_CARRY                 ;
; IGNORE_CARRY_BUFFERS               ; OFF                  ; IGNORE_CARRY               ;
; AUTO_CASCADE_CHAINS                ; ON                   ; AUTO_CASCADE               ;
; IGNORE_CASCADE_BUFFERS             ; OFF                  ; IGNORE_CASCADE             ;
; WIDTH_BYTEENA                      ; 1                    ; Untyped                    ;
; OPERATION_MODE                     ; BIDIR_DUAL_PORT      ; Untyped                    ;
; WIDTH_A                            ; 16                   ; Signed Integer             ;
; WIDTHAD_A                          ; 8                    ; Signed Integer             ;
; NUMWORDS_A                         ; 256                  ; Signed Integer             ;
; OUTDATA_REG_A                      ; UNREGISTERED         ; Untyped                    ;
; ADDRESS_ACLR_A                     ; NONE                 ; Untyped                    ;
; OUTDATA_ACLR_A                     ; NONE                 ; Untyped                    ;
; WRCONTROL_ACLR_A                   ; NONE                 ; Untyped                    ;
; INDATA_ACLR_A                      ; NONE                 ; Untyped                    ;
; BYTEENA_ACLR_A                     ; NONE                 ; Untyped                    ;
; WIDTH_B                            ; 16                   ; Signed Integer             ;
; WIDTHAD_B                          ; 8                    ; Signed Integer             ;
; NUMWORDS_B                         ; 256                  ; Signed Integer             ;
; INDATA_REG_B                       ; CLOCK0               ; Untyped                    ;
; WRCONTROL_WRADDRESS_REG_B          ; CLOCK0               ; Untyped                    ;
; RDCONTROL_REG_B                    ; CLOCK1               ; Untyped                    ;
; ADDRESS_REG_B                      ; CLOCK0               ; Untyped                    ;
; OUTDATA_REG_B                      ; UNREGISTERED         ; Untyped                    ;
; BYTEENA_REG_B                      ; CLOCK1               ; Untyped                    ;
; INDATA_ACLR_B                      ; NONE                 ; Untyped                    ;
; WRCONTROL_ACLR_B                   ; NONE                 ; Untyped                    ;
; ADDRESS_ACLR_B                     ; NONE                 ; Untyped                    ;
; OUTDATA_ACLR_B                     ; NONE                 ; Untyped                    ;
; RDCONTROL_ACLR_B                   ; NONE                 ; Untyped                    ;
; BYTEENA_ACLR_B                     ; NONE                 ; Untyped                    ;
; WIDTH_BYTEENA_A                    ; 1                    ; Signed Integer             ;
; WIDTH_BYTEENA_B                    ; 1                    ; Signed Integer             ;
; RAM_BLOCK_TYPE                     ; AUTO                 ; Untyped                    ;
; BYTE_SIZE                          ; 8                    ; Signed Integer             ;
; READ_DURING_WRITE_MODE_MIXED_PORTS ; DONT_CARE            ; Untyped                    ;
; READ_DURING_WRITE_MODE_PORT_A      ; NEW_DATA_NO_NBE_READ ; Untyped                    ;
; READ_DURING_WRITE_MODE_PORT_B      ; NEW_DATA_NO_NBE_READ ; Untyped                    ;
; INIT_FILE                          ; Ziggurat_LUT.mif     ; Untyped                    ;
; INIT_FILE_LAYOUT                   ; PORT_A               ; Untyped                    ;
; MAXIMUM_DEPTH                      ; 0                    ; Signed Integer             ;
; CLOCK_ENABLE_INPUT_A               ; BYPASS               ; Untyped                    ;
; CLOCK_ENABLE_INPUT_B               ; BYPASS               ; Untyped                    ;
; CLOCK_ENABLE_OUTPUT_A              ; BYPASS               ; Untyped                    ;
; CLOCK_ENABLE_OUTPUT_B              ; BYPASS               ; Untyped                    ;
; CLOCK_ENABLE_CORE_A                ; USE_INPUT_CLKEN      ; Untyped                    ;
; CLOCK_ENABLE_CORE_B                ; USE_INPUT_CLKEN      ; Untyped                    ;
; ENABLE_ECC                         ; FALSE                ; Untyped                    ;
; ECC_PIPELINE_STAGE_ENABLED         ; FALSE                ; Untyped                    ;
; WIDTH_ECCSTATUS                    ; 3                    ; Signed Integer             ;
; DEVICE_FAMILY                      ; Cyclone IV E         ; Untyped                    ;
; CBXI_PARAMETER                     ; altsyncram_ujt3      ; Untyped                    ;
+------------------------------------+----------------------+----------------------------+
Note: In order to hide this table in the UI and the text report file, please set the "Show Parameter Settings in Synthesis Report" option in "Analysis and Synthesis Settings -> More Settings" to "Off".


+-------------------------------------------------------------------------------------+
; Parameter Settings for Inferred Entity Instance: lpm_mult:Mult1                     ;
+------------------------------------------------+--------------+---------------------+
; Parameter Name                                 ; Value        ; Type                ;
+------------------------------------------------+--------------+---------------------+
; AUTO_CARRY_CHAINS                              ; ON           ; AUTO_CARRY          ;
; IGNORE_CARRY_BUFFERS                           ; OFF          ; IGNORE_CARRY        ;
; AUTO_CASCADE_CHAINS                            ; ON           ; AUTO_CASCADE        ;
; IGNORE_CASCADE_BUFFERS                         ; OFF          ; IGNORE_CASCADE      ;
; LPM_WIDTHA                                     ; 16           ; Untyped             ;
; LPM_WIDTHB                                     ; 14           ; Untyped             ;
; LPM_WIDTHP                                     ; 30           ; Untyped             ;
; LPM_WIDTHR                                     ; 30           ; Untyped             ;
; LPM_WIDTHS                                     ; 1            ; Untyped             ;
; LPM_REPRESENTATION                             ; SIGNED       ; Untyped             ;
; LPM_PIPELINE                                   ; 0            ; Untyped             ;
; LATENCY                                        ; 0            ; Untyped             ;
; INPUT_A_IS_CONSTANT                            ; NO           ; Untyped             ;
; INPUT_B_IS_CONSTANT                            ; NO           ; Untyped             ;
; USE_EAB                                        ; OFF          ; Untyped             ;
; MAXIMIZE_SPEED                                 ; 5            ; Untyped             ;
; DEVICE_FAMILY                                  ; Cyclone IV E ; Untyped             ;
; CARRY_CHAIN                                    ; MANUAL       ; Untyped             ;
; APEX20K_TECHNOLOGY_MAPPER                      ; LUT          ; TECH_MAPPER_APEX20K ;
; DEDICATED_MULTIPLIER_CIRCUITRY                 ; AUTO         ; Untyped             ;
; DEDICATED_MULTIPLIER_MIN_INPUT_WIDTH_FOR_AUTO  ; 0            ; Untyped             ;
; DEDICATED_MULTIPLIER_MIN_OUTPUT_WIDTH_FOR_AUTO ; 0            ; Untyped             ;
; CBXI_PARAMETER                                 ; mult_v5t     ; Untyped             ;
; INPUT_A_FIXED_VALUE                            ; Bx           ; Untyped             ;
; INPUT_B_FIXED_VALUE                            ; Bx           ; Untyped             ;
; USE_AHDL_IMPLEMENTATION                        ; OFF          ; Untyped             ;
+------------------------------------------------+--------------+---------------------+
Note: In order to hide this table in the UI and the text report file, please set the "Show Parameter Settings in Synthesis Report" option in "Analysis and Synthesis Settings -> More Settings" to "Off".


+-------------------------------------------------------------------------------------+
; Parameter Settings for Inferred Entity Instance: lpm_mult:Mult2                     ;
+------------------------------------------------+--------------+---------------------+
; Parameter Name                                 ; Value        ; Type                ;
+------------------------------------------------+--------------+---------------------+
; AUTO_CARRY_CHAINS                              ; ON           ; AUTO_CARRY          ;
; IGNORE_CARRY_BUFFERS                           ; OFF          ; IGNORE_CARRY        ;
; AUTO_CASCADE_CHAINS                            ; ON           ; AUTO_CASCADE        ;
; IGNORE_CASCADE_BUFFERS                         ; OFF          ; IGNORE_CASCADE      ;
; LPM_WIDTHA                                     ; 14           ; Untyped             ;
; LPM_WIDTHB                                     ; 14           ; Untyped             ;
; LPM_WIDTHP                                     ; 28           ; Untyped             ;
; LPM_WIDTHR                                     ; 28           ; Untyped             ;
; LPM_WIDTHS                                     ; 1            ; Untyped             ;
; LPM_REPRESENTATION                             ; SIGNED       ; Untyped             ;
; LPM_PIPELINE                                   ; 0            ; Untyped             ;
; LATENCY                                        ; 0            ; Untyped             ;
; INPUT_A_IS_CONSTANT                            ; NO           ; Untyped             ;
; INPUT_B_IS_CONSTANT                            ; NO           ; Untyped             ;
; USE_EAB                                        ; OFF          ; Untyped             ;
; MAXIMIZE_SPEED                                 ; 6            ; Untyped             ;
; DEVICE_FAMILY                                  ; Cyclone IV E ; Untyped             ;
; CARRY_CHAIN                                    ; MANUAL       ; Untyped             ;
; APEX20K_TECHNOLOGY_MAPPER                      ; LUT          ; TECH_MAPPER_APEX20K ;
; DEDICATED_MULTIPLIER_CIRCUITRY                 ; AUTO         ; Untyped             ;
; DEDICATED_MULTIPLIER_MIN_INPUT_WIDTH_FOR_AUTO  ; 0            ; Untyped             ;
; DEDICATED_MULTIPLIER_MIN_OUTPUT_WIDTH_FOR_AUTO ; 0            ; Untyped             ;
; CBXI_PARAMETER                                 ; mult_56t     ; Untyped             ;
; INPUT_A_FIXED_VALUE                            ; Bx           ; Untyped             ;
; INPUT_B_FIXED_VALUE                            ; Bx           ; Untyped             ;
; USE_AHDL_IMPLEMENTATION                        ; OFF          ; Untyped             ;
+------------------------------------------------+--------------+---------------------+
Note: In order to hide this table in the UI and the text report file, please set the "Show Parameter Settings in Synthesis Report" option in "Analysis and Synthesis Settings -> More Settings" to "Off".


+-------------------------------------------------------------------------------------+
; Parameter Settings for Inferred Entity Instance: lpm_mult:Mult3                     ;
+------------------------------------------------+--------------+---------------------+
; Parameter Name                                 ; Value        ; Type                ;
+------------------------------------------------+--------------+---------------------+
; AUTO_CARRY_CHAINS                              ; ON           ; AUTO_CARRY          ;
; IGNORE_CARRY_BUFFERS                           ; OFF          ; IGNORE_CARRY        ;
; AUTO_CASCADE_CHAINS                            ; ON           ; AUTO_CASCADE        ;
; IGNORE_CASCADE_BUFFERS                         ; OFF          ; IGNORE_CASCADE      ;
; LPM_WIDTHA                                     ; 12           ; Untyped             ;
; LPM_WIDTHB                                     ; 12           ; Untyped             ;
; LPM_WIDTHP                                     ; 24           ; Untyped             ;
; LPM_WIDTHR                                     ; 24           ; Untyped             ;
; LPM_WIDTHS                                     ; 1            ; Untyped             ;
; LPM_REPRESENTATION                             ; SIGNED       ; Untyped             ;
; LPM_PIPELINE                                   ; 0            ; Untyped             ;
; LATENCY                                        ; 0            ; Untyped             ;
; INPUT_A_IS_CONSTANT                            ; NO           ; Untyped             ;
; INPUT_B_IS_CONSTANT                            ; YES          ; Untyped             ;
; USE_EAB                                        ; OFF          ; Untyped             ;
; MAXIMIZE_SPEED                                 ; 6            ; Untyped             ;
; DEVICE_FAMILY                                  ; Cyclone IV E ; Untyped             ;
; CARRY_CHAIN                                    ; MANUAL       ; Untyped             ;
; APEX20K_TECHNOLOGY_MAPPER                      ; LUT          ; TECH_MAPPER_APEX20K ;
; DEDICATED_MULTIPLIER_CIRCUITRY                 ; AUTO         ; Untyped             ;
; DEDICATED_MULTIPLIER_MIN_INPUT_WIDTH_FOR_AUTO  ; 0            ; Untyped             ;
; DEDICATED_MULTIPLIER_MIN_OUTPUT_WIDTH_FOR_AUTO ; 0            ; Untyped             ;
; CBXI_PARAMETER                                 ; NOTHING      ; Untyped             ;
; INPUT_A_FIXED_VALUE                            ; Bx           ; Untyped             ;
; INPUT_B_FIXED_VALUE                            ; Bx           ; Untyped             ;
; USE_AHDL_IMPLEMENTATION                        ; OFF          ; Untyped             ;
+------------------------------------------------+--------------+---------------------+
Note: In order to hide this table in the UI and the text report file, please set the "Show Parameter Settings in Synthesis Report" option in "Analysis and Synthesis Settings -> More Settings" to "Off".


+-------------------------------------------------------------------------------------+
; Parameter Settings for Inferred Entity Instance: lpm_mult:Mult0                     ;
+------------------------------------------------+--------------+---------------------+
; Parameter Name                                 ; Value        ; Type                ;
+------------------------------------------------+--------------+---------------------+
; AUTO_CARRY_CHAINS                              ; ON           ; AUTO_CARRY          ;
; IGNORE_CARRY_BUFFERS                           ; OFF          ; IGNORE_CARRY        ;
; AUTO_CASCADE_CHAINS                            ; ON           ; AUTO_CASCADE        ;
; IGNORE_CASCADE_BUFFERS                         ; OFF          ; IGNORE_CASCADE      ;
; LPM_WIDTHA                                     ; 8            ; Untyped             ;
; LPM_WIDTHB                                     ; 14           ; Untyped             ;
; LPM_WIDTHP                                     ; 22           ; Untyped             ;
; LPM_WIDTHR                                     ; 22           ; Untyped             ;
; LPM_WIDTHS                                     ; 1            ; Untyped             ;
; LPM_REPRESENTATION                             ; SIGNED       ; Untyped             ;
; LPM_PIPELINE                                   ; 0            ; Untyped             ;
; LATENCY                                        ; 0            ; Untyped             ;
; INPUT_A_IS_CONSTANT                            ; YES          ; Untyped             ;
; INPUT_B_IS_CONSTANT                            ; NO           ; Untyped             ;
; USE_EAB                                        ; OFF          ; Untyped             ;
; MAXIMIZE_SPEED                                 ; 6            ; Untyped             ;
; DEVICE_FAMILY                                  ; Cyclone IV E ; Untyped             ;
; CARRY_CHAIN                                    ; MANUAL       ; Untyped             ;
; APEX20K_TECHNOLOGY_MAPPER                      ; LUT          ; TECH_MAPPER_APEX20K ;
; DEDICATED_MULTIPLIER_CIRCUITRY                 ; AUTO         ; Untyped             ;
; DEDICATED_MULTIPLIER_MIN_INPUT_WIDTH_FOR_AUTO  ; 0            ; Untyped             ;
; DEDICATED_MULTIPLIER_MIN_OUTPUT_WIDTH_FOR_AUTO ; 0            ; Untyped             ;
; CBXI_PARAMETER                                 ; NOTHING      ; Untyped             ;
; INPUT_A_FIXED_VALUE                            ; Bx           ; Untyped             ;
; INPUT_B_FIXED_VALUE                            ; Bx           ; Untyped             ;
; USE_AHDL_IMPLEMENTATION                        ; OFF          ; Untyped             ;
+------------------------------------------------+--------------+---------------------+
Note: In order to hide this table in the UI and the text report file, please set the "Show Parameter Settings in Synthesis Report" option in "Analysis and Synthesis Settings -> More Settings" to "Off".


+---------------------------------------------------------------------------------------+
; altsyncram Parameter Settings by Entity Instance                                      ;
+-------------------------------------------+-------------------------------------------+
; Name                                      ; Value                                     ;
+-------------------------------------------+-------------------------------------------+
; Number of entity instances                ; 1                                         ;
; Entity Instance                           ; zigLUT:c3|altsyncram:altsyncram_component ;
;     -- OPERATION_MODE                     ; BIDIR_DUAL_PORT                           ;
;     -- WIDTH_A                            ; 16                                        ;
;     -- NUMWORDS_A                         ; 256                                       ;
;     -- OUTDATA_REG_A                      ; UNREGISTERED                              ;
;     -- WIDTH_B                            ; 16                                        ;
;     -- NUMWORDS_B                         ; 256                                       ;
;     -- ADDRESS_REG_B                      ; CLOCK0                                    ;
;     -- OUTDATA_REG_B                      ; UNREGISTERED                              ;
;     -- RAM_BLOCK_TYPE                     ; AUTO                                      ;
;     -- READ_DURING_WRITE_MODE_MIXED_PORTS ; DONT_CARE                                 ;
+-------------------------------------------+-------------------------------------------+


+--------------------------------------------------------+
; lpm_mult Parameter Settings by Entity Instance         ;
+---------------------------------------+----------------+
; Name                                  ; Value          ;
+---------------------------------------+----------------+
; Number of entity instances            ; 4              ;
; Entity Instance                       ; lpm_mult:Mult1 ;
;     -- LPM_WIDTHA                     ; 16             ;
;     -- LPM_WIDTHB                     ; 14             ;
;     -- LPM_WIDTHP                     ; 30             ;
;     -- LPM_REPRESENTATION             ; SIGNED         ;
;     -- INPUT_A_IS_CONSTANT            ; NO             ;
;     -- INPUT_B_IS_CONSTANT            ; NO             ;
;     -- USE_EAB                        ; OFF            ;
;     -- DEDICATED_MULTIPLIER_CIRCUITRY ; AUTO           ;
;     -- INPUT_A_FIXED_VALUE            ; Bx             ;
;     -- INPUT_B_FIXED_VALUE            ; Bx             ;
; Entity Instance                       ; lpm_mult:Mult2 ;
;     -- LPM_WIDTHA                     ; 14             ;
;     -- LPM_WIDTHB                     ; 14             ;
;     -- LPM_WIDTHP                     ; 28             ;
;     -- LPM_REPRESENTATION             ; SIGNED         ;
;     -- INPUT_A_IS_CONSTANT            ; NO             ;
;     -- INPUT_B_IS_CONSTANT            ; NO             ;
;     -- USE_EAB                        ; OFF            ;
;     -- DEDICATED_MULTIPLIER_CIRCUITRY ; AUTO           ;
;     -- INPUT_A_FIXED_VALUE            ; Bx             ;
;     -- INPUT_B_FIXED_VALUE            ; Bx             ;
; Entity Instance                       ; lpm_mult:Mult3 ;
;     -- LPM_WIDTHA                     ; 12             ;
;     -- LPM_WIDTHB                     ; 12             ;
;     -- LPM_WIDTHP                     ; 24             ;
;     -- LPM_REPRESENTATION             ; SIGNED         ;
;     -- INPUT_A_IS_CONSTANT            ; NO             ;
;     -- INPUT_B_IS_CONSTANT            ; YES            ;
;     -- USE_EAB                        ; OFF            ;
;     -- DEDICATED_MULTIPLIER_CIRCUITRY ; AUTO           ;
;     -- INPUT_A_FIXED_VALUE            ; Bx             ;
;     -- INPUT_B_FIXED_VALUE            ; Bx             ;
; Entity Instance                       ; lpm_mult:Mult0 ;
;     -- LPM_WIDTHA                     ; 8              ;
;     -- LPM_WIDTHB                     ; 14             ;
;     -- LPM_WIDTHP                     ; 22             ;
;     -- LPM_REPRESENTATION             ; SIGNED         ;
;     -- INPUT_A_IS_CONSTANT            ; YES            ;
;     -- INPUT_B_IS_CONSTANT            ; NO             ;
;     -- USE_EAB                        ; OFF            ;
;     -- DEDICATED_MULTIPLIER_CIRCUITRY ; AUTO           ;
;     -- INPUT_A_FIXED_VALUE            ; Bx             ;
;     -- INPUT_B_FIXED_VALUE            ; Bx             ;
+---------------------------------------+----------------+


+----------------------------------------------+
; Port Connectivity Checks: "d4Gen:c5"         ;
+------------+-------+----------+--------------+
; Port       ; Type  ; Severity ; Details      ;
+------------+-------+----------+--------------+
; ain[3..0]  ; Input ; Info     ; Stuck at VCC ;
; ain[15..4] ; Input ; Info     ; Stuck at GND ;
+------------+-------+----------+--------------+


+------------------------------------------+
; Port Connectivity Checks: "zigLUT:c3"    ;
+--------+-------+----------+--------------+
; Port   ; Type  ; Severity ; Details      ;
+--------+-------+----------+--------------+
; data_a ; Input ; Info     ; Stuck at GND ;
; data_b ; Input ; Info     ; Stuck at GND ;
+--------+-------+----------+--------------+


+------------------------------------------------------------------------------------------------------------------------+
; Port Connectivity Checks: "LFSR_33:c1"                                                                                 ;
+--------------+--------+----------+-------------------------------------------------------------------------------------+
; Port         ; Type   ; Severity ; Details                                                                             ;
+--------------+--------+----------+-------------------------------------------------------------------------------------+
; output[2..0] ; Output ; Info     ; Connected to dangling logic. Logic that only feeds a dangling port will be removed. ;
; output[32]   ; Output ; Info     ; Connected to dangling logic. Logic that only feeds a dangling port will be removed. ;
+--------------+--------+----------+-------------------------------------------------------------------------------------+


+-----------------------------------------------------+
; Post-Synthesis Netlist Statistics for Top Partition ;
+-----------------------+-----------------------------+
; Type                  ; Count                       ;
+-----------------------+-----------------------------+
; boundary_port         ; 20                          ;
; cycloneiii_ff         ; 204                         ;
;     ENA               ; 171                         ;
;     plain             ; 33                          ;
; cycloneiii_lcell_comb ; 221                         ;
;     arith             ; 96                          ;
;         2 data inputs ; 36                          ;
;         3 data inputs ; 60                          ;
;     normal            ; 125                         ;
;         0 data inputs ; 3                           ;
;         1 data inputs ; 8                           ;
;         2 data inputs ; 24                          ;
;         3 data inputs ; 15                          ;
;         4 data inputs ; 75                          ;
; cycloneiii_mac_mult   ; 2                           ;
; cycloneiii_mac_out    ; 2                           ;
; cycloneiii_ram_block  ; 16                          ;
;                       ;                             ;
; Max LUT depth         ; 11.00                       ;
; Average LUT depth     ; 3.41                        ;
+-----------------------+-----------------------------+


+-------------------------------+
; Elapsed Time Per Partition    ;
+----------------+--------------+
; Partition Name ; Elapsed Time ;
+----------------+--------------+
; Top            ; 00:00:01     ;
+----------------+--------------+


+-------------------------------+
; Analysis & Synthesis Messages ;
+-------------------------------+
Info: *******************************************************************
Info: Running Quartus Prime Analysis & Synthesis
    Info: Version 18.1.0 Build 625 09/12/2018 SJ Lite Edition
    Info: Processing started: Fri May 06 14:38:10 2022
Info: Command: quartus_map --read_settings_files=on --write_settings_files=off ZigVHDL -c ZigVHDL
Warning (18236): Number of processors has not been specified which may cause overloading on shared machines.  Set the global assignment NUM_PARALLEL_PROCESSORS in your QSF to an appropriate value for best performance.
Info (20030): Parallel compilation is enabled and will use 6 of the 6 processors detected
Info (12021): Found 2 design units, including 1 entities, in source file lfsr_33.vhd
    Info (12022): Found design unit 1: LFSR_33-Behavioral File: C:/Users/fivan/Documents/GitHub/P8_code/Ziggurat/VHDL/LFSR_33.vhd Line: 11
    Info (12023): Found entity 1: LFSR_33 File: C:/Users/fivan/Documents/GitHub/P8_code/Ziggurat/VHDL/LFSR_33.vhd Line: 4
Info (12021): Found 2 design units, including 1 entities, in source file zigvhdl.vhd
    Info (12022): Found design unit 1: ZigVHDL-Behavioural File: C:/Users/fivan/Documents/GitHub/P8_code/Ziggurat/VHDL/ZigVHDL.vhd Line: 17
    Info (12023): Found entity 1: ZigVHDL File: C:/Users/fivan/Documents/GitHub/P8_code/Ziggurat/VHDL/ZigVHDL.vhd Line: 7
Info (12021): Found 2 design units, including 1 entities, in source file d1gen.vhd
    Info (12022): Found design unit 1: d1Gen-Behavioural File: C:/Users/fivan/Documents/GitHub/P8_code/Ziggurat/VHDL/d1Gen.vhd Line: 14
    Info (12023): Found entity 1: d1Gen File: C:/Users/fivan/Documents/GitHub/P8_code/Ziggurat/VHDL/d1Gen.vhd Line: 6
Info (12021): Found 2 design units, including 1 entities, in source file ziglut.vhd
    Info (12022): Found design unit 1: ziglut-SYN File: C:/Users/fivan/Documents/GitHub/P8_code/Ziggurat/VHDL/zigLUT.vhd Line: 58
    Info (12023): Found entity 1: zigLUT File: C:/Users/fivan/Documents/GitHub/P8_code/Ziggurat/VHDL/zigLUT.vhd Line: 42
Info (12021): Found 2 design units, including 1 entities, in source file d3gen.vhd
    Info (12022): Found design unit 1: d3Gen-Behavioural File: C:/Users/fivan/Documents/GitHub/P8_code/Ziggurat/VHDL/d3Gen.vhd Line: 14
    Info (12023): Found entity 1: d3Gen File: C:/Users/fivan/Documents/GitHub/P8_code/Ziggurat/VHDL/d3Gen.vhd Line: 6
Info (12021): Found 2 design units, including 1 entities, in source file d4gen.vhd
    Info (12022): Found design unit 1: d4Gen-Behavioural File: C:/Users/fivan/Documents/GitHub/P8_code/Ziggurat/VHDL/d4Gen.vhd Line: 15
    Info (12023): Found entity 1: d4Gen File: C:/Users/fivan/Documents/GitHub/P8_code/Ziggurat/VHDL/d4Gen.vhd Line: 6
Info (12021): Found 2 design units, including 1 entities, in source file d2gen.vhd
    Info (12022): Found design unit 1: d2Gen-Behavioural File: C:/Users/fivan/Documents/GitHub/P8_code/Ziggurat/VHDL/d2Gen.vhd Line: 15
    Info (12023): Found entity 1: d2Gen File: C:/Users/fivan/Documents/GitHub/P8_code/Ziggurat/VHDL/d2Gen.vhd Line: 6
Info (12021): Found 2 design units, including 1 entities, in source file d5gen.vhd
    Info (12022): Found design unit 1: d5Gen-Behavioural File: C:/Users/fivan/Documents/GitHub/P8_code/Ziggurat/VHDL/d5Gen.vhd Line: 15
    Info (12023): Found entity 1: d5Gen File: C:/Users/fivan/Documents/GitHub/P8_code/Ziggurat/VHDL/d5Gen.vhd Line: 6
Info (12021): Found 2 design units, including 1 entities, in source file ziggurat_tb.vhd
    Info (12022): Found design unit 1: ziggurat_tb-behavior File: C:/Users/fivan/Documents/GitHub/P8_code/Ziggurat/VHDL/ziggurat_tb.vhd Line: 11
    Info (12023): Found entity 1: ziggurat_tb File: C:/Users/fivan/Documents/GitHub/P8_code/Ziggurat/VHDL/ziggurat_tb.vhd Line: 8
Info (12127): Elaborating entity "ZigVHDL" for the top level hierarchy
Warning (10036): Verilog HDL or VHDL warning at ZigVHDL.vhd(87): object "U0_2" assigned a value but never read File: C:/Users/fivan/Documents/GitHub/P8_code/Ziggurat/VHDL/ZigVHDL.vhd Line: 87
Warning (10540): VHDL Signal Declaration warning at ZigVHDL.vhd(104): used explicit default value for signal "da" because signal was never assigned a value File: C:/Users/fivan/Documents/GitHub/P8_code/Ziggurat/VHDL/ZigVHDL.vhd Line: 104
Warning (10540): VHDL Signal Declaration warning at ZigVHDL.vhd(105): used explicit default value for signal "db" because signal was never assigned a value File: C:/Users/fivan/Documents/GitHub/P8_code/Ziggurat/VHDL/ZigVHDL.vhd Line: 105
Warning (10541): VHDL Signal Declaration warning at ZigVHDL.vhd(107): used implicit default value for signal "ea" because signal was never assigned a value or an explicit default value. Use of implicit default value may introduce unintended design optimizations. File: C:/Users/fivan/Documents/GitHub/P8_code/Ziggurat/VHDL/ZigVHDL.vhd Line: 107
Warning (10541): VHDL Signal Declaration warning at ZigVHDL.vhd(108): used implicit default value for signal "eb" because signal was never assigned a value or an explicit default value. Use of implicit default value may introduce unintended design optimizations. File: C:/Users/fivan/Documents/GitHub/P8_code/Ziggurat/VHDL/ZigVHDL.vhd Line: 108
Warning (10540): VHDL Signal Declaration warning at ZigVHDL.vhd(110): used explicit default value for signal "A" because signal was never assigned a value File: C:/Users/fivan/Documents/GitHub/P8_code/Ziggurat/VHDL/ZigVHDL.vhd Line: 110
Warning (10542): VHDL Variable Declaration warning at ZigVHDL.vhd(165): used initial value expression for variable "GRAD" because variable was never assigned a value File: C:/Users/fivan/Documents/GitHub/P8_code/Ziggurat/VHDL/ZigVHDL.vhd Line: 165
Warning (10542): VHDL Variable Declaration warning at ZigVHDL.vhd(168): used initial value expression for variable "YmaxMinus1" because variable was never assigned a value File: C:/Users/fivan/Documents/GitHub/P8_code/Ziggurat/VHDL/ZigVHDL.vhd Line: 168
Warning (10542): VHDL Variable Declaration warning at ZigVHDL.vhd(169): used initial value expression for variable "YmYmminus1" because variable was never assigned a value File: C:/Users/fivan/Documents/GitHub/P8_code/Ziggurat/VHDL/ZigVHDL.vhd Line: 169
Info (12128): Elaborating entity "LFSR_33" for hierarchy "LFSR_33:c1" File: C:/Users/fivan/Documents/GitHub/P8_code/Ziggurat/VHDL/ZigVHDL.vhd Line: 140
Info (12128): Elaborating entity "d1Gen" for hierarchy "d1Gen:c2" File: C:/Users/fivan/Documents/GitHub/P8_code/Ziggurat/VHDL/ZigVHDL.vhd Line: 141
Warning (10492): VHDL Process Statement warning at d1Gen.vhd(22): signal "Iin" is read inside the Process Statement but isn't in the Process Statement's sensitivity list File: C:/Users/fivan/Documents/GitHub/P8_code/Ziggurat/VHDL/d1Gen.vhd Line: 22
Info (12128): Elaborating entity "zigLUT" for hierarchy "zigLUT:c3" File: C:/Users/fivan/Documents/GitHub/P8_code/Ziggurat/VHDL/ZigVHDL.vhd Line: 142
Info (12128): Elaborating entity "altsyncram" for hierarchy "zigLUT:c3|altsyncram:altsyncram_component" File: C:/Users/fivan/Documents/GitHub/P8_code/Ziggurat/VHDL/zigLUT.vhd Line: 67
Info (12130): Elaborated megafunction instantiation "zigLUT:c3|altsyncram:altsyncram_component" File: C:/Users/fivan/Documents/GitHub/P8_code/Ziggurat/VHDL/zigLUT.vhd Line: 67
Info (12133): Instantiated megafunction "zigLUT:c3|altsyncram:altsyncram_component" with the following parameter: File: C:/Users/fivan/Documents/GitHub/P8_code/Ziggurat/VHDL/zigLUT.vhd Line: 67
    Info (12134): Parameter "address_aclr_a" = "UNUSED"
    Info (12134): Parameter "address_aclr_b" = "NONE"
    Info (12134): Parameter "address_reg_b" = "CLOCK0"
    Info (12134): Parameter "byte_size" = "8"
    Info (12134): Parameter "byteena_aclr_a" = "UNUSED"
    Info (12134): Parameter "byteena_aclr_b" = "NONE"
    Info (12134): Parameter "byteena_reg_b" = "CLOCK1"
    Info (12134): Parameter "clock_enable_core_a" = "USE_INPUT_CLKEN"
    Info (12134): Parameter "clock_enable_core_b" = "USE_INPUT_CLKEN"
    Info (12134): Parameter "clock_enable_input_a" = "BYPASS"
    Info (12134): Parameter "clock_enable_input_b" = "BYPASS"
    Info (12134): Parameter "clock_enable_output_a" = "BYPASS"
    Info (12134): Parameter "clock_enable_output_b" = "BYPASS"
    Info (12134): Parameter "intended_device_family" = "Cyclone IV E"
    Info (12134): Parameter "ecc_pipeline_stage_enabled" = "FALSE"
    Info (12134): Parameter "enable_ecc" = "FALSE"
    Info (12134): Parameter "implement_in_les" = "OFF"
    Info (12134): Parameter "indata_aclr_a" = "UNUSED"
    Info (12134): Parameter "indata_aclr_b" = "NONE"
    Info (12134): Parameter "indata_reg_b" = "CLOCK0"
    Info (12134): Parameter "init_file" = "Ziggurat_LUT.mif"
    Info (12134): Parameter "init_file_layout" = "PORT_A"
    Info (12134): Parameter "maximum_depth" = "0"
    Info (12134): Parameter "numwords_a" = "256"
    Info (12134): Parameter "numwords_b" = "256"
    Info (12134): Parameter "operation_mode" = "BIDIR_DUAL_PORT"
    Info (12134): Parameter "outdata_aclr_a" = "NONE"
    Info (12134): Parameter "outdata_aclr_b" = "NONE"
    Info (12134): Parameter "outdata_reg_a" = "UNREGISTERED"
    Info (12134): Parameter "outdata_reg_b" = "UNREGISTERED"
    Info (12134): Parameter "power_up_uninitialized" = "FALSE"
    Info (12134): Parameter "ram_block_type" = "AUTO"
    Info (12134): Parameter "rdcontrol_aclr_b" = "NONE"
    Info (12134): Parameter "rdcontrol_reg_b" = "CLOCK1"
    Info (12134): Parameter "read_during_write_mode_mixed_ports" = "DONT_CARE"
    Info (12134): Parameter "read_during_write_mode_port_a" = "NEW_DATA_NO_NBE_READ"
    Info (12134): Parameter "read_during_write_mode_port_b" = "NEW_DATA_NO_NBE_READ"
    Info (12134): Parameter "stratixiv_m144k_allow_dual_clocks" = "ON"
    Info (12134): Parameter "width_a" = "16"
    Info (12134): Parameter "width_b" = "16"
    Info (12134): Parameter "width_byteena_a" = "1"
    Info (12134): Parameter "width_byteena_b" = "1"
    Info (12134): Parameter "width_eccstatus" = "3"
    Info (12134): Parameter "widthad_a" = "8"
    Info (12134): Parameter "widthad_b" = "8"
    Info (12134): Parameter "wrcontrol_aclr_a" = "UNUSED"
    Info (12134): Parameter "wrcontrol_aclr_b" = "NONE"
    Info (12134): Parameter "wrcontrol_wraddress_reg_b" = "CLOCK0"
    Info (12134): Parameter "lpm_hint" = "UNUSED"
    Info (12134): Parameter "lpm_type" = "altsyncram"
Info (12021): Found 1 design units, including 1 entities, in source file db/altsyncram_ujt3.tdf
    Info (12023): Found entity 1: altsyncram_ujt3 File: C:/Users/fivan/Documents/GitHub/P8_code/Ziggurat/VHDL/db/altsyncram_ujt3.tdf Line: 27
Info (12128): Elaborating entity "altsyncram_ujt3" for hierarchy "zigLUT:c3|altsyncram:altsyncram_component|altsyncram_ujt3:auto_generated" File: c:/intelfpga_lite/18.1/quartus/libraries/megafunctions/altsyncram.tdf Line: 791
Info (12128): Elaborating entity "d3Gen" for hierarchy "d3Gen:c4" File: C:/Users/fivan/Documents/GitHub/P8_code/Ziggurat/VHDL/ZigVHDL.vhd Line: 143
Warning (10492): VHDL Process Statement warning at d3Gen.vhd(22): signal "Iin" is read inside the Process Statement but isn't in the Process Statement's sensitivity list File: C:/Users/fivan/Documents/GitHub/P8_code/Ziggurat/VHDL/d3Gen.vhd Line: 22
Info (12128): Elaborating entity "d4Gen" for hierarchy "d4Gen:c5" File: C:/Users/fivan/Documents/GitHub/P8_code/Ziggurat/VHDL/ZigVHDL.vhd Line: 144
Warning (10492): VHDL Process Statement warning at d4Gen.vhd(23): signal "U1in" is read inside the Process Statement but isn't in the Process Statement's sensitivity list File: C:/Users/fivan/Documents/GitHub/P8_code/Ziggurat/VHDL/d4Gen.vhd Line: 23
Warning (10492): VHDL Process Statement warning at d4Gen.vhd(23): signal "Ain" is read inside the Process Statement but isn't in the Process Statement's sensitivity list File: C:/Users/fivan/Documents/GitHub/P8_code/Ziggurat/VHDL/d4Gen.vhd Line: 23
Info (12128): Elaborating entity "d2Gen" for hierarchy "d2Gen:c6" File: C:/Users/fivan/Documents/GitHub/P8_code/Ziggurat/VHDL/ZigVHDL.vhd Line: 145
Warning (10492): VHDL Process Statement warning at d2Gen.vhd(23): signal "Xuin" is read inside the Process Statement but isn't in the Process Statement's sensitivity list File: C:/Users/fivan/Documents/GitHub/P8_code/Ziggurat/VHDL/d2Gen.vhd Line: 23
Warning (10492): VHDL Process Statement warning at d2Gen.vhd(23): signal "Xiplusin" is read inside the Process Statement but isn't in the Process Statement's sensitivity list File: C:/Users/fivan/Documents/GitHub/P8_code/Ziggurat/VHDL/d2Gen.vhd Line: 23
Info (12128): Elaborating entity "d5Gen" for hierarchy "d5Gen:c7" File: C:/Users/fivan/Documents/GitHub/P8_code/Ziggurat/VHDL/ZigVHDL.vhd Line: 146
Warning (10492): VHDL Process Statement warning at d5Gen.vhd(23): signal "Yin" is read inside the Process Statement but isn't in the Process Statement's sensitivity list File: C:/Users/fivan/Documents/GitHub/P8_code/Ziggurat/VHDL/d5Gen.vhd Line: 23
Warning (10492): VHDL Process Statement warning at d5Gen.vhd(23): signal "Fxin" is read inside the Process Statement but isn't in the Process Statement's sensitivity list File: C:/Users/fivan/Documents/GitHub/P8_code/Ziggurat/VHDL/d5Gen.vhd Line: 23
Info (278001): Inferred 4 megafunctions from design logic
    Info (278003): Inferred multiplier megafunction ("lpm_mult") from the following logic: "Mult1" File: C:/Users/fivan/Documents/GitHub/P8_code/Ziggurat/VHDL/ZigVHDL.vhd Line: 202
    Info (278003): Inferred multiplier megafunction ("lpm_mult") from the following logic: "Mult2" File: C:/Users/fivan/Documents/GitHub/P8_code/Ziggurat/VHDL/ZigVHDL.vhd Line: 206
    Info (278003): Inferred multiplier megafunction ("lpm_mult") from the following logic: "Mult3" File: C:/Users/fivan/Documents/GitHub/P8_code/Ziggurat/VHDL/ZigVHDL.vhd Line: 208
    Info (278003): Inferred multiplier megafunction ("lpm_mult") from the following logic: "Mult0" File: C:/Users/fivan/Documents/GitHub/P8_code/Ziggurat/VHDL/ZigVHDL.vhd Line: 196
Info (12130): Elaborated megafunction instantiation "lpm_mult:Mult1" File: C:/Users/fivan/Documents/GitHub/P8_code/Ziggurat/VHDL/ZigVHDL.vhd Line: 202
Info (12133): Instantiated megafunction "lpm_mult:Mult1" with the following parameter: File: C:/Users/fivan/Documents/GitHub/P8_code/Ziggurat/VHDL/ZigVHDL.vhd Line: 202
    Info (12134): Parameter "LPM_WIDTHA" = "16"
    Info (12134): Parameter "LPM_WIDTHB" = "14"
    Info (12134): Parameter "LPM_WIDTHP" = "30"
    Info (12134): Parameter "LPM_WIDTHR" = "30"
    Info (12134): Parameter "LPM_WIDTHS" = "1"
    Info (12134): Parameter "LPM_REPRESENTATION" = "SIGNED"
    Info (12134): Parameter "INPUT_A_IS_CONSTANT" = "NO"
    Info (12134): Parameter "INPUT_B_IS_CONSTANT" = "NO"
    Info (12134): Parameter "MAXIMIZE_SPEED" = "5"
Info (12021): Found 1 design units, including 1 entities, in source file db/mult_v5t.tdf
    Info (12023): Found entity 1: mult_v5t File: C:/Users/fivan/Documents/GitHub/P8_code/Ziggurat/VHDL/db/mult_v5t.tdf Line: 28
Info (12130): Elaborated megafunction instantiation "lpm_mult:Mult2" File: C:/Users/fivan/Documents/GitHub/P8_code/Ziggurat/VHDL/ZigVHDL.vhd Line: 206
Info (12133): Instantiated megafunction "lpm_mult:Mult2" with the following parameter: File: C:/Users/fivan/Documents/GitHub/P8_code/Ziggurat/VHDL/ZigVHDL.vhd Line: 206
    Info (12134): Parameter "LPM_WIDTHA" = "14"
    Info (12134): Parameter "LPM_WIDTHB" = "14"
    Info (12134): Parameter "LPM_WIDTHP" = "28"
    Info (12134): Parameter "LPM_WIDTHR" = "28"
    Info (12134): Parameter "LPM_WIDTHS" = "1"
    Info (12134): Parameter "LPM_REPRESENTATION" = "SIGNED"
    Info (12134): Parameter "INPUT_A_IS_CONSTANT" = "NO"
    Info (12134): Parameter "INPUT_B_IS_CONSTANT" = "NO"
    Info (12134): Parameter "MAXIMIZE_SPEED" = "6"
Info (12021): Found 1 design units, including 1 entities, in source file db/mult_56t.tdf
    Info (12023): Found entity 1: mult_56t File: C:/Users/fivan/Documents/GitHub/P8_code/Ziggurat/VHDL/db/mult_56t.tdf Line: 28
Info (12130): Elaborated megafunction instantiation "lpm_mult:Mult3" File: C:/Users/fivan/Documents/GitHub/P8_code/Ziggurat/VHDL/ZigVHDL.vhd Line: 208
Info (12133): Instantiated megafunction "lpm_mult:Mult3" with the following parameter: File: C:/Users/fivan/Documents/GitHub/P8_code/Ziggurat/VHDL/ZigVHDL.vhd Line: 208
    Info (12134): Parameter "LPM_WIDTHA" = "12"
    Info (12134): Parameter "LPM_WIDTHB" = "12"
    Info (12134): Parameter "LPM_WIDTHP" = "24"
    Info (12134): Parameter "LPM_WIDTHR" = "24"
    Info (12134): Parameter "LPM_WIDTHS" = "1"
    Info (12134): Parameter "LPM_REPRESENTATION" = "SIGNED"
    Info (12134): Parameter "INPUT_A_IS_CONSTANT" = "NO"
    Info (12134): Parameter "INPUT_B_IS_CONSTANT" = "YES"
    Info (12134): Parameter "MAXIMIZE_SPEED" = "6"
Info (12131): Elaborated megafunction instantiation "lpm_mult:Mult3|multcore:mult_core", which is child of megafunction instantiation "lpm_mult:Mult3" File: c:/intelfpga_lite/18.1/quartus/libraries/megafunctions/lpm_mult.tdf Line: 308
Info (12131): Elaborated megafunction instantiation "lpm_mult:Mult3|multcore:mult_core|mpar_add:padder", which is child of megafunction instantiation "lpm_mult:Mult3" File: c:/intelfpga_lite/18.1/quartus/libraries/megafunctions/multcore.tdf Line: 228
Info (12131): Elaborated megafunction instantiation "lpm_mult:Mult3|multcore:mult_core|mpar_add:padder|lpm_add_sub:adder[0]", which is child of megafunction instantiation "lpm_mult:Mult3" File: c:/intelfpga_lite/18.1/quartus/libraries/megafunctions/mpar_add.tdf Line: 115
Info (12021): Found 1 design units, including 1 entities, in source file db/add_sub_m9h.tdf
    Info (12023): Found entity 1: add_sub_m9h File: C:/Users/fivan/Documents/GitHub/P8_code/Ziggurat/VHDL/db/add_sub_m9h.tdf Line: 22
Info (12131): Elaborated megafunction instantiation "lpm_mult:Mult3|multcore:mult_core|mpar_add:padder|mpar_add:sub_par_add", which is child of megafunction instantiation "lpm_mult:Mult3" File: c:/intelfpga_lite/18.1/quartus/libraries/megafunctions/mpar_add.tdf Line: 138
Info (12131): Elaborated megafunction instantiation "lpm_mult:Mult3|multcore:mult_core|mpar_add:padder|mpar_add:sub_par_add|lpm_add_sub:adder[0]", which is child of megafunction instantiation "lpm_mult:Mult3" File: c:/intelfpga_lite/18.1/quartus/libraries/megafunctions/mpar_add.tdf Line: 115
Info (12021): Found 1 design units, including 1 entities, in source file db/add_sub_bkh.tdf
    Info (12023): Found entity 1: add_sub_bkh File: C:/Users/fivan/Documents/GitHub/P8_code/Ziggurat/VHDL/db/add_sub_bkh.tdf Line: 22
Info (12131): Elaborated megafunction instantiation "lpm_mult:Mult3|altshift:external_latency_ffs", which is child of megafunction instantiation "lpm_mult:Mult3" File: c:/intelfpga_lite/18.1/quartus/libraries/megafunctions/lpm_mult.tdf Line: 351
Info (12130): Elaborated megafunction instantiation "lpm_mult:Mult0" File: C:/Users/fivan/Documents/GitHub/P8_code/Ziggurat/VHDL/ZigVHDL.vhd Line: 196
Info (12133): Instantiated megafunction "lpm_mult:Mult0" with the following parameter: File: C:/Users/fivan/Documents/GitHub/P8_code/Ziggurat/VHDL/ZigVHDL.vhd Line: 196
    Info (12134): Parameter "LPM_WIDTHA" = "8"
    Info (12134): Parameter "LPM_WIDTHB" = "14"
    Info (12134): Parameter "LPM_WIDTHP" = "22"
    Info (12134): Parameter "LPM_WIDTHR" = "22"
    Info (12134): Parameter "LPM_WIDTHS" = "1"
    Info (12134): Parameter "LPM_REPRESENTATION" = "SIGNED"
    Info (12134): Parameter "INPUT_A_IS_CONSTANT" = "YES"
    Info (12134): Parameter "INPUT_B_IS_CONSTANT" = "NO"
    Info (12134): Parameter "MAXIMIZE_SPEED" = "6"
Info (12131): Elaborated megafunction instantiation "lpm_mult:Mult0|multcore:mult_core", which is child of megafunction instantiation "lpm_mult:Mult0" File: c:/intelfpga_lite/18.1/quartus/libraries/megafunctions/lpm_mult.tdf Line: 308
Info (12131): Elaborated megafunction instantiation "lpm_mult:Mult0|multcore:mult_core|mpar_add:padder", which is child of megafunction instantiation "lpm_mult:Mult0" File: c:/intelfpga_lite/18.1/quartus/libraries/megafunctions/multcore.tdf Line: 228
Info (12131): Elaborated megafunction instantiation "lpm_mult:Mult0|multcore:mult_core|mpar_add:padder|lpm_add_sub:adder[1]", which is child of megafunction instantiation "lpm_mult:Mult0" File: c:/intelfpga_lite/18.1/quartus/libraries/megafunctions/mpar_add.tdf Line: 115
Info (12021): Found 1 design units, including 1 entities, in source file db/add_sub_ckh.tdf
    Info (12023): Found entity 1: add_sub_ckh File: C:/Users/fivan/Documents/GitHub/P8_code/Ziggurat/VHDL/db/add_sub_ckh.tdf Line: 22
Info (12131): Elaborated megafunction instantiation "lpm_mult:Mult0|multcore:mult_core|mpar_add:padder|lpm_add_sub:adder[0]", which is child of megafunction instantiation "lpm_mult:Mult0" File: c:/intelfpga_lite/18.1/quartus/libraries/megafunctions/mpar_add.tdf Line: 115
Info (12021): Found 1 design units, including 1 entities, in source file db/add_sub_i9h.tdf
    Info (12023): Found entity 1: add_sub_i9h File: C:/Users/fivan/Documents/GitHub/P8_code/Ziggurat/VHDL/db/add_sub_i9h.tdf Line: 22
Info (12131): Elaborated megafunction instantiation "lpm_mult:Mult0|multcore:mult_core|mpar_add:padder|mpar_add:sub_par_add", which is child of megafunction instantiation "lpm_mult:Mult0" File: c:/intelfpga_lite/18.1/quartus/libraries/megafunctions/mpar_add.tdf Line: 138
Info (12131): Elaborated megafunction instantiation "lpm_mult:Mult0|multcore:mult_core|mpar_add:padder|mpar_add:sub_par_add|lpm_add_sub:adder[0]", which is child of megafunction instantiation "lpm_mult:Mult0" File: c:/intelfpga_lite/18.1/quartus/libraries/megafunctions/mpar_add.tdf Line: 115
Info (12021): Found 1 design units, including 1 entities, in source file db/add_sub_gkh.tdf
    Info (12023): Found entity 1: add_sub_gkh File: C:/Users/fivan/Documents/GitHub/P8_code/Ziggurat/VHDL/db/add_sub_gkh.tdf Line: 22
Info (12131): Elaborated megafunction instantiation "lpm_mult:Mult0|altshift:external_latency_ffs", which is child of megafunction instantiation "lpm_mult:Mult0" File: c:/intelfpga_lite/18.1/quartus/libraries/megafunctions/lpm_mult.tdf Line: 351
Info (286030): Timing-Driven Synthesis is running
Info (16010): Generating hard_block partition "hard_block:auto_generated_inst"
    Info (16011): Adding 0 node(s), including 0 DDIO, 0 PLL, 0 transceiver and 0 LCELL
Warning (21074): Design contains 1 input pin(s) that do not drive logic
    Warning (15610): No output dependent on input pin "reset" File: C:/Users/fivan/Documents/GitHub/P8_code/Ziggurat/VHDL/ZigVHDL.vhd Line: 10
Info (21057): Implemented 412 device resources after synthesis - the final resource count might be different
    Info (21058): Implemented 3 input pins
    Info (21059): Implemented 17 output pins
    Info (21061): Implemented 372 logic cells
    Info (21064): Implemented 16 RAM segments
    Info (21062): Implemented 4 DSP elements
Info: Quartus Prime Analysis & Synthesis was successful. 0 errors, 20 warnings
    Info: Peak virtual memory: 4835 megabytes
    Info: Processing ended: Fri May 06 14:38:38 2022
    Info: Elapsed time: 00:00:28
    Info: Total CPU time (on all processors): 00:00:23


