Analysis & Synthesis report for ConstrainedWallace
Sun May 22 17:29:36 2022
Quartus Prime Version 18.1.0 Build 625 09/12/2018 SJ Lite Edition


---------------------
; Table of Contents ;
---------------------
  1. Legal Notice
  2. Analysis & Synthesis Summary
  3. Analysis & Synthesis Settings
  4. Parallel Compilation
  5. Analysis & Synthesis Source Files Read
  6. Analysis & Synthesis Resource Usage Summary
  7. Analysis & Synthesis Resource Utilization by Entity
  8. Analysis & Synthesis IP Cores Summary
  9. General Register Statistics
 10. Parameter Settings for User Entity Instance: lpm_add_sub:LPM_ADD_SUB_component
 11. Post-Synthesis Netlist Statistics for Top Partition
 12. Elapsed Time Per Partition
 13. Analysis & Synthesis Messages



----------------
; Legal Notice ;
----------------
Copyright (C) 2018  Intel Corporation. All rights reserved.
Your use of Intel Corporation's design tools, logic functions 
and other software and tools, and its AMPP partner logic 
functions, and any output files from any of the foregoing 
(including device programming or simulation files), and any 
associated documentation or information are expressly subject 
to the terms and conditions of the Intel Program License 
Subscription Agreement, the Intel Quartus Prime License Agreement,
the Intel FPGA IP License Agreement, or other applicable license
agreement, including, without limitation, that your use is for
the sole purpose of programming logic devices manufactured by
Intel and sold by Intel or its authorized distributors.  Please
refer to the applicable agreement for further details.



+----------------------------------------------------------------------------------+
; Analysis & Synthesis Summary                                                     ;
+------------------------------------+---------------------------------------------+
; Analysis & Synthesis Status        ; Successful - Sun May 22 17:29:36 2022       ;
; Quartus Prime Version              ; 18.1.0 Build 625 09/12/2018 SJ Lite Edition ;
; Revision Name                      ; ConstrainedWallace                          ;
; Top-level Entity Name              ; ALU                                         ;
; Family                             ; Cyclone IV E                                ;
; Total logic elements               ; 33                                          ;
;     Total combinational functions  ; 33                                          ;
;     Dedicated logic registers      ; 0                                           ;
; Total registers                    ; 0                                           ;
; Total pins                         ; 50                                          ;
; Total virtual pins                 ; 0                                           ;
; Total memory bits                  ; 0                                           ;
; Embedded Multiplier 9-bit elements ; 0                                           ;
; Total PLLs                         ; 0                                           ;
+------------------------------------+---------------------------------------------+


+------------------------------------------------------------------------------------------------------------+
; Analysis & Synthesis Settings                                                                              ;
+------------------------------------------------------------------+--------------------+--------------------+
; Option                                                           ; Setting            ; Default Value      ;
+------------------------------------------------------------------+--------------------+--------------------+
; Device                                                           ; EP4CE115F29C7      ;                    ;
; Top-level entity name                                            ; ALU                ; ConstrainedWallace ;
; Family name                                                      ; Cyclone IV E       ; Cyclone V          ;
; Use smart compilation                                            ; Off                ; Off                ;
; Enable parallel Assembler and Timing Analyzer during compilation ; On                 ; On                 ;
; Enable compact report table                                      ; Off                ; Off                ;
; Restructure Multiplexers                                         ; Auto               ; Auto               ;
; Create Debugging Nodes for IP Cores                              ; Off                ; Off                ;
; Preserve fewer node names                                        ; On                 ; On                 ;
; Intel FPGA IP Evaluation Mode                                    ; Enable             ; Enable             ;
; Verilog Version                                                  ; Verilog_2001       ; Verilog_2001       ;
; VHDL Version                                                     ; VHDL_1993          ; VHDL_1993          ;
; State Machine Processing                                         ; Auto               ; Auto               ;
; Safe State Machine                                               ; Off                ; Off                ;
; Extract Verilog State Machines                                   ; On                 ; On                 ;
; Extract VHDL State Machines                                      ; On                 ; On                 ;
; Ignore Verilog initial constructs                                ; Off                ; Off                ;
; Iteration limit for constant Verilog loops                       ; 5000               ; 5000               ;
; Iteration limit for non-constant Verilog loops                   ; 250                ; 250                ;
; Add Pass-Through Logic to Inferred RAMs                          ; On                 ; On                 ;
; Infer RAMs from Raw Logic                                        ; On                 ; On                 ;
; Parallel Synthesis                                               ; On                 ; On                 ;
; DSP Block Balancing                                              ; Auto               ; Auto               ;
; NOT Gate Push-Back                                               ; On                 ; On                 ;
; Power-Up Don't Care                                              ; On                 ; On                 ;
; Remove Redundant Logic Cells                                     ; Off                ; Off                ;
; Remove Duplicate Registers                                       ; On                 ; On                 ;
; Ignore CARRY Buffers                                             ; Off                ; Off                ;
; Ignore CASCADE Buffers                                           ; Off                ; Off                ;
; Ignore GLOBAL Buffers                                            ; Off                ; Off                ;
; Ignore ROW GLOBAL Buffers                                        ; Off                ; Off                ;
; Ignore LCELL Buffers                                             ; Off                ; Off                ;
; Ignore SOFT Buffers                                              ; On                 ; On                 ;
; Limit AHDL Integers to 32 Bits                                   ; Off                ; Off                ;
; Optimization Technique                                           ; Balanced           ; Balanced           ;
; Carry Chain Length                                               ; 70                 ; 70                 ;
; Auto Carry Chains                                                ; On                 ; On                 ;
; Auto Open-Drain Pins                                             ; On                 ; On                 ;
; Perform WYSIWYG Primitive Resynthesis                            ; Off                ; Off                ;
; Auto ROM Replacement                                             ; On                 ; On                 ;
; Auto RAM Replacement                                             ; On                 ; On                 ;
; Auto DSP Block Replacement                                       ; On                 ; On                 ;
; Auto Shift Register Replacement                                  ; Auto               ; Auto               ;
; Allow Shift Register Merging across Hierarchies                  ; Auto               ; Auto               ;
; Auto Clock Enable Replacement                                    ; On                 ; On                 ;
; Strict RAM Replacement                                           ; Off                ; Off                ;
; Allow Synchronous Control Signals                                ; On                 ; On                 ;
; Force Use of Synchronous Clear Signals                           ; Off                ; Off                ;
; Auto RAM Block Balancing                                         ; On                 ; On                 ;
; Auto RAM to Logic Cell Conversion                                ; Off                ; Off                ;
; Auto Resource Sharing                                            ; Off                ; Off                ;
; Allow Any RAM Size For Recognition                               ; Off                ; Off                ;
; Allow Any ROM Size For Recognition                               ; Off                ; Off                ;
; Allow Any Shift Register Size For Recognition                    ; Off                ; Off                ;
; Use LogicLock Constraints during Resource Balancing              ; On                 ; On                 ;
; Ignore translate_off and synthesis_off directives                ; Off                ; Off                ;
; Timing-Driven Synthesis                                          ; On                 ; On                 ;
; Report Parameter Settings                                        ; On                 ; On                 ;
; Report Source Assignments                                        ; On                 ; On                 ;
; Report Connectivity Checks                                       ; On                 ; On                 ;
; Ignore Maximum Fan-Out Assignments                               ; Off                ; Off                ;
; Synchronization Register Chain Length                            ; 2                  ; 2                  ;
; Power Optimization During Synthesis                              ; Normal compilation ; Normal compilation ;
; HDL message level                                                ; Level2             ; Level2             ;
; Suppress Register Optimization Related Messages                  ; Off                ; Off                ;
; Number of Removed Registers Reported in Synthesis Report         ; 5000               ; 5000               ;
; Number of Swept Nodes Reported in Synthesis Report               ; 5000               ; 5000               ;
; Number of Inverted Registers Reported in Synthesis Report        ; 100                ; 100                ;
; Clock MUX Protection                                             ; On                 ; On                 ;
; Auto Gated Clock Conversion                                      ; Off                ; Off                ;
; Block Design Naming                                              ; Auto               ; Auto               ;
; SDC constraint protection                                        ; Off                ; Off                ;
; Synthesis Effort                                                 ; Auto               ; Auto               ;
; Shift Register Replacement - Allow Asynchronous Clear Signal     ; On                 ; On                 ;
; Pre-Mapping Resynthesis Optimization                             ; Off                ; Off                ;
; Analysis & Synthesis Message Level                               ; Medium             ; Medium             ;
; Disable Register Merging Across Hierarchies                      ; Auto               ; Auto               ;
; Resource Aware Inference For Block RAM                           ; On                 ; On                 ;
+------------------------------------------------------------------+--------------------+--------------------+


+------------------------------------------+
; Parallel Compilation                     ;
+----------------------------+-------------+
; Processors                 ; Number      ;
+----------------------------+-------------+
; Number detected on machine ; 4           ;
; Maximum allowed            ; 4           ;
;                            ;             ;
; Average used               ; 1.00        ;
; Maximum used               ; 1           ;
;                            ;             ;
; Usage by Processor         ; % Time Used ;
;     Processor 1            ; 100.0%      ;
+----------------------------+-------------+


+------------------------------------------------------------------------------------------------------------------------------------------------------------------------------------+
; Analysis & Synthesis Source Files Read                                                                                                                                             ;
+----------------------------------+-----------------+------------------------------+--------------------------------------------------------------------------------------+---------+
; File Name with User-Entered Path ; Used in Netlist ; File Type                    ; File Name with Absolute Path                                                         ; Library ;
+----------------------------------+-----------------+------------------------------+--------------------------------------------------------------------------------------+---------+
; ALU.vhd                          ; yes             ; User Wizard-Generated File   ; C:/Users/morte/Documents/GitHub/P8_code/Wallace/VHDL_Constrained/ALU.vhd             ;         ;
; lpm_add_sub.tdf                  ; yes             ; Megafunction                 ; d:/programs/quartusprimelite/quartus/libraries/megafunctions/lpm_add_sub.tdf         ;         ;
; addcore.inc                      ; yes             ; Megafunction                 ; d:/programs/quartusprimelite/quartus/libraries/megafunctions/addcore.inc             ;         ;
; look_add.inc                     ; yes             ; Megafunction                 ; d:/programs/quartusprimelite/quartus/libraries/megafunctions/look_add.inc            ;         ;
; bypassff.inc                     ; yes             ; Megafunction                 ; d:/programs/quartusprimelite/quartus/libraries/megafunctions/bypassff.inc            ;         ;
; altshift.inc                     ; yes             ; Megafunction                 ; d:/programs/quartusprimelite/quartus/libraries/megafunctions/altshift.inc            ;         ;
; alt_stratix_add_sub.inc          ; yes             ; Megafunction                 ; d:/programs/quartusprimelite/quartus/libraries/megafunctions/alt_stratix_add_sub.inc ;         ;
; aglobal181.inc                   ; yes             ; Megafunction                 ; d:/programs/quartusprimelite/quartus/libraries/megafunctions/aglobal181.inc          ;         ;
; db/add_sub_3sg.tdf               ; yes             ; Auto-Generated Megafunction  ; C:/Users/morte/Documents/GitHub/P8_code/Wallace/VHDL_Constrained/db/add_sub_3sg.tdf  ;         ;
+----------------------------------+-----------------+------------------------------+--------------------------------------------------------------------------------------+---------+


+-------------------------------------------------------------+
; Analysis & Synthesis Resource Usage Summary                 ;
+---------------------------------------------+---------------+
; Resource                                    ; Usage         ;
+---------------------------------------------+---------------+
; Estimated Total logic elements              ; 33            ;
;                                             ;               ;
; Total combinational functions               ; 33            ;
; Logic element usage by number of LUT inputs ;               ;
;     -- 4 input functions                    ; 0             ;
;     -- 3 input functions                    ; 15            ;
;     -- <=2 input functions                  ; 18            ;
;                                             ;               ;
; Logic elements by mode                      ;               ;
;     -- normal mode                          ; 17            ;
;     -- arithmetic mode                      ; 16            ;
;                                             ;               ;
; Total registers                             ; 0             ;
;     -- Dedicated logic registers            ; 0             ;
;     -- I/O registers                        ; 0             ;
;                                             ;               ;
; I/O pins                                    ; 50            ;
;                                             ;               ;
; Embedded Multiplier 9-bit elements          ; 0             ;
;                                             ;               ;
; Maximum fan-out node                        ; add_sub~input ;
; Maximum fan-out                             ; 16            ;
; Total fan-out                               ; 147           ;
; Average fan-out                             ; 1.11          ;
+---------------------------------------------+---------------+


+--------------------------------------------------------------------------------------------------------------------------------------------------------------------------------------------------------------------------------------------------------------------+
; Analysis & Synthesis Resource Utilization by Entity                                                                                                                                                                                                                ;
+----------------------------------------+---------------------+---------------------------+-------------+--------------+---------+-----------+------+--------------+-------------------------------------------------------------------+-------------+--------------+
; Compilation Hierarchy Node             ; Combinational ALUTs ; Dedicated Logic Registers ; Memory Bits ; DSP Elements ; DSP 9x9 ; DSP 18x18 ; Pins ; Virtual Pins ; Full Hierarchy Name                                               ; Entity Name ; Library Name ;
+----------------------------------------+---------------------+---------------------------+-------------+--------------+---------+-----------+------+--------------+-------------------------------------------------------------------+-------------+--------------+
; |ALU                                   ; 33 (0)              ; 0 (0)                     ; 0           ; 0            ; 0       ; 0         ; 50   ; 0            ; |ALU                                                              ; ALU         ; work         ;
;    |lpm_add_sub:LPM_ADD_SUB_component| ; 33 (0)              ; 0 (0)                     ; 0           ; 0            ; 0       ; 0         ; 0    ; 0            ; |ALU|lpm_add_sub:LPM_ADD_SUB_component                            ; lpm_add_sub ; work         ;
;       |add_sub_3sg:auto_generated|     ; 33 (33)             ; 0 (0)                     ; 0           ; 0            ; 0       ; 0         ; 0    ; 0            ; |ALU|lpm_add_sub:LPM_ADD_SUB_component|add_sub_3sg:auto_generated ; add_sub_3sg ; work         ;
+----------------------------------------+---------------------+---------------------------+-------------+--------------+---------+-----------+------+--------------+-------------------------------------------------------------------+-------------+--------------+
Note: For table entries with two numbers listed, the numbers in parentheses indicate the number of resources of the given type used by the specific entity alone. The numbers listed outside of parentheses indicate the total resources of the given type used by the specific entity and all of its sub-entities in the hierarchy.


+---------------------------------------------------------------------------------------------------+
; Analysis & Synthesis IP Cores Summary                                                             ;
+--------+--------------+---------+--------------+--------------+-----------------+-----------------+
; Vendor ; IP Core Name ; Version ; Release Date ; License Type ; Entity Instance ; IP Include File ;
+--------+--------------+---------+--------------+--------------+-----------------+-----------------+
; Altera ; LPM_ADD_SUB  ; 18.1    ; N/A          ; N/A          ; |ALU            ; ALU.vhd         ;
+--------+--------------+---------+--------------+--------------+-----------------+-----------------+


+------------------------------------------------------+
; General Register Statistics                          ;
+----------------------------------------------+-------+
; Statistic                                    ; Value ;
+----------------------------------------------+-------+
; Total registers                              ; 0     ;
; Number of registers using Synchronous Clear  ; 0     ;
; Number of registers using Synchronous Load   ; 0     ;
; Number of registers using Asynchronous Clear ; 0     ;
; Number of registers using Asynchronous Load  ; 0     ;
; Number of registers using Clock Enable       ; 0     ;
; Number of registers using Preset             ; 0     ;
+----------------------------------------------+-------+


+--------------------------------------------------------------------------------+
; Parameter Settings for User Entity Instance: lpm_add_sub:LPM_ADD_SUB_component ;
+------------------------+--------------+----------------------------------------+
; Parameter Name         ; Value        ; Type                                   ;
+------------------------+--------------+----------------------------------------+
; LPM_WIDTH              ; 16           ; Signed Integer                         ;
; LPM_REPRESENTATION     ; SIGNED       ; Untyped                                ;
; LPM_DIRECTION          ; DEFAULT      ; Untyped                                ;
; ONE_INPUT_IS_CONSTANT  ; NO           ; Untyped                                ;
; LPM_PIPELINE           ; 0            ; Untyped                                ;
; MAXIMIZE_SPEED         ; 5            ; Untyped                                ;
; REGISTERED_AT_END      ; 0            ; Untyped                                ;
; OPTIMIZE_FOR_SPEED     ; 5            ; Untyped                                ;
; USE_CS_BUFFERS         ; 1            ; Untyped                                ;
; CARRY_CHAIN            ; MANUAL       ; Untyped                                ;
; CARRY_CHAIN_LENGTH     ; 48           ; CARRY_CHAIN_LENGTH                     ;
; DEVICE_FAMILY          ; Cyclone IV E ; Untyped                                ;
; USE_WYS                ; OFF          ; Untyped                                ;
; STYLE                  ; FAST         ; Untyped                                ;
; CBXI_PARAMETER         ; add_sub_3sg  ; Untyped                                ;
; AUTO_CARRY_CHAINS      ; ON           ; AUTO_CARRY                             ;
; IGNORE_CARRY_BUFFERS   ; OFF          ; IGNORE_CARRY                           ;
; AUTO_CASCADE_CHAINS    ; ON           ; AUTO_CASCADE                           ;
; IGNORE_CASCADE_BUFFERS ; OFF          ; IGNORE_CASCADE                         ;
+------------------------+--------------+----------------------------------------+
Note: In order to hide this table in the UI and the text report file, please set the "Show Parameter Settings in Synthesis Report" option in "Analysis and Synthesis Settings -> More Settings" to "Off".


+-----------------------------------------------------+
; Post-Synthesis Netlist Statistics for Top Partition ;
+-----------------------+-----------------------------+
; Type                  ; Count                       ;
+-----------------------+-----------------------------+
; boundary_port         ; 50                          ;
; cycloneiii_lcell_comb ; 33                          ;
;     arith             ; 16                          ;
;         2 data inputs ; 1                           ;
;         3 data inputs ; 15                          ;
;     normal            ; 17                          ;
;         2 data inputs ; 17                          ;
;                       ;                             ;
; Max LUT depth         ; 3.50                        ;
; Average LUT depth     ; 2.70                        ;
+-----------------------+-----------------------------+


+-------------------------------+
; Elapsed Time Per Partition    ;
+----------------+--------------+
; Partition Name ; Elapsed Time ;
+----------------+--------------+
; Top            ; 00:00:00     ;
+----------------+--------------+


+-------------------------------+
; Analysis & Synthesis Messages ;
+-------------------------------+
Info: *******************************************************************
Info: Running Quartus Prime Analysis & Synthesis
    Info: Version 18.1.0 Build 625 09/12/2018 SJ Lite Edition
    Info: Processing started: Sun May 22 17:29:23 2022
Info: Command: quartus_map --read_settings_files=on --write_settings_files=off ConstrainedWallace -c ConstrainedWallace
Warning (18236): Number of processors has not been specified which may cause overloading on shared machines.  Set the global assignment NUM_PARALLEL_PROCESSORS in your QSF to an appropriate value for best performance.
Info (20030): Parallel compilation is enabled and will use 4 of the 4 processors detected
Info (12021): Found 2 design units, including 1 entities, in source file lfsr_29.vhd
    Info (12022): Found design unit 1: LFSR_29-Behavioral File: C:/Users/morte/Documents/GitHub/P8_code/Wallace/VHDL_Constrained/LFSR_29.vhd Line: 11
    Info (12023): Found entity 1: LFSR_29 File: C:/Users/morte/Documents/GitHub/P8_code/Wallace/VHDL_Constrained/LFSR_29.vhd Line: 4
Info (12021): Found 2 design units, including 1 entities, in source file lfsr_3.vhd
    Info (12022): Found design unit 1: LFSR_3-Behavioral File: C:/Users/morte/Documents/GitHub/P8_code/Wallace/VHDL_Constrained/LFSR_3.vhd Line: 11
    Info (12023): Found entity 1: LFSR_3 File: C:/Users/morte/Documents/GitHub/P8_code/Wallace/VHDL_Constrained/LFSR_3.vhd Line: 4
Info (12021): Found 2 design units, including 1 entities, in source file constrainedwallace.vhd
    Info (12022): Found design unit 1: ConstrainedWallace-rtl File: C:/Users/morte/Documents/GitHub/P8_code/Wallace/VHDL_Constrained/ConstrainedWallace.vhd Line: 27
    Info (12023): Found entity 1: ConstrainedWallace File: C:/Users/morte/Documents/GitHub/P8_code/Wallace/VHDL_Constrained/ConstrainedWallace.vhd Line: 16
Info (12021): Found 2 design units, including 1 entities, in source file cwcontrolpath.vhd
    Info (12022): Found design unit 1: cwControlPath-rtl File: C:/Users/morte/Documents/GitHub/P8_code/Wallace/VHDL_Constrained/cwControlPath.vhd Line: 56
    Info (12023): Found entity 1: cwControlPath File: C:/Users/morte/Documents/GitHub/P8_code/Wallace/VHDL_Constrained/cwControlPath.vhd Line: 10
Info (12021): Found 2 design units, including 1 entities, in source file wcram.vhd
    Info (12022): Found design unit 1: wcram-SYN File: C:/Users/morte/Documents/GitHub/P8_code/Wallace/VHDL_Constrained/wcRAM.vhd Line: 58
    Info (12023): Found entity 1: wcRAM File: C:/Users/morte/Documents/GitHub/P8_code/Wallace/VHDL_Constrained/wcRAM.vhd Line: 42
Info (12021): Found 2 design units, including 1 entities, in source file cwcontrolpath_tb.vhd
    Info (12022): Found design unit 1: cwControlPath_tb-rtl File: C:/Users/morte/Documents/GitHub/P8_code/Wallace/VHDL_Constrained/cwControlPath_tb.vhd Line: 8
    Info (12023): Found entity 1: cwControlPath_tb File: C:/Users/morte/Documents/GitHub/P8_code/Wallace/VHDL_Constrained/cwControlPath_tb.vhd Line: 4
Info (12021): Found 2 design units, including 1 entities, in source file alu.vhd
    Info (12022): Found design unit 1: alu-SYN File: C:/Users/morte/Documents/GitHub/P8_code/Wallace/VHDL_Constrained/ALU.vhd Line: 54
    Info (12023): Found entity 1: ALU File: C:/Users/morte/Documents/GitHub/P8_code/Wallace/VHDL_Constrained/ALU.vhd Line: 42
Info (12127): Elaborating entity "ALU" for the top level hierarchy
Info (12128): Elaborating entity "lpm_add_sub" for hierarchy "lpm_add_sub:LPM_ADD_SUB_component" File: C:/Users/morte/Documents/GitHub/P8_code/Wallace/VHDL_Constrained/ALU.vhd Line: 80
Info (12130): Elaborated megafunction instantiation "lpm_add_sub:LPM_ADD_SUB_component" File: C:/Users/morte/Documents/GitHub/P8_code/Wallace/VHDL_Constrained/ALU.vhd Line: 80
Info (12133): Instantiated megafunction "lpm_add_sub:LPM_ADD_SUB_component" with the following parameter: File: C:/Users/morte/Documents/GitHub/P8_code/Wallace/VHDL_Constrained/ALU.vhd Line: 80
    Info (12134): Parameter "lpm_direction" = "UNUSED"
    Info (12134): Parameter "lpm_hint" = "ONE_INPUT_IS_CONSTANT=NO,CIN_USED=YES"
    Info (12134): Parameter "lpm_representation" = "SIGNED"
    Info (12134): Parameter "lpm_type" = "LPM_ADD_SUB"
    Info (12134): Parameter "lpm_width" = "16"
Info (12021): Found 1 design units, including 1 entities, in source file db/add_sub_3sg.tdf
    Info (12023): Found entity 1: add_sub_3sg File: C:/Users/morte/Documents/GitHub/P8_code/Wallace/VHDL_Constrained/db/add_sub_3sg.tdf Line: 22
Info (12128): Elaborating entity "add_sub_3sg" for hierarchy "lpm_add_sub:LPM_ADD_SUB_component|add_sub_3sg:auto_generated" File: d:/programs/quartusprimelite/quartus/libraries/megafunctions/lpm_add_sub.tdf Line: 118
Info (286030): Timing-Driven Synthesis is running
Info (16010): Generating hard_block partition "hard_block:auto_generated_inst"
    Info (16011): Adding 0 node(s), including 0 DDIO, 0 PLL, 0 transceiver and 0 LCELL
Info (21057): Implemented 83 device resources after synthesis - the final resource count might be different
    Info (21058): Implemented 34 input pins
    Info (21059): Implemented 16 output pins
    Info (21061): Implemented 33 logic cells
Info: Quartus Prime Analysis & Synthesis was successful. 0 errors, 1 warning
    Info: Peak virtual memory: 4793 megabytes
    Info: Processing ended: Sun May 22 17:29:36 2022
    Info: Elapsed time: 00:00:13
    Info: Total CPU time (on all processors): 00:00:24


